 ******* Program HYDRUS
 ******* Fertilization optimization                                              
 Date:   0. 0.    Time:   1:**:24
 Units: L = mm   , T = hours, M = M    

----------------------------------------------------------
 Time       [T]        0.0000
----------------------------------------------------------
 Sub-region num.                     1
----------------------------------------------------------
 Area     [L]        0.49000E+02  0.49000E+02
 W-volume [L]        0.11528E+02  0.11528E+02
 In-flow  [L/T]      0.00000E+00  0.00000E+00
 h Mean   [L]       -0.21863E+02 -0.21863E+02
 ConcVol  [M/L2] 1   0.00000E+00  0.00000E+00
 cMean    [M/L3] 1   0.00000E+00  0.00000E+00
 Top Flux [L/T]      0.58203E-01
 Bot Flux [L/T]     -0.25519E+01
----------------------------------------------------------

----------------------------------------------------------
 Time       [T]        1.0000
----------------------------------------------------------
 Sub-region num.                     1
----------------------------------------------------------
 Area     [L]        0.49000E+02  0.49000E+02
 W-volume [L]        0.11211E+02  0.11211E+02
 In-flow  [L/T]     -0.38264E+00 -0.38264E+00
 h Mean   [L]       -0.20361E+02 -0.20361E+02
 ConcVol  [M/L2] 1   0.00000E+00  0.00000E+00
 cMean    [M/L3] 1   0.00000E+00  0.00000E+00
 Top Flux [L/T]      0.13310E-01
 Bot Flux [L/T]     -0.38264E+00
 WatBalT  [L]       -0.19073E-05
 WatBalR  [%]              0.000
 CncBalT  [M]    1   0.00000E+00
----------------------------------------------------------

----------------------------------------------------------
 Time       [T]        2.0000
----------------------------------------------------------
 Sub-region num.                     1
----------------------------------------------------------
 Area     [L]        0.49000E+02  0.49000E+02
 W-volume [L]        0.10942E+02  0.10942E+02
 In-flow  [L/T]     -0.22340E+00 -0.22340E+00
 h Mean   [L]       -0.20965E+02 -0.20965E+02
 ConcVol  [M/L2] 1   0.00000E+00  0.00000E+00
 cMean    [M/L3] 1   0.00000E+00  0.00000E+00
 Top Flux [L/T]      0.37186E-02
 Bot Flux [L/T]     -0.22340E+00
 WatBalT  [L]       -0.24438E-05
 WatBalR  [%]              0.000
 CncBalT  [M]    1   0.00000E+00
----------------------------------------------------------

----------------------------------------------------------
 Time       [T]        3.0000
----------------------------------------------------------
 Sub-region num.                     1
----------------------------------------------------------
 Area     [L]        0.49000E+02  0.49000E+02
 W-volume [L]        0.10784E+02  0.10784E+02
 In-flow  [L/T]     -0.14296E+00 -0.14296E+00
 h Mean   [L]       -0.21499E+02 -0.21499E+02
 ConcVol  [M/L2] 1   0.00000E+00  0.00000E+00
 cMean    [M/L3] 1   0.00000E+00  0.00000E+00
 Top Flux [L/T]      0.17585E-02
 Bot Flux [L/T]     -0.14296E+00
 WatBalT  [L]        0.10729E-05
 WatBalR  [%]              0.000
 CncBalT  [M]    1   0.00000E+00
----------------------------------------------------------

----------------------------------------------------------
 Time       [T]        4.0000
----------------------------------------------------------
 Sub-region num.                     1
----------------------------------------------------------
 Area     [L]        0.49000E+02  0.49000E+02
 W-volume [L]        0.10679E+02  0.10679E+02
 In-flow  [L/T]     -0.95466E-01 -0.95466E-01
 h Mean   [L]       -0.21936E+02 -0.21936E+02
 ConcVol  [M/L2] 1   0.00000E+00  0.00000E+00
 cMean    [M/L3] 1   0.00000E+00  0.00000E+00
 Top Flux [L/T]      0.49984E-03
 Bot Flux [L/T]     -0.95475E-01
 WatBalT  [L]        0.52452E-05
 WatBalR  [%]              0.000
 CncBalT  [M]    1   0.00000E+00
----------------------------------------------------------

----------------------------------------------------------
 Time       [T]        5.0000
----------------------------------------------------------
 Sub-region num.                     1
----------------------------------------------------------
 Area     [L]        0.49000E+02  0.49000E+02
 W-volume [L]        0.10609E+02  0.10609E+02
 In-flow  [L/T]     -0.69999E-01 -0.69999E-01
 h Mean   [L]       -0.22263E+02 -0.22263E+02
 ConcVol  [M/L2] 1   0.00000E+00  0.00000E+00
 cMean    [M/L3] 1   0.00000E+00  0.00000E+00
 Top Flux [L/T]      0.61968E-04
 Bot Flux [L/T]     -0.69993E-01
 WatBalT  [L]       -0.10729E-05
 WatBalR  [%]              0.000
 CncBalT  [M]    1   0.00000E+00
----------------------------------------------------------

----------------------------------------------------------
 Time       [T]        6.0000
----------------------------------------------------------
 Sub-region num.                     1
----------------------------------------------------------
 Area     [L]        0.49000E+02  0.49000E+02
 W-volume [L]        0.10556E+02  0.10556E+02
 In-flow  [L/T]     -0.52540E-01 -0.52540E-01
 h Mean   [L]       -0.22540E+02 -0.22540E+02
 ConcVol  [M/L2] 1   0.00000E+00  0.00000E+00
 cMean    [M/L3] 1   0.00000E+00  0.00000E+00
 Top Flux [L/T]     -0.16869E-03
 Bot Flux [L/T]     -0.52542E-01
 WatBalT  [L]        0.42915E-05
 WatBalR  [%]              0.000
 CncBalT  [M]    1   0.00000E+00
----------------------------------------------------------
