 ******* Program HYDRUS
 ******* Fertilization optimization                                              
 Date:   0. 0.    Time:   1:**:24
 Units: L = mm   , T = hours, M = M    

 CosAlf,MaxIt,TolTh,  TolH
 1.000   10   0.001 1.00000

 TopInF,BotInF,AtmBC,SinkF,WLayer,qGWLF,FreeD,SeepF,lWat,lChem,lTemp,lRoot,lWDep
     T     F     T     T     T     F     F     T     T     T     F     F     F

Nodal point information

node      x         hOld    MatN LayN  Beta      Ah       AK      ATh     Temp    Conc(1...NS)         Sorb(1...NS)

   1      0.000      0.060    1    1   1.053    1.000    1.000    1.000   20.00  0.0000E+00
   2     -0.100      0.074    1    1   0.997    1.000    1.000    1.000   20.00  0.0000E+00
   3     -0.200      0.088    1    1   0.942    1.000    1.000    1.000   20.00  0.0000E+00
   4     -0.300      0.102    1    1   0.886    1.000    1.000    1.000   20.00  0.0000E+00
   5     -0.400      0.116    1    1   0.831    1.000    1.000    1.000   20.00  0.0000E+00
   6     -0.500      0.129    1    1   0.776    1.000    1.000    1.000   20.00  0.0000E+00
   7     -0.600      0.143    1    1   0.720    1.000    1.000    1.000   20.00  0.0000E+00
   8     -0.700      0.157    1    1   0.665    1.000    1.000    1.000   20.00  0.0000E+00
   9     -0.800      0.171    1    1   0.609    1.000    1.000    1.000   20.00  0.0000E+00
  10     -0.900      0.185    1    1   0.554    1.000    1.000    1.000   20.00  0.0000E+00
  11     -1.000      0.185    1    1   0.499    1.000    1.000    1.000   20.00  0.0000E+00
  12     -1.100      0.189    1    1   0.443    1.000    1.000    1.000   20.00  0.0000E+00
  13     -1.200      0.193    1    1   0.388    1.000    1.000    1.000   20.00  0.0000E+00
  14     -1.300      0.197    1    1   0.332    1.000    1.000    1.000   20.00  0.0000E+00
  15     -1.400      0.201    1    1   0.277    1.000    1.000    1.000   20.00  0.0000E+00
  16     -1.500      0.205    1    1   0.222    1.000    1.000    1.000   20.00  0.0000E+00
  17     -1.600      0.209    1    1   0.166    1.000    1.000    1.000   20.00  0.0000E+00
  18     -1.700      0.213    1    1   0.111    1.000    1.000    1.000   20.00  0.0000E+00
  19     -1.800      0.217    1    1   0.055    1.000    1.000    1.000   20.00  0.0000E+00
  20     -1.900      0.221    1    1   0.000    1.000    1.000    1.000   20.00  0.0000E+00
  21     -2.000      0.225    1    1   0.000    1.000    1.000    1.000   20.00  0.0000E+00
  22     -2.100      0.229    1    1   0.000    1.000    1.000    1.000   20.00  0.0000E+00
  23     -2.200      0.233    1    1   0.000    1.000    1.000    1.000   20.00  0.0000E+00
  24     -2.300      0.237    1    1   0.000    1.000    1.000    1.000   20.00  0.0000E+00
  25     -2.400      0.241    1    1   0.000    1.000    1.000    1.000   20.00  0.0000E+00
  26     -2.500      0.244    1    1   0.000    1.000    1.000    1.000   20.00  0.0000E+00
  27     -2.600      0.248    1    1   0.000    1.000    1.000    1.000   20.00  0.0000E+00
  28     -2.700      0.252    1    1   0.000    1.000    1.000    1.000   20.00  0.0000E+00
  29     -2.800      0.256    1    1   0.000    1.000    1.000    1.000   20.00  0.0000E+00
  30     -2.900      0.260    1    1   0.000    1.000    1.000    1.000   20.00  0.0000E+00
  31     -3.000      0.264    1    1   0.000    1.000    1.000    1.000   20.00  0.0000E+00
  32     -3.100      0.268    1    1   0.000    1.000    1.000    1.000   20.00  0.0000E+00
  33     -3.200      0.272    1    1   0.000    1.000    1.000    1.000   20.00  0.0000E+00
  34     -3.300      0.276    1    1   0.000    1.000    1.000    1.000   20.00  0.0000E+00
  35     -3.400      0.280    1    1   0.000    1.000    1.000    1.000   20.00  0.0000E+00
  36     -3.500      0.284    1    1   0.000    1.000    1.000    1.000   20.00  0.0000E+00
  37     -3.600      0.288    1    1   0.000    1.000    1.000    1.000   20.00  0.0000E+00
  38     -3.700      0.292    1    1   0.000    1.000    1.000    1.000   20.00  0.0000E+00
  39     -3.800      0.296    1    1   0.000    1.000    1.000    1.000   20.00  0.0000E+00
  40     -3.900      0.300    1    1   0.000    1.000    1.000    1.000   20.00  0.0000E+00
  41     -4.000      0.300    1    1   0.000    1.000    1.000    1.000   20.00  0.0000E+00
  42     -4.100      0.300    1    1   0.000    1.000    1.000    1.000   20.00  0.0000E+00
  43     -4.200      0.300    1    1   0.000    1.000    1.000    1.000   20.00  0.0000E+00
  44     -4.300      0.300    1    1   0.000    1.000    1.000    1.000   20.00  0.0000E+00
  45     -4.400      0.300    1    1   0.000    1.000    1.000    1.000   20.00  0.0000E+00
  46     -4.500      0.300    1    1   0.000    1.000    1.000    1.000   20.00  0.0000E+00
  47     -4.600      0.301    1    1   0.000    1.000    1.000    1.000   20.00  0.0000E+00
  48     -4.700      0.301    1    1   0.000    1.000    1.000    1.000   20.00  0.0000E+00
  49     -4.800      0.301    1    1   0.000    1.000    1.000    1.000   20.00  0.0000E+00
  50     -4.900      0.301    1    1   0.000    1.000    1.000    1.000   20.00  0.0000E+00
  51     -5.000      0.301    1    1   0.000    1.000    1.000    1.000   20.00  0.0000E+00
  52     -5.100      0.301    1    1   0.000    1.000    1.000    1.000   20.00  0.0000E+00
  53     -5.200      0.301    1    1   0.000    1.000    1.000    1.000   20.00  0.0000E+00
  54     -5.300      0.301    1    1   0.000    1.000    1.000    1.000   20.00  0.0000E+00
  55     -5.400      0.301    1    1   0.000    1.000    1.000    1.000   20.00  0.0000E+00
  56     -5.500      0.301    1    1   0.000    1.000    1.000    1.000   20.00  0.0000E+00
  57     -5.600      0.301    1    1   0.000    1.000    1.000    1.000   20.00  0.0000E+00
  58     -5.700      0.302    1    1   0.000    1.000    1.000    1.000   20.00  0.0000E+00
  59     -5.800      0.302    1    1   0.000    1.000    1.000    1.000   20.00  0.0000E+00
  60     -5.900      0.302    1    1   0.000    1.000    1.000    1.000   20.00  0.0000E+00
  61     -6.000      0.302    1    1   0.000    1.000    1.000    1.000   20.00  0.0000E+00
  62     -6.100      0.302    1    1   0.000    1.000    1.000    1.000   20.00  0.0000E+00
  63     -6.200      0.302    1    1   0.000    1.000    1.000    1.000   20.00  0.0000E+00
  64     -6.300      0.302    1    1   0.000    1.000    1.000    1.000   20.00  0.0000E+00
  65     -6.400      0.302    1    1   0.000    1.000    1.000    1.000   20.00  0.0000E+00
  66     -6.500      0.302    1    1   0.000    1.000    1.000    1.000   20.00  0.0000E+00
  67     -6.600      0.302    1    1   0.000    1.000    1.000    1.000   20.00  0.0000E+00
  68     -6.700      0.303    1    1   0.000    1.000    1.000    1.000   20.00  0.0000E+00
  69     -6.800      0.303    1    1   0.000    1.000    1.000    1.000   20.00  0.0000E+00
  70     -6.900      0.303    1    1   0.000    1.000    1.000    1.000   20.00  0.0000E+00
  71     -7.000      0.303    1    1   0.000    1.000    1.000    1.000   20.00  0.0000E+00
  72     -7.100      0.303    1    1   0.000    1.000    1.000    1.000   20.00  0.0000E+00
  73     -7.200      0.303    1    1   0.000    1.000    1.000    1.000   20.00  0.0000E+00
  74     -7.300      0.303    1    1   0.000    1.000    1.000    1.000   20.00  0.0000E+00
  75     -7.400      0.303    1    1   0.000    1.000    1.000    1.000   20.00  0.0000E+00
  76     -7.500      0.303    1    1   0.000    1.000    1.000    1.000   20.00  0.0000E+00
  77     -7.600      0.303    1    1   0.000    1.000    1.000    1.000   20.00  0.0000E+00
  78     -7.700      0.303    1    1   0.000    1.000    1.000    1.000   20.00  0.0000E+00
  79     -7.800      0.304    1    1   0.000    1.000    1.000    1.000   20.00  0.0000E+00
  80     -7.900      0.304    1    1   0.000    1.000    1.000    1.000   20.00  0.0000E+00
  81     -8.000      0.304    1    1   0.000    1.000    1.000    1.000   20.00  0.0000E+00
  82     -8.100      0.304    1    1   0.000    1.000    1.000    1.000   20.00  0.0000E+00
  83     -8.200      0.304    1    1   0.000    1.000    1.000    1.000   20.00  0.0000E+00
  84     -8.300      0.304    1    1   0.000    1.000    1.000    1.000   20.00  0.0000E+00
  85     -8.400      0.304    1    1   0.000    1.000    1.000    1.000   20.00  0.0000E+00
  86     -8.500      0.304    1    1   0.000    1.000    1.000    1.000   20.00  0.0000E+00
  87     -8.600      0.304    1    1   0.000    1.000    1.000    1.000   20.00  0.0000E+00
  88     -8.700      0.304    1    1   0.000    1.000    1.000    1.000   20.00  0.0000E+00
  89     -8.800      0.304    1    1   0.000    1.000    1.000    1.000   20.00  0.0000E+00
  90     -8.900      0.305    1    1   0.000    1.000    1.000    1.000   20.00  0.0000E+00
  91     -9.000      0.305    1    1   0.000    1.000    1.000    1.000   20.00  0.0000E+00
  92     -9.100      0.305    1    1   0.000    1.000    1.000    1.000   20.00  0.0000E+00
  93     -9.200      0.305    1    1   0.000    1.000    1.000    1.000   20.00  0.0000E+00
  94     -9.300      0.305    1    1   0.000    1.000    1.000    1.000   20.00  0.0000E+00
  95     -9.400      0.305    1    1   0.000    1.000    1.000    1.000   20.00  0.0000E+00
  96     -9.500      0.305    1    1   0.000    1.000    1.000    1.000   20.00  0.0000E+00
  97     -9.600      0.305    1    1   0.000    1.000    1.000    1.000   20.00  0.0000E+00
  98     -9.700      0.305    1    1   0.000    1.000    1.000    1.000   20.00  0.0000E+00
  99     -9.800      0.305    1    1   0.000    1.000    1.000    1.000   20.00  0.0000E+00
 100     -9.900      0.306    1    1   0.000    1.000    1.000    1.000   20.00  0.0000E+00
 101    -10.000      0.306    1    1   0.000    1.000    1.000    1.000   20.00  0.0000E+00
 102    -10.100      0.306    1    1   0.000    1.000    1.000    1.000   20.00  0.0000E+00
 103    -10.200      0.306    1    1   0.000    1.000    1.000    1.000   20.00  0.0000E+00
 104    -10.300      0.306    1    1   0.000    1.000    1.000    1.000   20.00  0.0000E+00
 105    -10.400      0.306    1    1   0.000    1.000    1.000    1.000   20.00  0.0000E+00
 106    -10.500      0.306    1    1   0.000    1.000    1.000    1.000   20.00  0.0000E+00
 107    -10.600      0.306    1    1   0.000    1.000    1.000    1.000   20.00  0.0000E+00
 108    -10.700      0.306    1    1   0.000    1.000    1.000    1.000   20.00  0.0000E+00
 109    -10.800      0.306    1    1   0.000    1.000    1.000    1.000   20.00  0.0000E+00
 110    -10.900      0.306    1    1   0.000    1.000    1.000    1.000   20.00  0.0000E+00
 111    -11.000      0.307    1    1   0.000    1.000    1.000    1.000   20.00  0.0000E+00
 112    -11.100      0.307    1    1   0.000    1.000    1.000    1.000   20.00  0.0000E+00
 113    -11.200      0.307    1    1   0.000    1.000    1.000    1.000   20.00  0.0000E+00
 114    -11.300      0.307    1    1   0.000    1.000    1.000    1.000   20.00  0.0000E+00
 115    -11.400      0.307    1    1   0.000    1.000    1.000    1.000   20.00  0.0000E+00
 116    -11.500      0.307    1    1   0.000    1.000    1.000    1.000   20.00  0.0000E+00
 117    -11.600      0.307    1    1   0.000    1.000    1.000    1.000   20.00  0.0000E+00
 118    -11.700      0.307    1    1   0.000    1.000    1.000    1.000   20.00  0.0000E+00
 119    -11.800      0.307    1    1   0.000    1.000    1.000    1.000   20.00  0.0000E+00
 120    -11.900      0.307    1    1   0.000    1.000    1.000    1.000   20.00  0.0000E+00
 121    -12.000      0.307    1    1   0.000    1.000    1.000    1.000   20.00  0.0000E+00
 122    -12.100      0.308    1    1   0.000    1.000    1.000    1.000   20.00  0.0000E+00
 123    -12.200      0.308    1    1   0.000    1.000    1.000    1.000   20.00  0.0000E+00
 124    -12.300      0.308    1    1   0.000    1.000    1.000    1.000   20.00  0.0000E+00
 125    -12.400      0.308    1    1   0.000    1.000    1.000    1.000   20.00  0.0000E+00
 126    -12.500      0.308    1    1   0.000    1.000    1.000    1.000   20.00  0.0000E+00
 127    -12.600      0.308    1    1   0.000    1.000    1.000    1.000   20.00  0.0000E+00
 128    -12.700      0.308    1    1   0.000    1.000    1.000    1.000   20.00  0.0000E+00
 129    -12.800      0.308    1    1   0.000    1.000    1.000    1.000   20.00  0.0000E+00
 130    -12.900      0.308    1    1   0.000    1.000    1.000    1.000   20.00  0.0000E+00
 131    -13.000      0.308    1    1   0.000    1.000    1.000    1.000   20.00  0.0000E+00
 132    -13.100      0.308    1    1   0.000    1.000    1.000    1.000   20.00  0.0000E+00
 133    -13.200      0.309    1    1   0.000    1.000    1.000    1.000   20.00  0.0000E+00
 134    -13.300      0.309    1    1   0.000    1.000    1.000    1.000   20.00  0.0000E+00
 135    -13.400      0.309    1    1   0.000    1.000    1.000    1.000   20.00  0.0000E+00
 136    -13.500      0.309    1    1   0.000    1.000    1.000    1.000   20.00  0.0000E+00
 137    -13.600      0.309    1    1   0.000    1.000    1.000    1.000   20.00  0.0000E+00
 138    -13.700      0.309    1    1   0.000    1.000    1.000    1.000   20.00  0.0000E+00
 139    -13.800      0.309    1    1   0.000    1.000    1.000    1.000   20.00  0.0000E+00
 140    -13.900      0.309    1    1   0.000    1.000    1.000    1.000   20.00  0.0000E+00
 141    -14.000      0.309    1    1   0.000    1.000    1.000    1.000   20.00  0.0000E+00
 142    -14.100      0.309    1    1   0.000    1.000    1.000    1.000   20.00  0.0000E+00
 143    -14.200      0.310    1    1   0.000    1.000    1.000    1.000   20.00  0.0000E+00
 144    -14.300      0.310    1    1   0.000    1.000    1.000    1.000   20.00  0.0000E+00
 145    -14.400      0.310    1    1   0.000    1.000    1.000    1.000   20.00  0.0000E+00
 146    -14.500      0.310    1    1   0.000    1.000    1.000    1.000   20.00  0.0000E+00
 147    -14.600      0.310    1    1   0.000    1.000    1.000    1.000   20.00  0.0000E+00
 148    -14.700      0.310    1    1   0.000    1.000    1.000    1.000   20.00  0.0000E+00
 149    -14.800      0.310    1    1   0.000    1.000    1.000    1.000   20.00  0.0000E+00
 150    -14.900      0.310    1    1   0.000    1.000    1.000    1.000   20.00  0.0000E+00
 151    -15.000      0.310    1    1   0.000    1.000    1.000    1.000   20.00  0.0000E+00
 152    -15.100      0.310    1    1   0.000    1.000    1.000    1.000   20.00  0.0000E+00
 153    -15.200      0.310    1    1   0.000    1.000    1.000    1.000   20.00  0.0000E+00
 154    -15.300      0.311    1    1   0.000    1.000    1.000    1.000   20.00  0.0000E+00
 155    -15.400      0.311    1    1   0.000    1.000    1.000    1.000   20.00  0.0000E+00
 156    -15.500      0.311    1    1   0.000    1.000    1.000    1.000   20.00  0.0000E+00
 157    -15.600      0.311    1    1   0.000    1.000    1.000    1.000   20.00  0.0000E+00
 158    -15.700      0.311    1    1   0.000    1.000    1.000    1.000   20.00  0.0000E+00
 159    -15.800      0.311    1    1   0.000    1.000    1.000    1.000   20.00  0.0000E+00
 160    -15.900      0.311    1    1   0.000    1.000    1.000    1.000   20.00  0.0000E+00
 161    -16.000      0.311    1    1   0.000    1.000    1.000    1.000   20.00  0.0000E+00
 162    -16.100      0.311    1    1   0.000    1.000    1.000    1.000   20.00  0.0000E+00
 163    -16.200      0.311    1    1   0.000    1.000    1.000    1.000   20.00  0.0000E+00
 164    -16.300      0.311    1    1   0.000    1.000    1.000    1.000   20.00  0.0000E+00
 165    -16.400      0.312    1    1   0.000    1.000    1.000    1.000   20.00  0.0000E+00
 166    -16.500      0.312    1    1   0.000    1.000    1.000    1.000   20.00  0.0000E+00
 167    -16.600      0.312    1    1   0.000    1.000    1.000    1.000   20.00  0.0000E+00
 168    -16.700      0.312    1    1   0.000    1.000    1.000    1.000   20.00  0.0000E+00
 169    -16.800      0.312    1    1   0.000    1.000    1.000    1.000   20.00  0.0000E+00
 170    -16.900      0.312    1    1   0.000    1.000    1.000    1.000   20.00  0.0000E+00
 171    -17.000      0.312    1    1   0.000    1.000    1.000    1.000   20.00  0.0000E+00
 172    -17.100      0.312    1    1   0.000    1.000    1.000    1.000   20.00  0.0000E+00
 173    -17.200      0.312    1    1   0.000    1.000    1.000    1.000   20.00  0.0000E+00
 174    -17.300      0.312    1    1   0.000    1.000    1.000    1.000   20.00  0.0000E+00
 175    -17.400      0.313    1    1   0.000    1.000    1.000    1.000   20.00  0.0000E+00
 176    -17.500      0.313    1    1   0.000    1.000    1.000    1.000   20.00  0.0000E+00
 177    -17.600      0.313    1    1   0.000    1.000    1.000    1.000   20.00  0.0000E+00
 178    -17.700      0.313    1    1   0.000    1.000    1.000    1.000   20.00  0.0000E+00
 179    -17.800      0.313    1    1   0.000    1.000    1.000    1.000   20.00  0.0000E+00
 180    -17.900      0.313    1    1   0.000    1.000    1.000    1.000   20.00  0.0000E+00
 181    -18.000      0.313    1    1   0.000    1.000    1.000    1.000   20.00  0.0000E+00
 182    -18.100      0.313    1    1   0.000    1.000    1.000    1.000   20.00  0.0000E+00
 183    -18.200      0.313    1    1   0.000    1.000    1.000    1.000   20.00  0.0000E+00
 184    -18.300      0.313    1    1   0.000    1.000    1.000    1.000   20.00  0.0000E+00
 185    -18.400      0.313    1    1   0.000    1.000    1.000    1.000   20.00  0.0000E+00
 186    -18.500      0.314    1    1   0.000    1.000    1.000    1.000   20.00  0.0000E+00
 187    -18.600      0.314    1    1   0.000    1.000    1.000    1.000   20.00  0.0000E+00
 188    -18.700      0.314    1    1   0.000    1.000    1.000    1.000   20.00  0.0000E+00
 189    -18.800      0.314    1    1   0.000    1.000    1.000    1.000   20.00  0.0000E+00
 190    -18.900      0.314    1    1   0.000    1.000    1.000    1.000   20.00  0.0000E+00
 191    -19.000      0.314    1    1   0.000    1.000    1.000    1.000   20.00  0.0000E+00
 192    -19.100      0.314    1    1   0.000    1.000    1.000    1.000   20.00  0.0000E+00
 193    -19.200      0.314    1    1   0.000    1.000    1.000    1.000   20.00  0.0000E+00
 194    -19.300      0.314    1    1   0.000    1.000    1.000    1.000   20.00  0.0000E+00
 195    -19.400      0.314    1    1   0.000    1.000    1.000    1.000   20.00  0.0000E+00
 196    -19.500      0.314    1    1   0.000    1.000    1.000    1.000   20.00  0.0000E+00
 197    -19.600      0.315    1    1   0.000    1.000    1.000    1.000   20.00  0.0000E+00
 198    -19.700      0.315    1    1   0.000    1.000    1.000    1.000   20.00  0.0000E+00
 199    -19.800      0.315    1    1   0.000    1.000    1.000    1.000   20.00  0.0000E+00
 200    -19.900      0.315    1    1   0.000    1.000    1.000    1.000   20.00  0.0000E+00
 201    -20.000      0.315    1    1   0.000    1.000    1.000    1.000   20.00  0.0000E+00
 202    -20.100      0.315    1    1   0.000    1.000    1.000    1.000   20.00  0.0000E+00
 203    -20.200      0.315    1    1   0.000    1.000    1.000    1.000   20.00  0.0000E+00
 204    -20.300      0.315    1    1   0.000    1.000    1.000    1.000   20.00  0.0000E+00
 205    -20.400      0.315    1    1   0.000    1.000    1.000    1.000   20.00  0.0000E+00
 206    -20.500      0.315    1    1   0.000    1.000    1.000    1.000   20.00  0.0000E+00
 207    -20.600      0.315    1    1   0.000    1.000    1.000    1.000   20.00  0.0000E+00
 208    -20.700      0.316    1    1   0.000    1.000    1.000    1.000   20.00  0.0000E+00
 209    -20.800      0.316    1    1   0.000    1.000    1.000    1.000   20.00  0.0000E+00
 210    -20.900      0.316    1    1   0.000    1.000    1.000    1.000   20.00  0.0000E+00
 211    -21.000      0.316    1    1   0.000    1.000    1.000    1.000   20.00  0.0000E+00
 212    -21.100      0.316    1    1   0.000    1.000    1.000    1.000   20.00  0.0000E+00
 213    -21.200      0.316    1    1   0.000    1.000    1.000    1.000   20.00  0.0000E+00
 214    -21.300      0.316    1    1   0.000    1.000    1.000    1.000   20.00  0.0000E+00
 215    -21.400      0.316    1    1   0.000    1.000    1.000    1.000   20.00  0.0000E+00
 216    -21.500      0.316    1    1   0.000    1.000    1.000    1.000   20.00  0.0000E+00
 217    -21.600      0.316    1    1   0.000    1.000    1.000    1.000   20.00  0.0000E+00
 218    -21.700      0.317    1    1   0.000    1.000    1.000    1.000   20.00  0.0000E+00
 219    -21.800      0.317    1    1   0.000    1.000    1.000    1.000   20.00  0.0000E+00
 220    -21.900      0.317    1    1   0.000    1.000    1.000    1.000   20.00  0.0000E+00
 221    -22.000      0.317    1    1   0.000    1.000    1.000    1.000   20.00  0.0000E+00
 222    -22.100      0.317    1    1   0.000    1.000    1.000    1.000   20.00  0.0000E+00
 223    -22.200      0.317    1    1   0.000    1.000    1.000    1.000   20.00  0.0000E+00
 224    -22.300      0.317    1    1   0.000    1.000    1.000    1.000   20.00  0.0000E+00
 225    -22.400      0.317    1    1   0.000    1.000    1.000    1.000   20.00  0.0000E+00
 226    -22.500      0.317    1    1   0.000    1.000    1.000    1.000   20.00  0.0000E+00
 227    -22.600      0.317    1    1   0.000    1.000    1.000    1.000   20.00  0.0000E+00
 228    -22.700      0.317    1    1   0.000    1.000    1.000    1.000   20.00  0.0000E+00
 229    -22.800      0.318    1    1   0.000    1.000    1.000    1.000   20.00  0.0000E+00
 230    -22.900      0.318    1    1   0.000    1.000    1.000    1.000   20.00  0.0000E+00
 231    -23.000      0.318    1    1   0.000    1.000    1.000    1.000   20.00  0.0000E+00
 232    -23.100      0.318    1    1   0.000    1.000    1.000    1.000   20.00  0.0000E+00
 233    -23.200      0.318    1    1   0.000    1.000    1.000    1.000   20.00  0.0000E+00
 234    -23.300      0.318    1    1   0.000    1.000    1.000    1.000   20.00  0.0000E+00
 235    -23.400      0.318    1    1   0.000    1.000    1.000    1.000   20.00  0.0000E+00
 236    -23.500      0.318    1    1   0.000    1.000    1.000    1.000   20.00  0.0000E+00
 237    -23.600      0.318    1    1   0.000    1.000    1.000    1.000   20.00  0.0000E+00
 238    -23.700      0.318    1    1   0.000    1.000    1.000    1.000   20.00  0.0000E+00
 239    -23.800      0.318    1    1   0.000    1.000    1.000    1.000   20.00  0.0000E+00
 240    -23.900      0.319    1    1   0.000    1.000    1.000    1.000   20.00  0.0000E+00
 241    -24.000      0.319    1    1   0.000    1.000    1.000    1.000   20.00  0.0000E+00
 242    -24.100      0.319    1    1   0.000    1.000    1.000    1.000   20.00  0.0000E+00
 243    -24.200      0.319    1    1   0.000    1.000    1.000    1.000   20.00  0.0000E+00
 244    -24.300      0.319    1    1   0.000    1.000    1.000    1.000   20.00  0.0000E+00
 245    -24.400      0.319    1    1   0.000    1.000    1.000    1.000   20.00  0.0000E+00
 246    -24.500      0.319    1    1   0.000    1.000    1.000    1.000   20.00  0.0000E+00
 247    -24.600      0.319    1    1   0.000    1.000    1.000    1.000   20.00  0.0000E+00
 248    -24.700      0.319    1    1   0.000    1.000    1.000    1.000   20.00  0.0000E+00
 249    -24.800      0.319    1    1   0.000    1.000    1.000    1.000   20.00  0.0000E+00
 250    -24.900      0.320    1    1   0.000    1.000    1.000    1.000   20.00  0.0000E+00
 251    -25.000      0.320    1    1   0.000    1.000    1.000    1.000   20.00  0.0000E+00
 252    -25.100      0.320    1    1   0.000    1.000    1.000    1.000   20.00  0.0000E+00
 253    -25.200      0.320    1    1   0.000    1.000    1.000    1.000   20.00  0.0000E+00
 254    -25.300      0.320    1    1   0.000    1.000    1.000    1.000   20.00  0.0000E+00
 255    -25.400      0.320    1    1   0.000    1.000    1.000    1.000   20.00  0.0000E+00
 256    -25.500      0.320    1    1   0.000    1.000    1.000    1.000   20.00  0.0000E+00
 257    -25.600      0.320    1    1   0.000    1.000    1.000    1.000   20.00  0.0000E+00
 258    -25.700      0.320    1    1   0.000    1.000    1.000    1.000   20.00  0.0000E+00
 259    -25.800      0.320    1    1   0.000    1.000    1.000    1.000   20.00  0.0000E+00
 260    -25.900      0.320    1    1   0.000    1.000    1.000    1.000   20.00  0.0000E+00
 261    -26.000      0.321    1    1   0.000    1.000    1.000    1.000   20.00  0.0000E+00
 262    -26.100      0.321    1    1   0.000    1.000    1.000    1.000   20.00  0.0000E+00
 263    -26.200      0.321    1    1   0.000    1.000    1.000    1.000   20.00  0.0000E+00
 264    -26.300      0.321    1    1   0.000    1.000    1.000    1.000   20.00  0.0000E+00
 265    -26.400      0.321    1    1   0.000    1.000    1.000    1.000   20.00  0.0000E+00
 266    -26.500      0.321    1    1   0.000    1.000    1.000    1.000   20.00  0.0000E+00
 267    -26.600      0.321    1    1   0.000    1.000    1.000    1.000   20.00  0.0000E+00
 268    -26.700      0.321    1    1   0.000    1.000    1.000    1.000   20.00  0.0000E+00
 269    -26.800      0.321    1    1   0.000    1.000    1.000    1.000   20.00  0.0000E+00
 270    -26.900      0.321    1    1   0.000    1.000    1.000    1.000   20.00  0.0000E+00
 271    -27.000      0.321    1    1   0.000    1.000    1.000    1.000   20.00  0.0000E+00
 272    -27.100      0.322    1    1   0.000    1.000    1.000    1.000   20.00  0.0000E+00
 273    -27.200      0.322    1    1   0.000    1.000    1.000    1.000   20.00  0.0000E+00
 274    -27.300      0.322    1    1   0.000    1.000    1.000    1.000   20.00  0.0000E+00
 275    -27.400      0.322    1    1   0.000    1.000    1.000    1.000   20.00  0.0000E+00
 276    -27.500      0.322    1    1   0.000    1.000    1.000    1.000   20.00  0.0000E+00
 277    -27.600      0.322    1    1   0.000    1.000    1.000    1.000   20.00  0.0000E+00
 278    -27.700      0.322    1    1   0.000    1.000    1.000    1.000   20.00  0.0000E+00
 279    -27.800      0.322    1    1   0.000    1.000    1.000    1.000   20.00  0.0000E+00
 280    -27.900      0.322    1    1   0.000    1.000    1.000    1.000   20.00  0.0000E+00
 281    -28.000      0.322    1    1   0.000    1.000    1.000    1.000   20.00  0.0000E+00
 282    -28.100      0.322    1    1   0.000    1.000    1.000    1.000   20.00  0.0000E+00
 283    -28.200      0.323    1    1   0.000    1.000    1.000    1.000   20.00  0.0000E+00
 284    -28.300      0.323    1    1   0.000    1.000    1.000    1.000   20.00  0.0000E+00
 285    -28.400      0.323    1    1   0.000    1.000    1.000    1.000   20.00  0.0000E+00
 286    -28.500      0.323    1    1   0.000    1.000    1.000    1.000   20.00  0.0000E+00
 287    -28.600      0.323    1    1   0.000    1.000    1.000    1.000   20.00  0.0000E+00
 288    -28.700      0.323    1    1   0.000    1.000    1.000    1.000   20.00  0.0000E+00
 289    -28.800      0.323    1    1   0.000    1.000    1.000    1.000   20.00  0.0000E+00
 290    -28.900      0.323    1    1   0.000    1.000    1.000    1.000   20.00  0.0000E+00
 291    -29.000      0.323    1    1   0.000    1.000    1.000    1.000   20.00  0.0000E+00
 292    -29.100      0.323    1    1   0.000    1.000    1.000    1.000   20.00  0.0000E+00
 293    -29.200      0.324    1    1   0.000    1.000    1.000    1.000   20.00  0.0000E+00
 294    -29.300      0.324    1    1   0.000    1.000    1.000    1.000   20.00  0.0000E+00
 295    -29.400      0.324    1    1   0.000    1.000    1.000    1.000   20.00  0.0000E+00
 296    -29.500      0.324    1    1   0.000    1.000    1.000    1.000   20.00  0.0000E+00
 297    -29.600      0.324    1    1   0.000    1.000    1.000    1.000   20.00  0.0000E+00
 298    -29.700      0.324    1    1   0.000    1.000    1.000    1.000   20.00  0.0000E+00
 299    -29.800      0.324    1    1   0.000    1.000    1.000    1.000   20.00  0.0000E+00
 300    -29.900      0.324    1    1   0.000    1.000    1.000    1.000   20.00  0.0000E+00
 301    -30.000      0.324    1    1   0.000    1.000    1.000    1.000   20.00  0.0000E+00
 302    -30.100      0.324    1    1   0.000    1.000    1.000    1.000   20.00  0.0000E+00
 303    -30.200      0.324    1    1   0.000    1.000    1.000    1.000   20.00  0.0000E+00
 304    -30.300      0.325    1    1   0.000    1.000    1.000    1.000   20.00  0.0000E+00
 305    -30.400      0.325    1    1   0.000    1.000    1.000    1.000   20.00  0.0000E+00
 306    -30.500      0.325    1    1   0.000    1.000    1.000    1.000   20.00  0.0000E+00
 307    -30.600      0.325    1    1   0.000    1.000    1.000    1.000   20.00  0.0000E+00
 308    -30.700      0.325    1    1   0.000    1.000    1.000    1.000   20.00  0.0000E+00
 309    -30.800      0.325    1    1   0.000    1.000    1.000    1.000   20.00  0.0000E+00
 310    -30.900      0.325    1    1   0.000    1.000    1.000    1.000   20.00  0.0000E+00
 311    -31.000      0.325    1    1   0.000    1.000    1.000    1.000   20.00  0.0000E+00
 312    -31.100      0.325    1    1   0.000    1.000    1.000    1.000   20.00  0.0000E+00
 313    -31.200      0.325    1    1   0.000    1.000    1.000    1.000   20.00  0.0000E+00
 314    -31.300      0.325    1    1   0.000    1.000    1.000    1.000   20.00  0.0000E+00
 315    -31.400      0.326    1    1   0.000    1.000    1.000    1.000   20.00  0.0000E+00
 316    -31.500      0.326    1    1   0.000    1.000    1.000    1.000   20.00  0.0000E+00
 317    -31.600      0.326    1    1   0.000    1.000    1.000    1.000   20.00  0.0000E+00
 318    -31.700      0.326    1    1   0.000    1.000    1.000    1.000   20.00  0.0000E+00
 319    -31.800      0.326    1    1   0.000    1.000    1.000    1.000   20.00  0.0000E+00
 320    -31.900      0.326    1    1   0.000    1.000    1.000    1.000   20.00  0.0000E+00
 321    -32.000      0.326    1    1   0.000    1.000    1.000    1.000   20.00  0.0000E+00
 322    -32.100      0.326    1    1   0.000    1.000    1.000    1.000   20.00  0.0000E+00
 323    -32.200      0.326    1    1   0.000    1.000    1.000    1.000   20.00  0.0000E+00
 324    -32.300      0.326    1    1   0.000    1.000    1.000    1.000   20.00  0.0000E+00
 325    -32.400      0.327    1    1   0.000    1.000    1.000    1.000   20.00  0.0000E+00
 326    -32.500      0.327    1    1   0.000    1.000    1.000    1.000   20.00  0.0000E+00
 327    -32.600      0.327    1    1   0.000    1.000    1.000    1.000   20.00  0.0000E+00
 328    -32.700      0.327    1    1   0.000    1.000    1.000    1.000   20.00  0.0000E+00
 329    -32.800      0.327    1    1   0.000    1.000    1.000    1.000   20.00  0.0000E+00
 330    -32.900      0.327    1    1   0.000    1.000    1.000    1.000   20.00  0.0000E+00
 331    -33.000      0.327    1    1   0.000    1.000    1.000    1.000   20.00  0.0000E+00
 332    -33.100      0.327    1    1   0.000    1.000    1.000    1.000   20.00  0.0000E+00
 333    -33.200      0.327    1    1   0.000    1.000    1.000    1.000   20.00  0.0000E+00
 334    -33.300      0.327    1    1   0.000    1.000    1.000    1.000   20.00  0.0000E+00
 335    -33.400      0.327    1    1   0.000    1.000    1.000    1.000   20.00  0.0000E+00
 336    -33.500      0.328    1    1   0.000    1.000    1.000    1.000   20.00  0.0000E+00
 337    -33.600      0.328    1    1   0.000    1.000    1.000    1.000   20.00  0.0000E+00
 338    -33.700      0.328    1    1   0.000    1.000    1.000    1.000   20.00  0.0000E+00
 339    -33.800      0.328    1    1   0.000    1.000    1.000    1.000   20.00  0.0000E+00
 340    -33.900      0.328    1    1   0.000    1.000    1.000    1.000   20.00  0.0000E+00
 341    -34.000      0.328    1    1   0.000    1.000    1.000    1.000   20.00  0.0000E+00
 342    -34.100      0.328    1    1   0.000    1.000    1.000    1.000   20.00  0.0000E+00
 343    -34.200      0.328    1    1   0.000    1.000    1.000    1.000   20.00  0.0000E+00
 344    -34.300      0.328    1    1   0.000    1.000    1.000    1.000   20.00  0.0000E+00
 345    -34.400      0.328    1    1   0.000    1.000    1.000    1.000   20.00  0.0000E+00
 346    -34.500      0.328    1    1   0.000    1.000    1.000    1.000   20.00  0.0000E+00
 347    -34.600      0.329    1    1   0.000    1.000    1.000    1.000   20.00  0.0000E+00
 348    -34.700      0.329    1    1   0.000    1.000    1.000    1.000   20.00  0.0000E+00
 349    -34.800      0.329    1    1   0.000    1.000    1.000    1.000   20.00  0.0000E+00
 350    -34.900      0.329    1    1   0.000    1.000    1.000    1.000   20.00  0.0000E+00
 351    -35.000      0.329    1    1   0.000    1.000    1.000    1.000   20.00  0.0000E+00
 352    -35.100      0.329    1    1   0.000    1.000    1.000    1.000   20.00  0.0000E+00
 353    -35.200      0.329    1    1   0.000    1.000    1.000    1.000   20.00  0.0000E+00
 354    -35.300      0.329    1    1   0.000    1.000    1.000    1.000   20.00  0.0000E+00
 355    -35.400      0.329    1    1   0.000    1.000    1.000    1.000   20.00  0.0000E+00
 356    -35.500      0.329    1    1   0.000    1.000    1.000    1.000   20.00  0.0000E+00
 357    -35.600      0.329    1    1   0.000    1.000    1.000    1.000   20.00  0.0000E+00
 358    -35.700      0.330    1    1   0.000    1.000    1.000    1.000   20.00  0.0000E+00
 359    -35.800      0.330    1    1   0.000    1.000    1.000    1.000   20.00  0.0000E+00
 360    -35.900      0.330    1    1   0.000    1.000    1.000    1.000   20.00  0.0000E+00
 361    -36.000      0.330    1    1   0.000    1.000    1.000    1.000   20.00  0.0000E+00
 362    -36.100      0.330    1    1   0.000    1.000    1.000    1.000   20.00  0.0000E+00
 363    -36.200      0.330    1    1   0.000    1.000    1.000    1.000   20.00  0.0000E+00
 364    -36.300      0.330    1    1   0.000    1.000    1.000    1.000   20.00  0.0000E+00
 365    -36.400      0.330    1    1   0.000    1.000    1.000    1.000   20.00  0.0000E+00
 366    -36.500      0.330    1    1   0.000    1.000    1.000    1.000   20.00  0.0000E+00
 367    -36.600      0.330    1    1   0.000    1.000    1.000    1.000   20.00  0.0000E+00
 368    -36.700      0.331    1    1   0.000    1.000    1.000    1.000   20.00  0.0000E+00
 369    -36.800      0.331    1    1   0.000    1.000    1.000    1.000   20.00  0.0000E+00
 370    -36.900      0.331    1    1   0.000    1.000    1.000    1.000   20.00  0.0000E+00
 371    -37.000      0.331    1    1   0.000    1.000    1.000    1.000   20.00  0.0000E+00
 372    -37.100      0.331    1    1   0.000    1.000    1.000    1.000   20.00  0.0000E+00
 373    -37.200      0.331    1    1   0.000    1.000    1.000    1.000   20.00  0.0000E+00
 374    -37.300      0.331    1    1   0.000    1.000    1.000    1.000   20.00  0.0000E+00
 375    -37.400      0.331    1    1   0.000    1.000    1.000    1.000   20.00  0.0000E+00
 376    -37.500      0.331    1    1   0.000    1.000    1.000    1.000   20.00  0.0000E+00
 377    -37.600      0.331    1    1   0.000    1.000    1.000    1.000   20.00  0.0000E+00
 378    -37.700      0.331    1    1   0.000    1.000    1.000    1.000   20.00  0.0000E+00
 379    -37.800      0.332    1    1   0.000    1.000    1.000    1.000   20.00  0.0000E+00
 380    -37.900      0.332    1    1   0.000    1.000    1.000    1.000   20.00  0.0000E+00
 381    -38.000      0.332    1    1   0.000    1.000    1.000    1.000   20.00  0.0000E+00
 382    -38.100      0.332    1    1   0.000    1.000    1.000    1.000   20.00  0.0000E+00
 383    -38.200      0.332    1    1   0.000    1.000    1.000    1.000   20.00  0.0000E+00
 384    -38.300      0.332    1    1   0.000    1.000    1.000    1.000   20.00  0.0000E+00
 385    -38.400      0.332    1    1   0.000    1.000    1.000    1.000   20.00  0.0000E+00
 386    -38.500      0.332    1    1   0.000    1.000    1.000    1.000   20.00  0.0000E+00
 387    -38.600      0.332    1    1   0.000    1.000    1.000    1.000   20.00  0.0000E+00
 388    -38.700      0.332    1    1   0.000    1.000    1.000    1.000   20.00  0.0000E+00
 389    -38.800      0.332    1    1   0.000    1.000    1.000    1.000   20.00  0.0000E+00
 390    -38.900      0.333    1    1   0.000    1.000    1.000    1.000   20.00  0.0000E+00
 391    -39.000      0.333    1    1   0.000    1.000    1.000    1.000   20.00  0.0000E+00
 392    -39.100      0.333    1    1   0.000    1.000    1.000    1.000   20.00  0.0000E+00
 393    -39.200      0.333    1    1   0.000    1.000    1.000    1.000   20.00  0.0000E+00
 394    -39.300      0.333    1    1   0.000    1.000    1.000    1.000   20.00  0.0000E+00
 395    -39.400      0.333    1    1   0.000    1.000    1.000    1.000   20.00  0.0000E+00
 396    -39.500      0.333    1    1   0.000    1.000    1.000    1.000   20.00  0.0000E+00
 397    -39.600      0.333    1    1   0.000    1.000    1.000    1.000   20.00  0.0000E+00
 398    -39.700      0.333    1    1   0.000    1.000    1.000    1.000   20.00  0.0000E+00
 399    -39.800      0.333    1    1   0.000    1.000    1.000    1.000   20.00  0.0000E+00
 400    -39.900      0.334    1    1   0.000    1.000    1.000    1.000   20.00  0.0000E+00
 401    -40.000      0.334    1    1   0.000    1.000    1.000    1.000   20.00  0.0000E+00
 402    -40.100      0.334    1    1   0.000    1.000    1.000    1.000   20.00  0.0000E+00
 403    -40.200      0.334    1    1   0.000    1.000    1.000    1.000   20.00  0.0000E+00
 404    -40.300      0.334    1    1   0.000    1.000    1.000    1.000   20.00  0.0000E+00
 405    -40.400      0.334    1    1   0.000    1.000    1.000    1.000   20.00  0.0000E+00
 406    -40.500      0.334    1    1   0.000    1.000    1.000    1.000   20.00  0.0000E+00
 407    -40.600      0.334    1    1   0.000    1.000    1.000    1.000   20.00  0.0000E+00
 408    -40.700      0.334    1    1   0.000    1.000    1.000    1.000   20.00  0.0000E+00
 409    -40.800      0.334    1    1   0.000    1.000    1.000    1.000   20.00  0.0000E+00
 410    -40.900      0.334    1    1   0.000    1.000    1.000    1.000   20.00  0.0000E+00
 411    -41.000      0.335    1    1   0.000    1.000    1.000    1.000   20.00  0.0000E+00
 412    -41.100      0.335    1    1   0.000    1.000    1.000    1.000   20.00  0.0000E+00
 413    -41.200      0.335    1    1   0.000    1.000    1.000    1.000   20.00  0.0000E+00
 414    -41.300      0.335    1    1   0.000    1.000    1.000    1.000   20.00  0.0000E+00
 415    -41.400      0.335    1    1   0.000    1.000    1.000    1.000   20.00  0.0000E+00
 416    -41.500      0.335    1    1   0.000    1.000    1.000    1.000   20.00  0.0000E+00
 417    -41.600      0.335    1    1   0.000    1.000    1.000    1.000   20.00  0.0000E+00
 418    -41.700      0.335    1    1   0.000    1.000    1.000    1.000   20.00  0.0000E+00
 419    -41.800      0.335    1    1   0.000    1.000    1.000    1.000   20.00  0.0000E+00
 420    -41.900      0.335    1    1   0.000    1.000    1.000    1.000   20.00  0.0000E+00
 421    -42.000      0.335    1    1   0.000    1.000    1.000    1.000   20.00  0.0000E+00
 422    -42.100      0.336    1    1   0.000    1.000    1.000    1.000   20.00  0.0000E+00
 423    -42.200      0.336    1    1   0.000    1.000    1.000    1.000   20.00  0.0000E+00
 424    -42.300      0.336    1    1   0.000    1.000    1.000    1.000   20.00  0.0000E+00
 425    -42.400      0.336    1    1   0.000    1.000    1.000    1.000   20.00  0.0000E+00
 426    -42.500      0.336    1    1   0.000    1.000    1.000    1.000   20.00  0.0000E+00
 427    -42.600      0.336    1    1   0.000    1.000    1.000    1.000   20.00  0.0000E+00
 428    -42.700      0.336    1    1   0.000    1.000    1.000    1.000   20.00  0.0000E+00
 429    -42.800      0.336    1    1   0.000    1.000    1.000    1.000   20.00  0.0000E+00
 430    -42.900      0.336    1    1   0.000    1.000    1.000    1.000   20.00  0.0000E+00
 431    -43.000      0.336    1    1   0.000    1.000    1.000    1.000   20.00  0.0000E+00
 432    -43.100      0.336    1    1   0.000    1.000    1.000    1.000   20.00  0.0000E+00
 433    -43.200      0.337    1    1   0.000    1.000    1.000    1.000   20.00  0.0000E+00
 434    -43.300      0.337    1    1   0.000    1.000    1.000    1.000   20.00  0.0000E+00
 435    -43.400      0.337    1    1   0.000    1.000    1.000    1.000   20.00  0.0000E+00
 436    -43.500      0.337    1    1   0.000    1.000    1.000    1.000   20.00  0.0000E+00
 437    -43.600      0.337    1    1   0.000    1.000    1.000    1.000   20.00  0.0000E+00
 438    -43.700      0.337    1    1   0.000    1.000    1.000    1.000   20.00  0.0000E+00
 439    -43.800      0.337    1    1   0.000    1.000    1.000    1.000   20.00  0.0000E+00
 440    -43.900      0.337    1    1   0.000    1.000    1.000    1.000   20.00  0.0000E+00
 441    -44.000      0.337    1    1   0.000    1.000    1.000    1.000   20.00  0.0000E+00
 442    -44.100      0.337    1    1   0.000    1.000    1.000    1.000   20.00  0.0000E+00
 443    -44.200      0.338    1    1   0.000    1.000    1.000    1.000   20.00  0.0000E+00
 444    -44.300      0.338    1    1   0.000    1.000    1.000    1.000   20.00  0.0000E+00
 445    -44.400      0.338    1    1   0.000    1.000    1.000    1.000   20.00  0.0000E+00
 446    -44.500      0.338    1    1   0.000    1.000    1.000    1.000   20.00  0.0000E+00
 447    -44.600      0.338    1    1   0.000    1.000    1.000    1.000   20.00  0.0000E+00
 448    -44.700      0.338    1    1   0.000    1.000    1.000    1.000   20.00  0.0000E+00
 449    -44.800      0.338    1    1   0.000    1.000    1.000    1.000   20.00  0.0000E+00
 450    -44.900      0.338    1    1   0.000    1.000    1.000    1.000   20.00  0.0000E+00
 451    -45.000      0.338    1    1   0.000    1.000    1.000    1.000   20.00  0.0000E+00
 452    -45.100      0.338    1    1   0.000    1.000    1.000    1.000   20.00  0.0000E+00
 453    -45.200      0.338    1    1   0.000    1.000    1.000    1.000   20.00  0.0000E+00
 454    -45.300      0.339    1    1   0.000    1.000    1.000    1.000   20.00  0.0000E+00
 455    -45.400      0.339    1    1   0.000    1.000    1.000    1.000   20.00  0.0000E+00
 456    -45.500      0.339    1    1   0.000    1.000    1.000    1.000   20.00  0.0000E+00
 457    -45.600      0.339    1    1   0.000    1.000    1.000    1.000   20.00  0.0000E+00
 458    -45.700      0.339    1    1   0.000    1.000    1.000    1.000   20.00  0.0000E+00
 459    -45.800      0.339    1    1   0.000    1.000    1.000    1.000   20.00  0.0000E+00
 460    -45.900      0.339    1    1   0.000    1.000    1.000    1.000   20.00  0.0000E+00
 461    -46.000      0.339    1    1   0.000    1.000    1.000    1.000   20.00  0.0000E+00
 462    -46.100      0.339    1    1   0.000    1.000    1.000    1.000   20.00  0.0000E+00
 463    -46.200      0.339    1    1   0.000    1.000    1.000    1.000   20.00  0.0000E+00
 464    -46.300      0.339    1    1   0.000    1.000    1.000    1.000   20.00  0.0000E+00
 465    -46.400      0.340    1    1   0.000    1.000    1.000    1.000   20.00  0.0000E+00
 466    -46.500      0.340    1    1   0.000    1.000    1.000    1.000   20.00  0.0000E+00
 467    -46.600      0.340    1    1   0.000    1.000    1.000    1.000   20.00  0.0000E+00
 468    -46.700      0.340    1    1   0.000    1.000    1.000    1.000   20.00  0.0000E+00
 469    -46.800      0.340    1    1   0.000    1.000    1.000    1.000   20.00  0.0000E+00
 470    -46.900      0.340    1    1   0.000    1.000    1.000    1.000   20.00  0.0000E+00
 471    -47.000      0.340    1    1   0.000    1.000    1.000    1.000   20.00  0.0000E+00
 472    -47.100      0.340    1    1   0.000    1.000    1.000    1.000   20.00  0.0000E+00
 473    -47.200      0.340    1    1   0.000    1.000    1.000    1.000   20.00  0.0000E+00
 474    -47.300      0.340    1    1   0.000    1.000    1.000    1.000   20.00  0.0000E+00
 475    -47.400      0.341    1    1   0.000    1.000    1.000    1.000   20.00  0.0000E+00
 476    -47.500      0.341    1    1   0.000    1.000    1.000    1.000   20.00  0.0000E+00
 477    -47.600      0.341    1    1   0.000    1.000    1.000    1.000   20.00  0.0000E+00
 478    -47.700      0.341    1    1   0.000    1.000    1.000    1.000   20.00  0.0000E+00
 479    -47.800      0.341    1    1   0.000    1.000    1.000    1.000   20.00  0.0000E+00
 480    -47.900      0.341    1    1   0.000    1.000    1.000    1.000   20.00  0.0000E+00
 481    -48.000      0.341    1    1   0.000    1.000    1.000    1.000   20.00  0.0000E+00
 482    -48.100      0.341    1    1   0.000    1.000    1.000    1.000   20.00  0.0000E+00
 483    -48.200      0.341    1    1   0.000    1.000    1.000    1.000   20.00  0.0000E+00
 484    -48.300      0.341    1    1   0.000    1.000    1.000    1.000   20.00  0.0000E+00
 485    -48.400      0.341    1    1   0.000    1.000    1.000    1.000   20.00  0.0000E+00
 486    -48.500      0.342    1    1   0.000    1.000    1.000    1.000   20.00  0.0000E+00
 487    -48.600      0.342    1    1   0.000    1.000    1.000    1.000   20.00  0.0000E+00
 488    -48.700      0.342    1    1   0.000    1.000    1.000    1.000   20.00  0.0000E+00
 489    -48.800      0.342    1    1   0.000    1.000    1.000    1.000   20.00  0.0000E+00
 490    -48.900      0.342    1    1   0.000    1.000    1.000    1.000   20.00  0.0000E+00
 491    -49.000      0.342    1    1   0.000    1.000    1.000    1.000   20.00  0.0000E+00
end

 Number of species in the chain :   1


MatNum, Param. array:

   Mat     Qr     Qs        Alfa         n          Ks      l

    1    0.020  0.380   0.101E+00   0.179E+01   0.180E+02 -0.500

       Table of Hydraulic Properties which are interpolated in simulation
       =================================================================

  theta         h        log h        C             K        log K          S          Kv

  0.3800  -0.100E-05 -0.6000E+01  0.8608E-07  0.1800E+02  0.1255E+01    1.0000  0.0000E+00
  0.3800  -0.126E-05 -0.5899E+01  0.1034E-06  0.1800E+02  0.1255E+01    1.0000  0.0000E+00
  0.3800  -0.159E-05 -0.5798E+01  0.1242E-06  0.1800E+02  0.1255E+01    1.0000  0.0000E+00
  0.3800  -0.201E-05 -0.5697E+01  0.1493E-06  0.1800E+02  0.1255E+01    1.0000  0.0000E+00
  0.3800  -0.254E-05 -0.5596E+01  0.1793E-06  0.1800E+02  0.1255E+01    1.0000  0.0000E+00
  0.3800  -0.320E-05 -0.5495E+01  0.2154E-06  0.1800E+02  0.1255E+01    1.0000  0.0000E+00
  0.3800  -0.404E-05 -0.5394E+01  0.2588E-06  0.1800E+02  0.1255E+01    1.0000  0.0000E+00
  0.3800  -0.509E-05 -0.5293E+01  0.3110E-06  0.1800E+02  0.1255E+01    1.0000  0.0000E+00
  0.3800  -0.643E-05 -0.5192E+01  0.3736E-06  0.1800E+02  0.1255E+01    1.0000  0.0000E+00
  0.3800  -0.811E-05 -0.5091E+01  0.4488E-06  0.1800E+02  0.1255E+01    1.0000  0.0000E+00
  0.3800  -0.102E-04 -0.4990E+01  0.5392E-06  0.1800E+02  0.1255E+01    1.0000  0.0000E+00
  0.3800  -0.129E-04 -0.4889E+01  0.6478E-06  0.1800E+02  0.1255E+01    1.0000  0.0000E+00
  0.3800  -0.163E-04 -0.4788E+01  0.7783E-06  0.1800E+02  0.1255E+01    1.0000  0.0000E+00
  0.3800  -0.206E-04 -0.4687E+01  0.9350E-06  0.1800E+02  0.1255E+01    1.0000  0.0000E+00
  0.3800  -0.260E-04 -0.4586E+01  0.1123E-05  0.1800E+02  0.1255E+01    1.0000  0.0000E+00
  0.3800  -0.327E-04 -0.4485E+01  0.1350E-05  0.1800E+02  0.1255E+01    1.0000  0.0000E+00
  0.3800  -0.413E-04 -0.4384E+01  0.1621E-05  0.1800E+02  0.1255E+01    1.0000  0.0000E+00
  0.3800  -0.521E-04 -0.4283E+01  0.1948E-05  0.1800E+02  0.1255E+01    1.0000  0.0000E+00
  0.3800  -0.658E-04 -0.4182E+01  0.2340E-05  0.1800E+02  0.1255E+01    1.0000  0.0000E+00
  0.3800  -0.830E-04 -0.4081E+01  0.2812E-05  0.1800E+02  0.1255E+01    1.0000  0.0000E+00
  0.3800  -0.105E-03 -0.3980E+01  0.3378E-05  0.1800E+02  0.1255E+01    1.0000  0.0000E+00
  0.3800  -0.132E-03 -0.3879E+01  0.4058E-05  0.1799E+02  0.1255E+01    1.0000  0.0000E+00
  0.3800  -0.167E-03 -0.3778E+01  0.4875E-05  0.1799E+02  0.1255E+01    1.0000  0.0000E+00
  0.3800  -0.210E-03 -0.3677E+01  0.5857E-05  0.1799E+02  0.1255E+01    1.0000  0.0000E+00
  0.3800  -0.266E-03 -0.3576E+01  0.7037E-05  0.1799E+02  0.1255E+01    1.0000  0.0000E+00
  0.3800  -0.335E-03 -0.3475E+01  0.8454E-05  0.1799E+02  0.1255E+01    1.0000  0.0000E+00
  0.3800  -0.423E-03 -0.3374E+01  0.1016E-04  0.1799E+02  0.1255E+01    1.0000  0.0000E+00
  0.3800  -0.534E-03 -0.3273E+01  0.1220E-04  0.1798E+02  0.1255E+01    1.0000  0.0000E+00
  0.3800  -0.673E-03 -0.3172E+01  0.1466E-04  0.1798E+02  0.1255E+01    1.0000  0.0000E+00
  0.3800  -0.850E-03 -0.3071E+01  0.1761E-04  0.1798E+02  0.1255E+01    1.0000  0.0000E+00
  0.3800  -0.107E-02 -0.2970E+01  0.2116E-04  0.1797E+02  0.1255E+01    1.0000  0.0000E+00
  0.3800  -0.135E-02 -0.2869E+01  0.2542E-04  0.1797E+02  0.1254E+01    1.0000  0.6273E-31
  0.3800  -0.171E-02 -0.2768E+01  0.3054E-04  0.1796E+02  0.1254E+01    1.0000  0.6273E-31
  0.3800  -0.215E-02 -0.2667E+01  0.3669E-04  0.1795E+02  0.1254E+01    1.0000  0.6273E-31
  0.3800  -0.272E-02 -0.2566E+01  0.4408E-04  0.1794E+02  0.1254E+01    1.0000  0.6323E-30
  0.3800  -0.343E-02 -0.2465E+01  0.5296E-04  0.1793E+02  0.1254E+01    1.0000  0.2443E-29
  0.3800  -0.433E-02 -0.2364E+01  0.6362E-04  0.1792E+02  0.1253E+01    1.0000  0.1341E-28
  0.3800  -0.546E-02 -0.2263E+01  0.7644E-04  0.1790E+02  0.1253E+01    1.0000  0.6424E-28
  0.3800  -0.689E-02 -0.2162E+01  0.9183E-04  0.1788E+02  0.1252E+01    1.0000  0.2482E-27
  0.3800  -0.870E-02 -0.2061E+01  0.1103E-03  0.1786E+02  0.1252E+01    1.0000  0.9588E-27
  0.3800  -0.110E-01 -0.1960E+01  0.1325E-03  0.1783E+02  0.1251E+01    1.0000  0.3704E-26
  0.3800  -0.138E-01 -0.1859E+01  0.1592E-03  0.1780E+02  0.1250E+01    1.0000  0.1491E-25
  0.3800  -0.175E-01 -0.1758E+01  0.1913E-03  0.1776E+02  0.1249E+01    1.0000  0.6241E-25
  0.3800  -0.221E-01 -0.1657E+01  0.2298E-03  0.1771E+02  0.1248E+01    1.0000  0.2454E-24
  0.3800  -0.278E-01 -0.1556E+01  0.2761E-03  0.1765E+02  0.1247E+01    1.0000  0.9818E-24
  0.3800  -0.351E-01 -0.1455E+01  0.3317E-03  0.1758E+02  0.1245E+01    1.0000  0.3911E-23
  0.3800  -0.443E-01 -0.1354E+01  0.3985E-03  0.1750E+02  0.1243E+01    1.0000  0.1574E-22
  0.3800  -0.559E-01 -0.1253E+01  0.4788E-03  0.1740E+02  0.1241E+01    1.0000  0.6307E-22
  0.3800  -0.705E-01 -0.1152E+01  0.5751E-03  0.1728E+02  0.1238E+01    0.9999  0.2524E-21
  0.3800  -0.890E-01 -0.1051E+01  0.6909E-03  0.1714E+02  0.1234E+01    0.9999  0.1011E-20
  0.3799  -0.112E+00 -0.9495E+00  0.8299E-03  0.1697E+02  0.1230E+01    0.9999  0.4044E-20
  0.3799  -0.142E+00 -0.8485E+00  0.9968E-03  0.1677E+02  0.1224E+01    0.9998  0.1618E-19
  0.3799  -0.179E+00 -0.7475E+00  0.1197E-02  0.1652E+02  0.1218E+01    0.9997  0.6474E-19
  0.3798  -0.226E+00 -0.6465E+00  0.1437E-02  0.1623E+02  0.1210E+01    0.9995  0.2587E-18
  0.3797  -0.285E+00 -0.5455E+00  0.1725E-02  0.1589E+02  0.1201E+01    0.9992  0.1034E-17
  0.3796  -0.359E+00 -0.4444E+00  0.2070E-02  0.1549E+02  0.1190E+01    0.9988  0.4131E-17
  0.3794  -0.453E+00 -0.3434E+00  0.2482E-02  0.1501E+02  0.1176E+01    0.9982  0.1648E-16
  0.3790  -0.572E+00 -0.2424E+00  0.2974E-02  0.1444E+02  0.1160E+01    0.9973  0.6564E-16
  0.3786  -0.722E+00 -0.1414E+00  0.3557E-02  0.1379E+02  0.1139E+01    0.9960  0.2608E-15
  0.3778  -0.911E+00 -0.4040E-01  0.4244E-02  0.1302E+02  0.1115E+01    0.9939  0.1032E-14
  0.3767  -0.115E+01  0.6061E-01  0.5047E-02  0.1214E+02  0.1084E+01    0.9909  0.4061E-14
  0.3750  -0.145E+01  0.1616E+00  0.5972E-02  0.1114E+02  0.1047E+01    0.9862  0.1585E-13
  0.3726  -0.183E+01  0.2626E+00  0.7013E-02  0.1002E+02  0.1001E+01    0.9794  0.6105E-13
  0.3689  -0.231E+01  0.3636E+00  0.8145E-02  0.8799E+01  0.9444E+00    0.9693  0.2308E-12
  0.3636  -0.292E+01  0.4646E+00  0.9308E-02  0.7490E+01  0.8745E+00    0.9546  0.8495E-12
  0.3561  -0.368E+01  0.5657E+00  0.1040E-01  0.6142E+01  0.7883E+00    0.9336  0.3008E-11
  0.3456  -0.464E+01  0.6667E+00  0.1127E-01  0.4815E+01  0.6826E+00    0.9045  0.1010E-10
  0.3316  -0.586E+01  0.7677E+00  0.1172E-01  0.3581E+01  0.5540E+00    0.8655  0.3161E-10
  0.3136  -0.739E+01  0.8687E+00  0.1160E-01  0.2511E+01  0.3998E+00    0.8156  0.9050E-10
  0.2918  -0.933E+01  0.9697E+00  0.1083E-01  0.1653E+01  0.2183E+00    0.7551  0.2330E-09
  0.2670  -0.118E+02  0.1071E+01  0.9511E-02  0.1022E+01  0.9434E-02    0.6860  0.5336E-09
  0.2403  -0.148E+02  0.1172E+01  0.7861E-02  0.5958E+00 -0.2249E+00    0.6118  0.1082E-08
  0.2132  -0.187E+02  0.1273E+01  0.6150E-02  0.3302E+00 -0.4813E+00    0.5366  0.1954E-08
  0.1870  -0.236E+02  0.1374E+01  0.4596E-02  0.1755E+00 -0.7557E+00    0.4640  0.3173E-08
  0.1629  -0.298E+02  0.1475E+01  0.3313E-02  0.9034E-01 -0.1044E+01    0.3969  0.4703E-08
  0.1412  -0.376E+02  0.1576E+01  0.2324E-02  0.4542E-01 -0.1343E+01    0.3366  0.6460E-08
  0.1222  -0.475E+02  0.1677E+01  0.1599E-02  0.2246E-01 -0.1649E+01    0.2838  0.8338E-08
  0.1058  -0.599E+02  0.1778E+01  0.1085E-02  0.1097E-01 -0.1960E+01    0.2383  0.1024E-07
  0.0918  -0.756E+02  0.1879E+01  0.7297E-03  0.5319E-02 -0.2274E+01    0.1995  0.1208E-07
  0.0800  -0.955E+02  0.1980E+01  0.4875E-03  0.2564E-02 -0.2591E+01    0.1667  0.1381E-07
  0.0701  -0.120E+03  0.2081E+01  0.3243E-03  0.1232E-02 -0.2909E+01    0.1391  0.1540E-07
  0.0618  -0.152E+03  0.2182E+01  0.2151E-03  0.5903E-03 -0.3229E+01    0.1160  0.1682E-07
  0.0548  -0.192E+03  0.2283E+01  0.1424E-03  0.2824E-03 -0.3549E+01    0.0967  0.1808E-07
  0.0490  -0.242E+03  0.2384E+01  0.9419E-04  0.1350E-03 -0.3870E+01    0.0805  0.1918E-07
  0.0441  -0.305E+03  0.2485E+01  0.6223E-04  0.6446E-04 -0.4191E+01    0.0671  0.2013E-07
  0.0401  -0.385E+03  0.2586E+01  0.4109E-04  0.3077E-04 -0.4512E+01    0.0558  0.2095E-07
  0.0367  -0.486E+03  0.2687E+01  0.2713E-04  0.1468E-04 -0.4833E+01    0.0465  0.2165E-07
  0.0339  -0.614E+03  0.2788E+01  0.1790E-04  0.7006E-05 -0.5155E+01    0.0387  0.2224E-07
  0.0316  -0.774E+03  0.2889E+01  0.1181E-04  0.3342E-05 -0.5476E+01    0.0322  0.2275E-07
  0.0297  -0.977E+03  0.2990E+01  0.7793E-05  0.1594E-05 -0.5797E+01    0.0268  0.2317E-07
  0.0280  -0.123E+04  0.3091E+01  0.5141E-05  0.7604E-06 -0.6119E+01    0.0223  0.2353E-07
  0.0267  -0.156E+04  0.3192E+01  0.3392E-05  0.3627E-06 -0.6440E+01    0.0186  0.2383E-07
  0.0256  -0.196E+04  0.3293E+01  0.2237E-05  0.1730E-06 -0.6762E+01    0.0155  0.2408E-07
  0.0246  -0.248E+04  0.3394E+01  0.1476E-05  0.8250E-07 -0.7084E+01    0.0129  0.2429E-07
  0.0239  -0.313E+04  0.3495E+01  0.9736E-06  0.3935E-07 -0.7405E+01    0.0107  0.2447E-07
  0.0232  -0.394E+04  0.3596E+01  0.6422E-06  0.1877E-07 -0.7727E+01    0.0089  0.2462E-07
  0.0227  -0.498E+04  0.3697E+01  0.4236E-06  0.8950E-08 -0.8048E+01    0.0074  0.2474E-07
  0.0222  -0.628E+04  0.3798E+01  0.2795E-06  0.4269E-08 -0.8370E+01    0.0062  0.2484E-07
  0.0219  -0.792E+04  0.3899E+01  0.1843E-06  0.2036E-08 -0.8691E+01    0.0051  0.2492E-07
  0.0215  -0.100E+05  0.4000E+01  0.1216E-06  0.9709E-09 -0.9013E+01    0.0043  0.2499E-07
end


 Solute transport information
 ============================

 Galerkin finite-element method


 lTDep     lWDep     cTolA     cTolR   MaxItC
  F        0    0.000E+00    0.0000      0


 Mat.     Bulk.D.    DispL    Fraction  Immobile WC
  1       1.5000   10.0000    1.0000    0.0000

    Dif.w.      Dif.g.   -------------------------------------------------- ( 1.solute)
  0.6800E-01  0.0000E+00
 Mat.     KS         Nu         Beta      Henry      SinkL1     SinkS1     SinkG1     SinkL1`    SinkS1`    SinkG1`    SinkL0     SinkS0     SinkG0      Alfa
   1 0.0000E+00 0.0000E+00 0.0000E+00 0.0000E+00 0.0000E+00 0.0000E+00 0.0000E+00 0.0000E+00 0.0000E+00 0.0000E+00 0.0000E+00 0.0000E+00 0.0000E+00 0.0000E+00

 Freundlich nonlinear adsorption isotherm for material  1

 kTopCh      cTop(1...NS)
  -1        0.000E+00

 kBotCh      cBot(1...NS)
   0        0.000E+00

 tPulse =             1.000
