 ******* Program HYDRUS
 ******* Fertilization optimization                                              
 Date:   0. 1.    Time:   1:**: 0
 Units: L = mm   , T = hours, M = M    


 Time:        0.0000


 Node      Depth      Head Moisture       K          C         Flux        Sink         Kappa   v/KsTop   Temp   Conc(1..NS) Sorb(1...NS)
           [L]        [L]    [-]        [L/T]      [1/L]      [L/T]        [1/T]         [-]      [-]      [C]      [M/L*3]

   1     0.0000     -99.445 0.0544   0.7494E-04  0.1612E-03  0.1133E-02  0.0000E+00      -1   0.227E-03   20.00  0.6888E+02  0.0000E+00
   2    -1.0000     -87.270 0.0567   0.1278E-03  0.2160E-03  0.1937E-02  0.0000E+00      -1   0.387E-03   20.00  0.6643E+02  0.0000E+00
   3    -2.0000     -71.883 0.0606   0.2532E-03  0.3203E-03  0.3154E-02  0.0000E+00      -1   0.631E-03   20.00  0.6364E+02  0.0000E+00
   4    -3.0000     -60.549 0.0647   0.4372E-03  0.4452E-03  0.3945E-02  0.0000E+00      -1   0.789E-03   20.00  0.6050E+02  0.0000E+00
   5    -4.0000     -52.549 0.0691   0.7977E-03  0.6170E-03  0.3864E-02  0.0000E+00      -1   0.773E-03   20.00  0.5700E+02  0.0000E+00
   6    -5.0000     -47.806 0.0718   0.1022E-02  0.7228E-03  0.3934E-02  0.0000E+00      -1   0.787E-03   20.00  0.5335E+02  0.0000E+00
   7    -6.0000     -43.403 0.0758   0.1601E-02  0.9133E-03  0.3913E-02  0.0000E+00      -1   0.783E-03   20.00  0.4970E+02  0.0000E+00
   8    -7.0000     -40.533 0.0785   0.1996E-02  0.1042E-02  0.2725E-02  0.0000E+00      -1   0.545E-03   20.00  0.4623E+02  0.0000E+00
   9    -8.0000     -38.554 0.0803   0.2268E-02  0.1130E-02  0.2256E-02  0.0000E+00      -1   0.451E-03   20.00  0.4333E+02  0.0000E+00
  10    -9.0000     -36.599 0.0827   0.2807E-02  0.1264E-02  0.2420E-02  0.0000E+00      -1   0.484E-03   20.00  0.4135E+02  0.0000E+00
  11   -10.0000     -34.833 0.0853   0.3504E-02  0.1420E-02  0.1838E-02  0.0000E+00      -1   0.368E-03   20.00  0.4016E+02  0.0000E+00
  12   -11.0000     -33.499 0.0873   0.4032E-02  0.1538E-02  0.8652E-03  0.0000E+00      -1   0.173E-03   20.00  0.3972E+02  0.0000E+00
  13   -12.0000     -32.388 0.0889   0.4470E-02  0.1636E-02  0.5041E-04  0.0000E+00      -1   0.101E-04   20.00  0.3955E+02  0.0000E+00
  14   -13.0000     -31.468 0.0903   0.4834E-02  0.1718E-02 -0.7899E-03  0.0000E+00      -1  -0.158E-03   20.00  0.3943E+02  0.0000E+00
  15   -14.0000     -30.711 0.0914   0.5133E-02  0.1785E-02 -0.1339E-02  0.0000E+00      -1  -0.268E-03   20.00  0.3930E+02  0.0000E+00
  16   -15.0000     -29.989 0.0925   0.5418E-02  0.1849E-02 -0.1189E-02  0.0000E+00      -1  -0.238E-03   20.00  0.3926E+02  0.0000E+00
  17   -16.0000     -29.145 0.0943   0.6251E-02  0.1980E-02 -0.8091E-03  0.0000E+00      -1  -0.162E-03   20.00  0.3920E+02  0.0000E+00
  18   -17.0000     -28.250 0.0964   0.7251E-02  0.2133E-02 -0.1133E-02  0.0000E+00      -1  -0.227E-03   20.00  0.3915E+02  0.0000E+00
  19   -18.0000     -27.452 0.0982   0.8142E-02  0.2269E-02 -0.1828E-02  0.0000E+00      -1  -0.366E-03   20.00  0.3913E+02  0.0000E+00
  20   -19.0000     -26.697 0.1000   0.8985E-02  0.2398E-02 -0.2383E-02  0.0000E+00      -1  -0.477E-03   20.00  0.3910E+02  0.0000E+00
  21   -20.0000     -25.981 0.1017   0.9784E-02  0.2520E-02 -0.3156E-02  0.0000E+00      -1  -0.631E-03   20.00  0.3906E+02  0.0000E+00
  22   -21.0000     -25.341 0.1032   0.1050E-01  0.2629E-02 -0.3733E-02  0.0000E+00      -1  -0.747E-03   20.00  0.3900E+02  0.0000E+00
  23   -22.0000     -24.693 0.1047   0.1122E-01  0.2740E-02 -0.4124E-02  0.0000E+00      -1  -0.825E-03   20.00  0.3892E+02  0.0000E+00
  24   -23.0000     -24.075 0.1061   0.1191E-01  0.2845E-02 -0.3957E-02  0.0000E+00      -1  -0.791E-03   20.00  0.3883E+02  0.0000E+00
  25   -24.0000     -23.352 0.1082   0.1330E-01  0.3012E-02 -0.2457E-02  0.0000E+00      -1  -0.491E-03   20.00  0.3873E+02  0.0000E+00
  26   -25.0000     -22.449 0.1115   0.1608E-01  0.3298E-02 -0.1856E-02  0.0000E+00      -1  -0.371E-03   20.00  0.3860E+02  0.0000E+00
  27   -26.0000     -21.580 0.1146   0.1876E-01  0.3573E-02 -0.2793E-02  0.0000E+00      -1  -0.559E-03   20.00  0.3846E+02  0.0000E+00
  28   -27.0000     -20.745 0.1176   0.2133E-01  0.3837E-02 -0.4150E-02  0.0000E+00      -1  -0.830E-03   20.00  0.3829E+02  0.0000E+00
  29   -28.0000     -19.967 0.1204   0.2373E-01  0.4084E-02 -0.5608E-02  0.0000E+00      -1  -0.112E-02   20.00  0.3811E+02  0.0000E+00
  30   -29.0000     -19.217 0.1232   0.2604E-01  0.4321E-02 -0.5482E-02  0.0000E+00      -1  -0.110E-02   20.00  0.3792E+02  0.0000E+00
  31   -30.0000     -18.385 0.1268   0.3041E-01  0.4669E-02 -0.2229E-02  0.0000E+00      -1  -0.446E-03   20.00  0.3770E+02  0.0000E+00
  32   -31.0000     -17.376 0.1323   0.3867E-01  0.5227E-02 -0.1622E-02  0.0000E+00      -1  -0.324E-03   20.00  0.3747E+02  0.0000E+00
  33   -32.0000     -16.460 0.1373   0.4618E-01  0.5735E-02 -0.4978E-02  0.0000E+00      -1  -0.996E-03   20.00  0.3722E+02  0.0000E+00
  34   -33.0000     -15.589 0.1421   0.5331E-01  0.6218E-02 -0.8144E-02  0.0000E+00      -1  -0.163E-02   20.00  0.3695E+02  0.0000E+00
  35   -34.0000     -14.761 0.1468   0.6119E-01  0.6706E-02 -0.2857E-02  0.0000E+00      -1  -0.571E-03   20.00  0.3668E+02  0.0000E+00
  36   -35.0000     -13.703 0.1552   0.8300E-01  0.7642E-02  0.1402E-03  0.0000E+00      -1   0.280E-04   20.00  0.3639E+02  0.0000E+00
  37   -36.0000     -12.745 0.1627   0.1028E+00  0.8491E-02 -0.9511E-02  0.0000E+00      -1  -0.190E-02   20.00  0.3609E+02  0.0000E+00
  38   -37.0000     -11.881 0.1696   0.1206E+00  0.9257E-02 -0.5427E-02  0.0000E+00      -1  -0.109E-02   20.00  0.3578E+02  0.0000E+00
  39   -38.0000     -10.851 0.1804   0.1670E+00  0.1049E-01 -0.1320E-02  0.0000E+00      -1  -0.264E-03   20.00  0.3547E+02  0.0000E+00
  40   -39.0000      -9.887 0.1908   0.2134E+00  0.1169E-01 -0.9182E-02  0.0000E+00      -1  -0.184E-02   20.00  0.3516E+02  0.0000E+00
  41   -40.0000      -8.934 0.2022   0.2803E+00  0.1294E-01 -0.6218E-02  0.0000E+00      -1  -0.124E-02   20.00  0.3485E+02  0.0000E+00
  42   -41.0000      -7.937 0.2159   0.3819E+00  0.1435E-01 -0.7025E-02  0.0000E+00      -1  -0.141E-02   20.00  0.3455E+02  0.0000E+00
  43   -42.0000      -6.966 0.2303   0.5193E+00  0.1562E-01 -0.1173E-01  0.0000E+00      -1  -0.235E-02   20.00  0.3426E+02  0.0000E+00
  44   -43.0000      -5.983 0.2461   0.7083E+00  0.1676E-01 -0.8365E-02  0.0000E+00      -1  -0.167E-02   20.00  0.3399E+02  0.0000E+00
  45   -44.0000      -4.990 0.2630   0.1011E+01  0.1718E-01 -0.9589E-02  0.0000E+00      -1  -0.192E-02   20.00  0.3375E+02  0.0000E+00
  46   -45.0000      -4.001 0.2799   0.1429E+01  0.1667E-01 -0.9310E-02  0.0000E+00      -1  -0.186E-02   20.00  0.3354E+02  0.0000E+00
  47   -46.0000      -3.004 0.2958   0.2015E+01  0.1474E-01 -0.5263E-02  0.0000E+00      -1  -0.105E-02   20.00  0.3337E+02  0.0000E+00
  48   -47.0000      -2.006 0.3088   0.2828E+01  0.1092E-01  0.4911E-02  0.0000E+00      -1   0.982E-03   20.00  0.3324E+02  0.0000E+00
  49   -48.0000      -1.001 0.3173   0.3865E+01  0.5579E-02  0.1061E-01  0.0000E+00      -1   0.212E-02   20.00  0.3318E+02  0.0000E+00
  50   -49.0000      -0.000 0.3200   0.5000E+01  0.0000E+00  0.6637E-02  0.0000E+00      -1   0.133E-02   20.00  0.3318E+02  0.0000E+00
end


 Time:        1.0000


 Node      Depth      Head Moisture       K          C         Flux        Sink         Kappa   v/KsTop   Temp   Conc(1..NS) Sorb(1...NS)
           [L]        [L]    [-]        [L/T]      [1/L]      [L/T]        [1/T]         [-]      [-]      [C]      [M/L*3]

   1     0.0000     -88.499 0.0565   0.1211E-03  0.2094E-03  0.5821E-09  0.0000E+00      -1   0.116E-09   20.00  0.6720E+02  0.0000E+00
   2    -1.0000     -80.482 0.0582   0.1655E-03  0.2528E-03  0.1677E-02  0.0000E+00      -1   0.335E-03   20.00  0.6509E+02  0.0000E+00
   3    -2.0000     -69.288 0.0616   0.2954E-03  0.3489E-03  0.2814E-02  0.0000E+00      -1   0.563E-03   20.00  0.6246E+02  0.0000E+00
   4    -3.0000     -59.629 0.0651   0.4621E-03  0.4590E-03  0.3466E-02  0.0000E+00      -1   0.693E-03   20.00  0.5958E+02  0.0000E+00
   5    -4.0000     -52.778 0.0690   0.7868E-03  0.6119E-03  0.3655E-02  0.0000E+00      -1   0.731E-03   20.00  0.5639E+02  0.0000E+00
   6    -5.0000     -47.742 0.0719   0.1025E-02  0.7243E-03  0.3585E-02  0.0000E+00      -1   0.717E-03   20.00  0.5290E+02  0.0000E+00
   7    -6.0000     -43.983 0.0753   0.1521E-02  0.8873E-03  0.3320E-02  0.0000E+00      -1   0.664E-03   20.00  0.4955E+02  0.0000E+00
   8    -7.0000     -41.160 0.0779   0.1909E-02  0.1014E-02  0.2923E-02  0.0000E+00      -1   0.585E-03   20.00  0.4627E+02  0.0000E+00
   9    -8.0000     -38.845 0.0800   0.2228E-02  0.1117E-02  0.2531E-02  0.0000E+00      -1   0.506E-03   20.00  0.4338E+02  0.0000E+00
  10    -9.0000     -36.893 0.0823   0.2691E-02  0.1238E-02  0.2058E-02  0.0000E+00      -1   0.412E-03   20.00  0.4139E+02  0.0000E+00
  11   -10.0000     -35.302 0.0846   0.3319E-02  0.1379E-02  0.1476E-02  0.0000E+00      -1   0.295E-03   20.00  0.4018E+02  0.0000E+00
  12   -11.0000     -33.973 0.0866   0.3844E-02  0.1496E-02  0.8795E-03  0.0000E+00      -1   0.176E-03   20.00  0.3962E+02  0.0000E+00
  13   -12.0000     -32.831 0.0883   0.4295E-02  0.1597E-02  0.3074E-03  0.0000E+00      -1   0.615E-04   20.00  0.3943E+02  0.0000E+00
  14   -13.0000     -31.823 0.0897   0.4693E-02  0.1686E-02 -0.1891E-03  0.0000E+00      -1  -0.378E-04   20.00  0.3932E+02  0.0000E+00
  15   -14.0000     -30.908 0.0911   0.5055E-02  0.1767E-02 -0.5810E-03  0.0000E+00      -1  -0.116E-03   20.00  0.3921E+02  0.0000E+00
  16   -15.0000     -30.051 0.0924   0.5394E-02  0.1843E-02 -0.8749E-03  0.0000E+00      -1  -0.175E-03   20.00  0.3917E+02  0.0000E+00
  17   -16.0000     -29.224 0.0941   0.6162E-02  0.1967E-02 -0.1171E-02  0.0000E+00      -1  -0.234E-03   20.00  0.3914E+02  0.0000E+00
  18   -17.0000     -28.427 0.0960   0.7052E-02  0.2103E-02 -0.1523E-02  0.0000E+00      -1  -0.305E-03   20.00  0.3913E+02  0.0000E+00
  19   -18.0000     -27.655 0.0978   0.7915E-02  0.2234E-02 -0.1900E-02  0.0000E+00      -1  -0.380E-03   20.00  0.3911E+02  0.0000E+00
  20   -19.0000     -26.907 0.0995   0.8750E-02  0.2362E-02 -0.2286E-02  0.0000E+00      -1  -0.457E-03   20.00  0.3909E+02  0.0000E+00
  21   -20.0000     -26.177 0.1012   0.9565E-02  0.2487E-02 -0.2638E-02  0.0000E+00      -1  -0.528E-03   20.00  0.3906E+02  0.0000E+00
  22   -21.0000     -25.458 0.1029   0.1037E-01  0.2609E-02 -0.2915E-02  0.0000E+00      -1  -0.583E-03   20.00  0.3899E+02  0.0000E+00
  23   -22.0000     -24.739 0.1046   0.1117E-01  0.2732E-02 -0.3098E-02  0.0000E+00      -1  -0.620E-03   20.00  0.3892E+02  0.0000E+00
  24   -23.0000     -24.013 0.1063   0.1198E-01  0.2856E-02 -0.3197E-02  0.0000E+00      -1  -0.639E-03   20.00  0.3883E+02  0.0000E+00
  25   -24.0000     -23.265 0.1085   0.1356E-01  0.3039E-02 -0.3261E-02  0.0000E+00      -1  -0.652E-03   20.00  0.3870E+02  0.0000E+00
  26   -25.0000     -22.488 0.1113   0.1596E-01  0.3285E-02 -0.3340E-02  0.0000E+00      -1  -0.668E-03   20.00  0.3861E+02  0.0000E+00
  27   -26.0000     -21.685 0.1142   0.1843E-01  0.3539E-02 -0.3460E-02  0.0000E+00      -1  -0.692E-03   20.00  0.3846E+02  0.0000E+00
  28   -27.0000     -20.865 0.1172   0.2096E-01  0.3799E-02 -0.3606E-02  0.0000E+00      -1  -0.721E-03   20.00  0.3829E+02  0.0000E+00
  29   -28.0000     -20.030 0.1202   0.2353E-01  0.4064E-02 -0.3748E-02  0.0000E+00      -1  -0.750E-03   20.00  0.3811E+02  0.0000E+00
  30   -29.0000     -19.184 0.1233   0.2614E-01  0.4332E-02 -0.3866E-02  0.0000E+00      -1  -0.773E-03   20.00  0.3791E+02  0.0000E+00
  31   -30.0000     -18.321 0.1272   0.3093E-01  0.4704E-02 -0.3979E-02  0.0000E+00      -1  -0.796E-03   20.00  0.3768E+02  0.0000E+00
  32   -31.0000     -17.438 0.1320   0.3817E-01  0.5193E-02 -0.4096E-02  0.0000E+00      -1  -0.819E-03   20.00  0.3748E+02  0.0000E+00
  33   -32.0000     -16.537 0.1369   0.4554E-01  0.5692E-02 -0.4210E-02  0.0000E+00      -1  -0.842E-03   20.00  0.3723E+02  0.0000E+00
  34   -33.0000     -15.624 0.1419   0.5303E-01  0.6198E-02 -0.4324E-02  0.0000E+00      -1  -0.865E-03   20.00  0.3696E+02  0.0000E+00
  35   -34.0000     -14.700 0.1473   0.6246E-01  0.6760E-02 -0.4467E-02  0.0000E+00      -1  -0.893E-03   20.00  0.3664E+02  0.0000E+00
  36   -35.0000     -13.763 0.1547   0.8177E-01  0.7590E-02 -0.4634E-02  0.0000E+00      -1  -0.927E-03   20.00  0.3641E+02  0.0000E+00
  37   -36.0000     -12.814 0.1622   0.1013E+00  0.8430E-02 -0.4792E-02  0.0000E+00      -1  -0.958E-03   20.00  0.3611E+02  0.0000E+00
  38   -37.0000     -11.858 0.1697   0.1210E+00  0.9277E-02 -0.4937E-02  0.0000E+00      -1  -0.987E-03   20.00  0.3575E+02  0.0000E+00
  39   -38.0000     -10.893 0.1799   0.1650E+00  0.1044E-01 -0.5086E-02  0.0000E+00      -1  -0.102E-02   20.00  0.3548E+02  0.0000E+00
  40   -39.0000      -9.921 0.1904   0.2118E+00  0.1164E-01 -0.5232E-02  0.0000E+00      -1  -0.105E-02   20.00  0.3516E+02  0.0000E+00
  41   -40.0000      -8.942 0.2021   0.2795E+00  0.1292E-01 -0.5363E-02  0.0000E+00      -1  -0.107E-02   20.00  0.3485E+02  0.0000E+00
  42   -41.0000      -7.959 0.2156   0.3797E+00  0.1432E-01 -0.5479E-02  0.0000E+00      -1  -0.110E-02   20.00  0.3456E+02  0.0000E+00
  43   -42.0000      -6.971 0.2302   0.5183E+00  0.1561E-01 -0.5570E-02  0.0000E+00      -1  -0.111E-02   20.00  0.3427E+02  0.0000E+00
  44   -43.0000      -5.980 0.2461   0.7089E+00  0.1676E-01 -0.5641E-02  0.0000E+00      -1  -0.113E-02   20.00  0.3400E+02  0.0000E+00
  45   -44.0000      -4.987 0.2631   0.1012E+01  0.1718E-01 -0.5693E-02  0.0000E+00      -1  -0.114E-02   20.00  0.3377E+02  0.0000E+00
  46   -45.0000      -3.991 0.2800   0.1434E+01  0.1666E-01 -0.5728E-02  0.0000E+00      -1  -0.115E-02   20.00  0.3356E+02  0.0000E+00
  47   -46.0000      -2.995 0.2960   0.2021E+01  0.1472E-01 -0.5750E-02  0.0000E+00      -1  -0.115E-02   20.00  0.3339E+02  0.0000E+00
  48   -47.0000      -1.997 0.3089   0.2837E+01  0.1088E-01 -0.5762E-02  0.0000E+00      -1  -0.115E-02   20.00  0.3326E+02  0.0000E+00
  49   -48.0000      -0.999 0.3173   0.3868E+01  0.5563E-02 -0.5766E-02  0.0000E+00      -1  -0.115E-02   20.00  0.3319E+02  0.0000E+00
  50   -49.0000       0.000 0.3200   0.5000E+01  0.0000E+00 -0.5766E-02  0.0000E+00      -1  -0.115E-02   20.00  0.3319E+02  0.0000E+00
end


 Time:        2.0000


 Node      Depth      Head Moisture       K          C         Flux        Sink         Kappa   v/KsTop   Temp   Conc(1..NS) Sorb(1...NS)
           [L]        [L]    [-]        [L/T]      [1/L]      [L/T]        [1/T]         [-]      [-]      [C]      [M/L*3]

   1     0.0000     -80.543 0.0582   0.1655E-03  0.2528E-03  0.2328E-09  0.0000E+00      -1   0.466E-10   20.00  0.6586E+02  0.0000E+00
   2    -1.0000     -75.204 0.0595   0.1997E-03  0.2840E-03  0.1395E-02  0.0000E+00      -1   0.279E-03   20.00  0.6396E+02  0.0000E+00
   3    -2.0000     -66.753 0.0625   0.3365E-03  0.3768E-03  0.2433E-02  0.0000E+00      -1   0.487E-03   20.00  0.6142E+02  0.0000E+00
   4    -3.0000     -58.875 0.0655   0.4976E-03  0.4757E-03  0.3097E-02  0.0000E+00      -1   0.619E-03   20.00  0.5870E+02  0.0000E+00
   5    -4.0000     -52.710 0.0690   0.7899E-03  0.6133E-03  0.3354E-02  0.0000E+00      -1   0.671E-03   20.00  0.5573E+02  0.0000E+00
   6    -5.0000     -47.961 0.0718   0.1015E-02  0.7193E-03  0.3326E-02  0.0000E+00      -1   0.665E-03   20.00  0.5251E+02  0.0000E+00
   7    -6.0000     -44.332 0.0750   0.1473E-02  0.8716E-03  0.3121E-02  0.0000E+00      -1   0.624E-03   20.00  0.4931E+02  0.0000E+00
   8    -7.0000     -41.547 0.0775   0.1856E-02  0.9963E-03  0.2801E-02  0.0000E+00      -1   0.560E-03   20.00  0.4618E+02  0.0000E+00
   9    -8.0000     -39.241 0.0797   0.2173E-02  0.1100E-02  0.2453E-02  0.0000E+00      -1   0.491E-03   20.00  0.4343E+02  0.0000E+00
  10    -9.0000     -37.276 0.0817   0.2539E-02  0.1204E-02  0.1995E-02  0.0000E+00      -1   0.399E-03   20.00  0.4146E+02  0.0000E+00
  11   -10.0000     -35.675 0.0841   0.3172E-02  0.1346E-02  0.1451E-02  0.0000E+00      -1   0.290E-03   20.00  0.4016E+02  0.0000E+00
  12   -11.0000     -34.330 0.0860   0.3703E-02  0.1465E-02  0.9342E-03  0.0000E+00      -1   0.187E-03   20.00  0.3953E+02  0.0000E+00
  13   -12.0000     -33.157 0.0878   0.4166E-02  0.1568E-02  0.4537E-03  0.0000E+00      -1   0.907E-04   20.00  0.3931E+02  0.0000E+00
  14   -13.0000     -32.105 0.0893   0.4582E-02  0.1661E-02  0.2134E-04  0.0000E+00      -1   0.427E-05   20.00  0.3921E+02  0.0000E+00
  15   -14.0000     -31.143 0.0908   0.4962E-02  0.1747E-02 -0.3561E-03  0.0000E+00      -1  -0.712E-04   20.00  0.3912E+02  0.0000E+00
  16   -15.0000     -30.247 0.0921   0.5316E-02  0.1826E-02 -0.6796E-03  0.0000E+00      -1  -0.136E-03   20.00  0.3908E+02  0.0000E+00
  17   -16.0000     -29.393 0.0937   0.5973E-02  0.1938E-02 -0.1033E-02  0.0000E+00      -1  -0.207E-03   20.00  0.3911E+02  0.0000E+00
  18   -17.0000     -28.586 0.0956   0.6875E-02  0.2076E-02 -0.1424E-02  0.0000E+00      -1  -0.285E-03   20.00  0.3910E+02  0.0000E+00
  19   -18.0000     -27.806 0.0974   0.7746E-02  0.2209E-02 -0.1782E-02  0.0000E+00      -1  -0.356E-03   20.00  0.3909E+02  0.0000E+00
  20   -19.0000     -27.045 0.0992   0.8596E-02  0.2338E-02 -0.2107E-02  0.0000E+00      -1  -0.421E-03   20.00  0.3908E+02  0.0000E+00
  21   -20.0000     -26.296 0.1009   0.9432E-02  0.2466E-02 -0.2394E-02  0.0000E+00      -1  -0.479E-03   20.00  0.3905E+02  0.0000E+00
  22   -21.0000     -25.553 0.1027   0.1026E-01  0.2593E-02 -0.2636E-02  0.0000E+00      -1  -0.527E-03   20.00  0.3899E+02  0.0000E+00
  23   -22.0000     -24.810 0.1044   0.1109E-01  0.2720E-02 -0.2832E-02  0.0000E+00      -1  -0.566E-03   20.00  0.3892E+02  0.0000E+00
  24   -23.0000     -24.064 0.1062   0.1193E-01  0.2847E-02 -0.2986E-02  0.0000E+00      -1  -0.597E-03   20.00  0.3882E+02  0.0000E+00
  25   -24.0000     -23.304 0.1084   0.1344E-01  0.3027E-02 -0.3136E-02  0.0000E+00      -1  -0.627E-03   20.00  0.3872E+02  0.0000E+00
  26   -25.0000     -22.524 0.1112   0.1585E-01  0.3274E-02 -0.3289E-02  0.0000E+00      -1  -0.658E-03   20.00  0.3860E+02  0.0000E+00
  27   -26.0000     -21.721 0.1141   0.1832E-01  0.3528E-02 -0.3423E-02  0.0000E+00      -1  -0.685E-03   20.00  0.3846E+02  0.0000E+00
  28   -27.0000     -20.899 0.1171   0.2086E-01  0.3789E-02 -0.3546E-02  0.0000E+00      -1  -0.709E-03   20.00  0.3829E+02  0.0000E+00
  29   -28.0000     -20.061 0.1201   0.2344E-01  0.4054E-02 -0.3659E-02  0.0000E+00      -1  -0.732E-03   20.00  0.3811E+02  0.0000E+00
  30   -29.0000     -19.211 0.1232   0.2606E-01  0.4323E-02 -0.3762E-02  0.0000E+00      -1  -0.752E-03   20.00  0.3791E+02  0.0000E+00
  31   -30.0000     -18.346 0.1270   0.3073E-01  0.4690E-02 -0.3878E-02  0.0000E+00      -1  -0.776E-03   20.00  0.3769E+02  0.0000E+00
  32   -31.0000     -17.460 0.1319   0.3798E-01  0.5181E-02 -0.4006E-02  0.0000E+00      -1  -0.801E-03   20.00  0.3748E+02  0.0000E+00
  33   -32.0000     -16.558 0.1368   0.4537E-01  0.5681E-02 -0.4122E-02  0.0000E+00      -1  -0.824E-03   20.00  0.3723E+02  0.0000E+00
  34   -33.0000     -15.643 0.1418   0.5287E-01  0.6188E-02 -0.4228E-02  0.0000E+00      -1  -0.846E-03   20.00  0.3696E+02  0.0000E+00
  35   -34.0000     -14.717 0.1472   0.6209E-01  0.6744E-02 -0.4342E-02  0.0000E+00      -1  -0.868E-03   20.00  0.3667E+02  0.0000E+00
  36   -35.0000     -13.779 0.1546   0.8144E-01  0.7576E-02 -0.4463E-02  0.0000E+00      -1  -0.893E-03   20.00  0.3640E+02  0.0000E+00
  37   -36.0000     -12.828 0.1621   0.1010E+00  0.8417E-02 -0.4567E-02  0.0000E+00      -1  -0.913E-03   20.00  0.3610E+02  0.0000E+00
  38   -37.0000     -11.870 0.1696   0.1208E+00  0.9266E-02 -0.4655E-02  0.0000E+00      -1  -0.931E-03   20.00  0.3577E+02  0.0000E+00
  39   -38.0000     -10.903 0.1798   0.1645E+00  0.1043E-01 -0.4738E-02  0.0000E+00      -1  -0.948E-03   20.00  0.3548E+02  0.0000E+00
  40   -39.0000      -9.928 0.1903   0.2114E+00  0.1163E-01 -0.4816E-02  0.0000E+00      -1  -0.963E-03   20.00  0.3517E+02  0.0000E+00
  41   -40.0000      -8.948 0.2020   0.2789E+00  0.1292E-01 -0.4884E-02  0.0000E+00      -1  -0.977E-03   20.00  0.3486E+02  0.0000E+00
  42   -41.0000      -7.963 0.2156   0.3792E+00  0.1431E-01 -0.4942E-02  0.0000E+00      -1  -0.988E-03   20.00  0.3457E+02  0.0000E+00
  43   -42.0000      -6.974 0.2301   0.5176E+00  0.1561E-01 -0.4987E-02  0.0000E+00      -1  -0.997E-03   20.00  0.3428E+02  0.0000E+00
  44   -43.0000      -5.982 0.2461   0.7084E+00  0.1676E-01 -0.5023E-02  0.0000E+00      -1  -0.100E-02   20.00  0.3401E+02  0.0000E+00
  45   -44.0000      -4.988 0.2631   0.1012E+01  0.1718E-01 -0.5048E-02  0.0000E+00      -1  -0.101E-02   20.00  0.3378E+02  0.0000E+00
  46   -45.0000      -3.992 0.2800   0.1433E+01  0.1666E-01 -0.5065E-02  0.0000E+00      -1  -0.101E-02   20.00  0.3357E+02  0.0000E+00
  47   -46.0000      -2.995 0.2960   0.2021E+01  0.1472E-01 -0.5076E-02  0.0000E+00      -1  -0.102E-02   20.00  0.3340E+02  0.0000E+00
  48   -47.0000      -1.997 0.3089   0.2836E+01  0.1088E-01 -0.5081E-02  0.0000E+00      -1  -0.102E-02   20.00  0.3327E+02  0.0000E+00
  49   -48.0000      -0.999 0.3173   0.3868E+01  0.5564E-02 -0.5083E-02  0.0000E+00      -1  -0.102E-02   20.00  0.3321E+02  0.0000E+00
  50   -49.0000       0.000 0.3200   0.5000E+01  0.0000E+00 -0.5083E-02  0.0000E+00      -1  -0.102E-02   20.00  0.3321E+02  0.0000E+00
end


 Time:        3.0000


 Node      Depth      Head Moisture       K          C         Flux        Sink         Kappa   v/KsTop   Temp   Conc(1..NS) Sorb(1...NS)
           [L]        [L]    [-]        [L/T]      [1/L]      [L/T]        [1/T]         [-]      [-]      [C]      [M/L*3]

   1     0.0000     -75.218 0.0595   0.2006E-03  0.2846E-03  0.1804E-08  0.0000E+00      -1   0.361E-09   20.00  0.6492E+02  0.0000E+00
   2    -1.0000     -71.610 0.0607   0.2576E-03  0.3233E-03  0.1224E-02  0.0000E+00      -1   0.245E-03   20.00  0.6280E+02  0.0000E+00
   3    -2.0000     -64.711 0.0632   0.3700E-03  0.3996E-03  0.2202E-02  0.0000E+00      -1   0.440E-03   20.00  0.6054E+02  0.0000E+00
   4    -3.0000     -58.072 0.0659   0.5357E-03  0.4936E-03  0.2784E-02  0.0000E+00      -1   0.557E-03   20.00  0.5789E+02  0.0000E+00
   5    -4.0000     -52.548 0.0691   0.7973E-03  0.6168E-03  0.3065E-02  0.0000E+00      -1   0.613E-03   20.00  0.5510E+02  0.0000E+00
   6    -5.0000     -48.097 0.0717   0.1008E-02  0.7162E-03  0.3081E-02  0.0000E+00      -1   0.616E-03   20.00  0.5208E+02  0.0000E+00
   7    -6.0000     -44.603 0.0747   0.1435E-02  0.8593E-03  0.2927E-02  0.0000E+00      -1   0.585E-03   20.00  0.4904E+02  0.0000E+00
   8    -7.0000     -41.874 0.0772   0.1811E-02  0.9816E-03  0.2661E-02  0.0000E+00      -1   0.532E-03   20.00  0.4607E+02  0.0000E+00
   9    -8.0000     -39.596 0.0793   0.2124E-02  0.1084E-02  0.2354E-02  0.0000E+00      -1   0.471E-03   20.00  0.4344E+02  0.0000E+00
  10    -9.0000     -37.626 0.0812   0.2401E-02  0.1173E-02  0.1940E-02  0.0000E+00      -1   0.388E-03   20.00  0.4149E+02  0.0000E+00
  11   -10.0000     -36.006 0.0836   0.3041E-02  0.1316E-02  0.1446E-02  0.0000E+00      -1   0.289E-03   20.00  0.4013E+02  0.0000E+00
  12   -11.0000     -34.642 0.0856   0.3579E-02  0.1437E-02  0.9806E-03  0.0000E+00      -1   0.196E-03   20.00  0.3944E+02  0.0000E+00
  13   -12.0000     -33.444 0.0873   0.4053E-02  0.1543E-02  0.5463E-03  0.0000E+00      -1   0.109E-03   20.00  0.3919E+02  0.0000E+00
  14   -13.0000     -32.365 0.0889   0.4479E-02  0.1638E-02  0.1487E-03  0.0000E+00      -1   0.297E-04   20.00  0.3910E+02  0.0000E+00
  15   -14.0000     -31.373 0.0904   0.4871E-02  0.1726E-02 -0.2089E-03  0.0000E+00      -1  -0.418E-04   20.00  0.3903E+02  0.0000E+00
  16   -15.0000     -30.448 0.0918   0.5237E-02  0.1808E-02 -0.5258E-03  0.0000E+00      -1  -0.105E-03   20.00  0.3900E+02  0.0000E+00
  17   -16.0000     -29.570 0.0933   0.5775E-02  0.1908E-02 -0.8809E-03  0.0000E+00      -1  -0.176E-03   20.00  0.3907E+02  0.0000E+00
  18   -17.0000     -28.745 0.0952   0.6697E-02  0.2048E-02 -0.1273E-02  0.0000E+00      -1  -0.255E-03   20.00  0.3906E+02  0.0000E+00
  19   -18.0000     -27.949 0.0971   0.7586E-02  0.2184E-02 -0.1623E-02  0.0000E+00      -1  -0.325E-03   20.00  0.3907E+02  0.0000E+00
  20   -19.0000     -27.172 0.0989   0.8454E-02  0.2317E-02 -0.1934E-02  0.0000E+00      -1  -0.387E-03   20.00  0.3907E+02  0.0000E+00
  21   -20.0000     -26.406 0.1007   0.9310E-02  0.2448E-02 -0.2208E-02  0.0000E+00      -1  -0.442E-03   20.00  0.3904E+02  0.0000E+00
  22   -21.0000     -25.646 0.1025   0.1016E-01  0.2577E-02 -0.2444E-02  0.0000E+00      -1  -0.489E-03   20.00  0.3899E+02  0.0000E+00
  23   -22.0000     -24.887 0.1042   0.1101E-01  0.2707E-02 -0.2644E-02  0.0000E+00      -1  -0.529E-03   20.00  0.3891E+02  0.0000E+00
  24   -23.0000     -24.127 0.1060   0.1186E-01  0.2837E-02 -0.2809E-02  0.0000E+00      -1  -0.562E-03   20.00  0.3882E+02  0.0000E+00
  25   -24.0000     -23.356 0.1082   0.1329E-01  0.3010E-02 -0.2980E-02  0.0000E+00      -1  -0.596E-03   20.00  0.3872E+02  0.0000E+00
  26   -25.0000     -22.568 0.1110   0.1571E-01  0.3260E-02 -0.3157E-02  0.0000E+00      -1  -0.631E-03   20.00  0.3860E+02  0.0000E+00
  27   -26.0000     -21.759 0.1140   0.1821E-01  0.3516E-02 -0.3309E-02  0.0000E+00      -1  -0.662E-03   20.00  0.3845E+02  0.0000E+00
  28   -27.0000     -20.932 0.1170   0.2075E-01  0.3778E-02 -0.3442E-02  0.0000E+00      -1  -0.688E-03   20.00  0.3829E+02  0.0000E+00
  29   -28.0000     -20.091 0.1200   0.2335E-01  0.4044E-02 -0.3558E-02  0.0000E+00      -1  -0.712E-03   20.00  0.3811E+02  0.0000E+00
  30   -29.0000     -19.238 0.1231   0.2598E-01  0.4315E-02 -0.3661E-02  0.0000E+00      -1  -0.732E-03   20.00  0.3791E+02  0.0000E+00
  31   -30.0000     -18.369 0.1269   0.3054E-01  0.4677E-02 -0.3772E-02  0.0000E+00      -1  -0.754E-03   20.00  0.3770E+02  0.0000E+00
  32   -31.0000     -17.481 0.1317   0.3781E-01  0.5169E-02 -0.3892E-02  0.0000E+00      -1  -0.778E-03   20.00  0.3747E+02  0.0000E+00
  33   -32.0000     -16.576 0.1367   0.4522E-01  0.5670E-02 -0.3998E-02  0.0000E+00      -1  -0.800E-03   20.00  0.3723E+02  0.0000E+00
  34   -33.0000     -15.659 0.1417   0.5274E-01  0.6179E-02 -0.4089E-02  0.0000E+00      -1  -0.818E-03   20.00  0.3696E+02  0.0000E+00
  35   -34.0000     -14.731 0.1470   0.6181E-01  0.6732E-02 -0.4184E-02  0.0000E+00      -1  -0.837E-03   20.00  0.3668E+02  0.0000E+00
  36   -35.0000     -13.790 0.1545   0.8120E-01  0.7565E-02 -0.4280E-02  0.0000E+00      -1  -0.856E-03   20.00  0.3640E+02  0.0000E+00
  37   -36.0000     -12.838 0.1620   0.1008E+00  0.8409E-02 -0.4360E-02  0.0000E+00      -1  -0.872E-03   20.00  0.3610E+02  0.0000E+00
  38   -37.0000     -11.878 0.1696   0.1206E+00  0.9259E-02 -0.4424E-02  0.0000E+00      -1  -0.885E-03   20.00  0.3578E+02  0.0000E+00
  39   -38.0000     -10.909 0.1797   0.1642E+00  0.1042E-01 -0.4483E-02  0.0000E+00      -1  -0.897E-03   20.00  0.3548E+02  0.0000E+00
  40   -39.0000      -9.933 0.1903   0.2112E+00  0.1163E-01 -0.4537E-02  0.0000E+00      -1  -0.907E-03   20.00  0.3517E+02  0.0000E+00
  41   -40.0000      -8.952 0.2020   0.2785E+00  0.1291E-01 -0.4582E-02  0.0000E+00      -1  -0.916E-03   20.00  0.3487E+02  0.0000E+00
  42   -41.0000      -7.966 0.2155   0.3790E+00  0.1431E-01 -0.4621E-02  0.0000E+00      -1  -0.924E-03   20.00  0.3457E+02  0.0000E+00
  43   -42.0000      -6.976 0.2301   0.5173E+00  0.1560E-01 -0.4650E-02  0.0000E+00      -1  -0.930E-03   20.00  0.3429E+02  0.0000E+00
  44   -43.0000      -5.984 0.2461   0.7082E+00  0.1676E-01 -0.4673E-02  0.0000E+00      -1  -0.935E-03   20.00  0.3402E+02  0.0000E+00
  45   -44.0000      -4.989 0.2631   0.1012E+01  0.1718E-01 -0.4689E-02  0.0000E+00      -1  -0.938E-03   20.00  0.3378E+02  0.0000E+00
  46   -45.0000      -3.993 0.2800   0.1433E+01  0.1666E-01 -0.4700E-02  0.0000E+00      -1  -0.940E-03   20.00  0.3358E+02  0.0000E+00
  47   -46.0000      -2.996 0.2960   0.2021E+01  0.1472E-01 -0.4707E-02  0.0000E+00      -1  -0.941E-03   20.00  0.3341E+02  0.0000E+00
  48   -47.0000      -1.998 0.3089   0.2836E+01  0.1088E-01 -0.4711E-02  0.0000E+00      -1  -0.942E-03   20.00  0.3328E+02  0.0000E+00
  49   -48.0000      -0.999 0.3173   0.3867E+01  0.5564E-02 -0.4712E-02  0.0000E+00      -1  -0.942E-03   20.00  0.3322E+02  0.0000E+00
  50   -49.0000       0.000 0.3200   0.5000E+01  0.0000E+00 -0.4712E-02  0.0000E+00      -1  -0.942E-03   20.00  0.3322E+02  0.0000E+00
end


 Time:        4.0000


 Node      Depth      Head Moisture       K          C         Flux        Sink         Kappa   v/KsTop   Temp   Conc(1..NS) Sorb(1...NS)
           [L]        [L]    [-]        [L/T]      [1/L]      [L/T]        [1/T]         [-]      [-]      [C]      [M/L*3]

   1     0.0000     -71.688 0.0607   0.2566E-03  0.3226E-03  0.9895E-09  0.0000E+00      -1   0.198E-09   20.00  0.6392E+02  0.0000E+00
   2    -1.0000     -68.557 0.0618   0.3076E-03  0.3572E-03  0.1121E-02  0.0000E+00      -1   0.224E-03   20.00  0.6185E+02  0.0000E+00
   3    -2.0000     -62.913 0.0638   0.3990E-03  0.4193E-03  0.1950E-02  0.0000E+00      -1   0.390E-03   20.00  0.5971E+02  0.0000E+00
   4    -3.0000     -57.267 0.0664   0.5740E-03  0.5117E-03  0.2492E-02  0.0000E+00      -1   0.498E-03   20.00  0.5714E+02  0.0000E+00
   5    -4.0000     -52.326 0.0692   0.8080E-03  0.6219E-03  0.2792E-02  0.0000E+00      -1   0.558E-03   20.00  0.5450E+02  0.0000E+00
   6    -5.0000     -48.171 0.0716   0.1005E-02  0.7146E-03  0.2843E-02  0.0000E+00      -1   0.569E-03   20.00  0.5164E+02  0.0000E+00
   7    -6.0000     -44.826 0.0745   0.1405E-02  0.8495E-03  0.2730E-02  0.0000E+00      -1   0.546E-03   20.00  0.4875E+02  0.0000E+00
   8    -7.0000     -42.167 0.0770   0.1771E-02  0.9685E-03  0.2502E-02  0.0000E+00      -1   0.500E-03   20.00  0.4592E+02  0.0000E+00
   9    -8.0000     -39.934 0.0790   0.2077E-02  0.1068E-02  0.2220E-02  0.0000E+00      -1   0.444E-03   20.00  0.4340E+02  0.0000E+00
  10    -9.0000     -37.998 0.0808   0.2343E-02  0.1155E-02  0.1905E-02  0.0000E+00      -1   0.381E-03   20.00  0.4145E+02  0.0000E+00
  11   -10.0000     -36.336 0.0831   0.2910E-02  0.1287E-02  0.1502E-02  0.0000E+00      -1   0.300E-03   20.00  0.4012E+02  0.0000E+00
  12   -11.0000     -34.939 0.0851   0.3462E-02  0.1411E-02  0.1046E-02  0.0000E+00      -1   0.209E-03   20.00  0.3936E+02  0.0000E+00
  13   -12.0000     -33.716 0.0869   0.3946E-02  0.1519E-02  0.6318E-03  0.0000E+00      -1   0.126E-03   20.00  0.3907E+02  0.0000E+00
  14   -13.0000     -32.611 0.0886   0.4382E-02  0.1617E-02  0.2546E-03  0.0000E+00      -1   0.509E-04   20.00  0.3899E+02  0.0000E+00
  15   -14.0000     -31.595 0.0901   0.4783E-02  0.1707E-02 -0.8697E-04  0.0000E+00      -1  -0.174E-04   20.00  0.3894E+02  0.0000E+00
  16   -15.0000     -30.645 0.0915   0.5159E-02  0.1791E-02 -0.3934E-03  0.0000E+00      -1  -0.787E-04   20.00  0.3892E+02  0.0000E+00
  17   -16.0000     -29.745 0.0929   0.5580E-02  0.1878E-02 -0.7406E-03  0.0000E+00      -1  -0.148E-03   20.00  0.3902E+02  0.0000E+00
  18   -17.0000     -28.901 0.0949   0.6523E-02  0.2022E-02 -0.1125E-02  0.0000E+00      -1  -0.225E-03   20.00  0.3903E+02  0.0000E+00
  19   -18.0000     -28.088 0.0968   0.7431E-02  0.2161E-02 -0.1468E-02  0.0000E+00      -1  -0.294E-03   20.00  0.3905E+02  0.0000E+00
  20   -19.0000     -27.295 0.0986   0.8317E-02  0.2296E-02 -0.1772E-02  0.0000E+00      -1  -0.354E-03   20.00  0.3906E+02  0.0000E+00
  21   -20.0000     -26.514 0.1004   0.9189E-02  0.2429E-02 -0.2041E-02  0.0000E+00      -1  -0.408E-03   20.00  0.3904E+02  0.0000E+00
  22   -21.0000     -25.739 0.1022   0.1006E-01  0.2561E-02 -0.2274E-02  0.0000E+00      -1  -0.455E-03   20.00  0.3898E+02  0.0000E+00
  23   -22.0000     -24.966 0.1041   0.1092E-01  0.2693E-02 -0.2476E-02  0.0000E+00      -1  -0.495E-03   20.00  0.3891E+02  0.0000E+00
  24   -23.0000     -24.193 0.1059   0.1178E-01  0.2825E-02 -0.2646E-02  0.0000E+00      -1  -0.529E-03   20.00  0.3881E+02  0.0000E+00
  25   -24.0000     -23.411 0.1080   0.1311E-01  0.2993E-02 -0.2826E-02  0.0000E+00      -1  -0.565E-03   20.00  0.3872E+02  0.0000E+00
  26   -25.0000     -22.616 0.1109   0.1557E-01  0.3245E-02 -0.3015E-02  0.0000E+00      -1  -0.603E-03   20.00  0.3859E+02  0.0000E+00
  27   -26.0000     -21.800 0.1138   0.1808E-01  0.3503E-02 -0.3178E-02  0.0000E+00      -1  -0.636E-03   20.00  0.3845E+02  0.0000E+00
  28   -27.0000     -20.968 0.1168   0.2064E-01  0.3767E-02 -0.3318E-02  0.0000E+00      -1  -0.664E-03   20.00  0.3829E+02  0.0000E+00
  29   -28.0000     -20.122 0.1199   0.2325E-01  0.4035E-02 -0.3438E-02  0.0000E+00      -1  -0.688E-03   20.00  0.3811E+02  0.0000E+00
  30   -29.0000     -19.264 0.1230   0.2589E-01  0.4306E-02 -0.3542E-02  0.0000E+00      -1  -0.708E-03   20.00  0.3791E+02  0.0000E+00
  31   -30.0000     -18.392 0.1268   0.3035E-01  0.4665E-02 -0.3651E-02  0.0000E+00      -1  -0.730E-03   20.00  0.3770E+02  0.0000E+00
  32   -31.0000     -17.501 0.1316   0.3765E-01  0.5158E-02 -0.3765E-02  0.0000E+00      -1  -0.753E-03   20.00  0.3747E+02  0.0000E+00
  33   -32.0000     -16.593 0.1366   0.4508E-01  0.5661E-02 -0.3862E-02  0.0000E+00      -1  -0.772E-03   20.00  0.3722E+02  0.0000E+00
  34   -33.0000     -15.673 0.1416   0.5262E-01  0.6171E-02 -0.3945E-02  0.0000E+00      -1  -0.789E-03   20.00  0.3696E+02  0.0000E+00
  35   -34.0000     -14.743 0.1470   0.6156E-01  0.6722E-02 -0.4027E-02  0.0000E+00      -1  -0.805E-03   20.00  0.3668E+02  0.0000E+00
  36   -35.0000     -13.800 0.1544   0.8100E-01  0.7557E-02 -0.4108E-02  0.0000E+00      -1  -0.822E-03   20.00  0.3640E+02  0.0000E+00
  37   -36.0000     -12.846 0.1619   0.1007E+00  0.8402E-02 -0.4173E-02  0.0000E+00      -1  -0.835E-03   20.00  0.3610E+02  0.0000E+00
  38   -37.0000     -11.884 0.1695   0.1205E+00  0.9254E-02 -0.4225E-02  0.0000E+00      -1  -0.845E-03   20.00  0.3579E+02  0.0000E+00
  39   -38.0000     -10.914 0.1797   0.1640E+00  0.1041E-01 -0.4271E-02  0.0000E+00      -1  -0.854E-03   20.00  0.3549E+02  0.0000E+00
  40   -39.0000      -9.937 0.1902   0.2110E+00  0.1162E-01 -0.4312E-02  0.0000E+00      -1  -0.862E-03   20.00  0.3518E+02  0.0000E+00
  41   -40.0000      -8.954 0.2019   0.2783E+00  0.1291E-01 -0.4347E-02  0.0000E+00      -1  -0.869E-03   20.00  0.3488E+02  0.0000E+00
  42   -41.0000      -7.968 0.2155   0.3788E+00  0.1431E-01 -0.4375E-02  0.0000E+00      -1  -0.875E-03   20.00  0.3458E+02  0.0000E+00
  43   -42.0000      -6.977 0.2301   0.5170E+00  0.1560E-01 -0.4397E-02  0.0000E+00      -1  -0.879E-03   20.00  0.3430E+02  0.0000E+00
  44   -43.0000      -5.985 0.2461   0.7080E+00  0.1675E-01 -0.4414E-02  0.0000E+00      -1  -0.883E-03   20.00  0.3403E+02  0.0000E+00
  45   -44.0000      -4.990 0.2630   0.1011E+01  0.1718E-01 -0.4426E-02  0.0000E+00      -1  -0.885E-03   20.00  0.3379E+02  0.0000E+00
  46   -45.0000      -3.993 0.2800   0.1433E+01  0.1666E-01 -0.4434E-02  0.0000E+00      -1  -0.887E-03   20.00  0.3359E+02  0.0000E+00
  47   -46.0000      -2.996 0.2959   0.2020E+01  0.1472E-01 -0.4439E-02  0.0000E+00      -1  -0.888E-03   20.00  0.3342E+02  0.0000E+00
  48   -47.0000      -1.998 0.3089   0.2836E+01  0.1088E-01 -0.4442E-02  0.0000E+00      -1  -0.888E-03   20.00  0.3329E+02  0.0000E+00
  49   -48.0000      -0.999 0.3173   0.3867E+01  0.5565E-02 -0.4443E-02  0.0000E+00      -1  -0.889E-03   20.00  0.3323E+02  0.0000E+00
  50   -49.0000       0.000 0.3200   0.5000E+01  0.0000E+00 -0.4443E-02  0.0000E+00      -1  -0.889E-03   20.00  0.3323E+02  0.0000E+00
end


 Time:        5.0000


 Node      Depth      Head Moisture       K          C         Flux        Sink         Kappa   v/KsTop   Temp   Conc(1..NS) Sorb(1...NS)
           [L]        [L]    [-]        [L/T]      [1/L]      [L/T]        [1/T]         [-]      [-]      [C]      [M/L*3]

   1     0.0000     -68.692 0.0618   0.3070E-03  0.3568E-03 -0.1397E-08  0.0000E+00      -1  -0.279E-09   20.00  0.6302E+02  0.0000E+00
   2    -1.0000     -66.049 0.0627   0.3495E-03  0.3857E-03  0.9891E-03  0.0000E+00      -1   0.198E-03   20.00  0.6104E+02  0.0000E+00
   3    -2.0000     -61.335 0.0644   0.4251E-03  0.4370E-03  0.1720E-02  0.0000E+00      -1   0.344E-03   20.00  0.5894E+02  0.0000E+00
   4    -3.0000     -56.474 0.0669   0.6117E-03  0.5294E-03  0.2229E-02  0.0000E+00      -1   0.446E-03   20.00  0.5644E+02  0.0000E+00
   5    -4.0000     -52.044 0.0694   0.8211E-03  0.6280E-03  0.2538E-02  0.0000E+00      -1   0.508E-03   20.00  0.5391E+02  0.0000E+00
   6    -5.0000     -48.175 0.0716   0.1004E-02  0.7143E-03  0.2617E-02  0.0000E+00      -1   0.523E-03   20.00  0.5120E+02  0.0000E+00
   7    -6.0000     -44.983 0.0743   0.1382E-02  0.8421E-03  0.2541E-02  0.0000E+00      -1   0.508E-03   20.00  0.4844E+02  0.0000E+00
   8    -7.0000     -42.402 0.0767   0.1737E-02  0.9577E-03  0.2356E-02  0.0000E+00      -1   0.471E-03   20.00  0.4575E+02  0.0000E+00
   9    -8.0000     -40.212 0.0788   0.2038E-02  0.1056E-02  0.2117E-02  0.0000E+00      -1   0.423E-03   20.00  0.4333E+02  0.0000E+00
  10    -9.0000     -38.296 0.0805   0.2302E-02  0.1142E-02  0.1848E-02  0.0000E+00      -1   0.370E-03   20.00  0.4139E+02  0.0000E+00
  11   -10.0000     -36.626 0.0826   0.2795E-02  0.1261E-02  0.1494E-02  0.0000E+00      -1   0.299E-03   20.00  0.4008E+02  0.0000E+00
  12   -11.0000     -35.210 0.0847   0.3355E-02  0.1387E-02  0.1077E-02  0.0000E+00      -1   0.215E-03   20.00  0.3927E+02  0.0000E+00
  13   -12.0000     -33.967 0.0866   0.3846E-02  0.1497E-02  0.6892E-03  0.0000E+00      -1   0.138E-03   20.00  0.3896E+02  0.0000E+00
  14   -13.0000     -32.843 0.0882   0.4290E-02  0.1596E-02  0.3308E-03  0.0000E+00      -1   0.662E-04   20.00  0.3888E+02  0.0000E+00
  15   -14.0000     -31.808 0.0898   0.4699E-02  0.1688E-02  0.1296E-05  0.0000E+00      -1   0.259E-06   20.00  0.3885E+02  0.0000E+00
  16   -15.0000     -30.840 0.0912   0.5082E-02  0.1773E-02 -0.3003E-03  0.0000E+00      -1  -0.601E-04   20.00  0.3884E+02  0.0000E+00
  17   -16.0000     -29.924 0.0926   0.5444E-02  0.1855E-02 -0.6152E-03  0.0000E+00      -1  -0.123E-03   20.00  0.3896E+02  0.0000E+00
  18   -17.0000     -29.058 0.0945   0.6349E-02  0.1995E-02 -0.9685E-03  0.0000E+00      -1  -0.194E-03   20.00  0.3900E+02  0.0000E+00
  19   -18.0000     -28.226 0.0964   0.7277E-02  0.2137E-02 -0.1312E-02  0.0000E+00      -1  -0.262E-03   20.00  0.3903E+02  0.0000E+00
  20   -19.0000     -27.417 0.0983   0.8181E-02  0.2275E-02 -0.1616E-02  0.0000E+00      -1  -0.323E-03   20.00  0.3905E+02  0.0000E+00
  21   -20.0000     -26.621 0.1002   0.9070E-02  0.2411E-02 -0.1883E-02  0.0000E+00      -1  -0.377E-03   20.00  0.3903E+02  0.0000E+00
  22   -21.0000     -25.832 0.1020   0.9951E-02  0.2546E-02 -0.2117E-02  0.0000E+00      -1  -0.423E-03   20.00  0.3898E+02  0.0000E+00
  23   -22.0000     -25.046 0.1039   0.1083E-01  0.2680E-02 -0.2319E-02  0.0000E+00      -1  -0.464E-03   20.00  0.3890E+02  0.0000E+00
  24   -23.0000     -24.261 0.1057   0.1171E-01  0.2814E-02 -0.2492E-02  0.0000E+00      -1  -0.498E-03   20.00  0.3881E+02  0.0000E+00
  25   -24.0000     -23.469 0.1078   0.1294E-01  0.2974E-02 -0.2676E-02  0.0000E+00      -1  -0.535E-03   20.00  0.3872E+02  0.0000E+00
  26   -25.0000     -22.665 0.1107   0.1541E-01  0.3229E-02 -0.2870E-02  0.0000E+00      -1  -0.574E-03   20.00  0.3859E+02  0.0000E+00
  27   -26.0000     -21.843 0.1137   0.1795E-01  0.3490E-02 -0.3037E-02  0.0000E+00      -1  -0.607E-03   20.00  0.3845E+02  0.0000E+00
  28   -27.0000     -21.005 0.1167   0.2053E-01  0.3755E-02 -0.3181E-02  0.0000E+00      -1  -0.636E-03   20.00  0.3829E+02  0.0000E+00
  29   -28.0000     -20.153 0.1198   0.2316E-01  0.4025E-02 -0.3304E-02  0.0000E+00      -1  -0.661E-03   20.00  0.3810E+02  0.0000E+00
  30   -29.0000     -19.290 0.1229   0.2581E-01  0.4298E-02 -0.3408E-02  0.0000E+00      -1  -0.682E-03   20.00  0.3790E+02  0.0000E+00
  31   -30.0000     -18.414 0.1267   0.3017E-01  0.4653E-02 -0.3516E-02  0.0000E+00      -1  -0.703E-03   20.00  0.3770E+02  0.0000E+00
  32   -31.0000     -17.520 0.1315   0.3750E-01  0.5148E-02 -0.3627E-02  0.0000E+00      -1  -0.725E-03   20.00  0.3747E+02  0.0000E+00
  33   -32.0000     -16.609 0.1365   0.4496E-01  0.5653E-02 -0.3720E-02  0.0000E+00      -1  -0.744E-03   20.00  0.3722E+02  0.0000E+00
  34   -33.0000     -15.686 0.1415   0.5252E-01  0.6164E-02 -0.3797E-02  0.0000E+00      -1  -0.759E-03   20.00  0.3696E+02  0.0000E+00
  35   -34.0000     -14.753 0.1469   0.6135E-01  0.6712E-02 -0.3873E-02  0.0000E+00      -1  -0.775E-03   20.00  0.3669E+02  0.0000E+00
  36   -35.0000     -13.808 0.1543   0.8083E-01  0.7549E-02 -0.3947E-02  0.0000E+00      -1  -0.789E-03   20.00  0.3640E+02  0.0000E+00
  37   -36.0000     -12.852 0.1619   0.1005E+00  0.8396E-02 -0.4005E-02  0.0000E+00      -1  -0.801E-03   20.00  0.3610E+02  0.0000E+00
  38   -37.0000     -11.889 0.1695   0.1204E+00  0.9250E-02 -0.4051E-02  0.0000E+00      -1  -0.810E-03   20.00  0.3580E+02  0.0000E+00
  39   -38.0000     -10.917 0.1796   0.1638E+00  0.1041E-01 -0.4091E-02  0.0000E+00      -1  -0.818E-03   20.00  0.3549E+02  0.0000E+00
  40   -39.0000      -9.939 0.1902   0.2109E+00  0.1162E-01 -0.4127E-02  0.0000E+00      -1  -0.825E-03   20.00  0.3519E+02  0.0000E+00
  41   -40.0000      -8.956 0.2019   0.2780E+00  0.1290E-01 -0.4156E-02  0.0000E+00      -1  -0.831E-03   20.00  0.3488E+02  0.0000E+00
  42   -41.0000      -7.969 0.2155   0.3786E+00  0.1430E-01 -0.4180E-02  0.0000E+00      -1  -0.836E-03   20.00  0.3459E+02  0.0000E+00
  43   -42.0000      -6.978 0.2301   0.5168E+00  0.1560E-01 -0.4199E-02  0.0000E+00      -1  -0.840E-03   20.00  0.3431E+02  0.0000E+00
  44   -43.0000      -5.985 0.2461   0.7079E+00  0.1675E-01 -0.4213E-02  0.0000E+00      -1  -0.843E-03   20.00  0.3404E+02  0.0000E+00
  45   -44.0000      -4.990 0.2630   0.1011E+01  0.1718E-01 -0.4224E-02  0.0000E+00      -1  -0.845E-03   20.00  0.3380E+02  0.0000E+00
  46   -45.0000      -3.994 0.2800   0.1433E+01  0.1666E-01 -0.4230E-02  0.0000E+00      -1  -0.846E-03   20.00  0.3359E+02  0.0000E+00
  47   -46.0000      -2.996 0.2959   0.2020E+01  0.1472E-01 -0.4235E-02  0.0000E+00      -1  -0.847E-03   20.00  0.3342E+02  0.0000E+00
  48   -47.0000      -1.998 0.3089   0.2836E+01  0.1088E-01 -0.4237E-02  0.0000E+00      -1  -0.847E-03   20.00  0.3330E+02  0.0000E+00
  49   -48.0000      -0.999 0.3173   0.3867E+01  0.5565E-02 -0.4238E-02  0.0000E+00      -1  -0.848E-03   20.00  0.3324E+02  0.0000E+00
  50   -49.0000       0.000 0.3200   0.5000E+01  0.0000E+00 -0.4238E-02  0.0000E+00      -1  -0.848E-03   20.00  0.3324E+02  0.0000E+00
end


 Time:        6.0000


 Node      Depth      Head Moisture       K          C         Flux        Sink         Kappa   v/KsTop   Temp   Conc(1..NS) Sorb(1...NS)
           [L]        [L]    [-]        [L/T]      [1/L]      [L/T]        [1/T]         [-]      [-]      [C]      [M/L*3]

   1     0.0000     -66.100 0.0627   0.3487E-03  0.3851E-03  0.2387E-08  0.0000E+00      -1   0.477E-09   20.00  0.6222E+02  0.0000E+00
   2    -1.0000     -63.852 0.0635   0.3848E-03  0.4096E-03  0.8452E-03  0.0000E+00      -1   0.169E-03   20.00  0.6029E+02  0.0000E+00
   3    -2.0000     -59.899 0.0649   0.4501E-03  0.4533E-03  0.1496E-02  0.0000E+00      -1   0.299E-03   20.00  0.5821E+02  0.0000E+00
   4    -3.0000     -55.697 0.0673   0.6481E-03  0.5466E-03  0.1982E-02  0.0000E+00      -1   0.396E-03   20.00  0.5579E+02  0.0000E+00
   5    -4.0000     -51.725 0.0696   0.8361E-03  0.6351E-03  0.2297E-02  0.0000E+00      -1   0.459E-03   20.00  0.5335E+02  0.0000E+00
   6    -5.0000     -48.132 0.0717   0.1006E-02  0.7153E-03  0.2401E-02  0.0000E+00      -1   0.480E-03   20.00  0.5076E+02  0.0000E+00
   7    -6.0000     -45.098 0.0742   0.1367E-02  0.8370E-03  0.2361E-02  0.0000E+00      -1   0.472E-03   20.00  0.4812E+02  0.0000E+00
   8    -7.0000     -42.598 0.0766   0.1711E-02  0.9490E-03  0.2218E-02  0.0000E+00      -1   0.444E-03   20.00  0.4555E+02  0.0000E+00
   9    -8.0000     -40.453 0.0785   0.2006E-02  0.1045E-02  0.2017E-02  0.0000E+00      -1   0.403E-03   20.00  0.4322E+02  0.0000E+00
  10    -9.0000     -38.560 0.0803   0.2266E-02  0.1130E-02  0.1784E-02  0.0000E+00      -1   0.357E-03   20.00  0.4132E+02  0.0000E+00
  11   -10.0000     -36.890 0.0823   0.2691E-02  0.1238E-02  0.1468E-02  0.0000E+00      -1   0.294E-03   20.00  0.4002E+02  0.0000E+00
  12   -11.0000     -35.461 0.0844   0.3255E-02  0.1364E-02  0.1087E-02  0.0000E+00      -1   0.217E-03   20.00  0.3919E+02  0.0000E+00
  13   -12.0000     -34.204 0.0862   0.3752E-02  0.1476E-02  0.7263E-03  0.0000E+00      -1   0.145E-03   20.00  0.3885E+02  0.0000E+00
  14   -13.0000     -33.066 0.0879   0.4202E-02  0.1576E-02  0.3866E-03  0.0000E+00      -1   0.773E-04   20.00  0.3877E+02  0.0000E+00
  15   -14.0000     -32.015 0.0895   0.4617E-02  0.1669E-02  0.6913E-04  0.0000E+00      -1   0.138E-04   20.00  0.3875E+02  0.0000E+00
  16   -15.0000     -31.033 0.0909   0.5006E-02  0.1756E-02 -0.2267E-03  0.0000E+00      -1  -0.453E-04   20.00  0.3877E+02  0.0000E+00
  17   -16.0000     -30.104 0.0923   0.5373E-02  0.1839E-02 -0.5023E-03  0.0000E+00      -1  -0.100E-03   20.00  0.3889E+02  0.0000E+00
  18   -17.0000     -29.214 0.0941   0.6174E-02  0.1968E-02 -0.8180E-03  0.0000E+00      -1  -0.164E-03   20.00  0.3897E+02  0.0000E+00
  19   -18.0000     -28.364 0.0961   0.7122E-02  0.2113E-02 -0.1162E-02  0.0000E+00      -1  -0.232E-03   20.00  0.3902E+02  0.0000E+00
  20   -19.0000     -27.539 0.0980   0.8045E-02  0.2254E-02 -0.1465E-02  0.0000E+00      -1  -0.293E-03   20.00  0.3904E+02  0.0000E+00
  21   -20.0000     -26.728 0.0999   0.8951E-02  0.2393E-02 -0.1731E-02  0.0000E+00      -1  -0.346E-03   20.00  0.3902E+02  0.0000E+00
  22   -21.0000     -25.925 0.1018   0.9847E-02  0.2530E-02 -0.1965E-02  0.0000E+00      -1  -0.393E-03   20.00  0.3897E+02  0.0000E+00
  23   -22.0000     -25.127 0.1037   0.1074E-01  0.2666E-02 -0.2168E-02  0.0000E+00      -1  -0.434E-03   20.00  0.3890E+02  0.0000E+00
  24   -23.0000     -24.329 0.1055   0.1163E-01  0.2802E-02 -0.2342E-02  0.0000E+00      -1  -0.468E-03   20.00  0.3880E+02  0.0000E+00
  25   -24.0000     -23.528 0.1076   0.1276E-01  0.2956E-02 -0.2528E-02  0.0000E+00      -1  -0.506E-03   20.00  0.3872E+02  0.0000E+00
  26   -25.0000     -22.716 0.1105   0.1526E-01  0.3213E-02 -0.2725E-02  0.0000E+00      -1  -0.545E-03   20.00  0.3859E+02  0.0000E+00
  27   -26.0000     -21.886 0.1135   0.1781E-01  0.3476E-02 -0.2895E-02  0.0000E+00      -1  -0.579E-03   20.00  0.3845E+02  0.0000E+00
  28   -27.0000     -21.042 0.1166   0.2042E-01  0.3743E-02 -0.3041E-02  0.0000E+00      -1  -0.608E-03   20.00  0.3828E+02  0.0000E+00
  29   -28.0000     -20.185 0.1197   0.2306E-01  0.4015E-02 -0.3165E-02  0.0000E+00      -1  -0.633E-03   20.00  0.3810E+02  0.0000E+00
  30   -29.0000     -19.317 0.1228   0.2573E-01  0.4290E-02 -0.3269E-02  0.0000E+00      -1  -0.654E-03   20.00  0.3790E+02  0.0000E+00
  31   -30.0000     -18.436 0.1265   0.2999E-01  0.4640E-02 -0.3376E-02  0.0000E+00      -1  -0.675E-03   20.00  0.3770E+02  0.0000E+00
  32   -31.0000     -17.538 0.1314   0.3735E-01  0.5138E-02 -0.3485E-02  0.0000E+00      -1  -0.697E-03   20.00  0.3747E+02  0.0000E+00
  33   -32.0000     -16.624 0.1364   0.4483E-01  0.5644E-02 -0.3576E-02  0.0000E+00      -1  -0.715E-03   20.00  0.3722E+02  0.0000E+00
  34   -33.0000     -15.698 0.1415   0.5242E-01  0.6157E-02 -0.3650E-02  0.0000E+00      -1  -0.730E-03   20.00  0.3696E+02  0.0000E+00
  35   -34.0000     -14.763 0.1468   0.6115E-01  0.6704E-02 -0.3722E-02  0.0000E+00      -1  -0.744E-03   20.00  0.3669E+02  0.0000E+00
  36   -35.0000     -13.816 0.1543   0.8067E-01  0.7543E-02 -0.3790E-02  0.0000E+00      -1  -0.758E-03   20.00  0.3640E+02  0.0000E+00
  37   -36.0000     -12.858 0.1618   0.1004E+00  0.8391E-02 -0.3844E-02  0.0000E+00      -1  -0.769E-03   20.00  0.3611E+02  0.0000E+00
  38   -37.0000     -11.893 0.1695   0.1203E+00  0.9246E-02 -0.3886E-02  0.0000E+00      -1  -0.777E-03   20.00  0.3580E+02  0.0000E+00
  39   -38.0000     -10.921 0.1796   0.1637E+00  0.1041E-01 -0.3923E-02  0.0000E+00      -1  -0.785E-03   20.00  0.3550E+02  0.0000E+00
  40   -39.0000      -9.942 0.1902   0.2107E+00  0.1162E-01 -0.3955E-02  0.0000E+00      -1  -0.791E-03   20.00  0.3519E+02  0.0000E+00
  41   -40.0000      -8.958 0.2019   0.2779E+00  0.1290E-01 -0.3981E-02  0.0000E+00      -1  -0.796E-03   20.00  0.3489E+02  0.0000E+00
  42   -41.0000      -7.970 0.2155   0.3785E+00  0.1430E-01 -0.4003E-02  0.0000E+00      -1  -0.801E-03   20.00  0.3460E+02  0.0000E+00
  43   -42.0000      -6.979 0.2301   0.5167E+00  0.1560E-01 -0.4020E-02  0.0000E+00      -1  -0.804E-03   20.00  0.3431E+02  0.0000E+00
  44   -43.0000      -5.986 0.2460   0.7077E+00  0.1675E-01 -0.4032E-02  0.0000E+00      -1  -0.806E-03   20.00  0.3405E+02  0.0000E+00
  45   -44.0000      -4.991 0.2630   0.1011E+01  0.1718E-01 -0.4041E-02  0.0000E+00      -1  -0.808E-03   20.00  0.3381E+02  0.0000E+00
  46   -45.0000      -3.994 0.2800   0.1433E+01  0.1666E-01 -0.4047E-02  0.0000E+00      -1  -0.809E-03   20.00  0.3360E+02  0.0000E+00
  47   -46.0000      -2.996 0.2959   0.2020E+01  0.1472E-01 -0.4051E-02  0.0000E+00      -1  -0.810E-03   20.00  0.3343E+02  0.0000E+00
  48   -47.0000      -1.998 0.3089   0.2836E+01  0.1088E-01 -0.4053E-02  0.0000E+00      -1  -0.811E-03   20.00  0.3331E+02  0.0000E+00
  49   -48.0000      -0.999 0.3173   0.3867E+01  0.5565E-02 -0.4054E-02  0.0000E+00      -1  -0.811E-03   20.00  0.3325E+02  0.0000E+00
  50   -49.0000       0.000 0.3200   0.5000E+01  0.0000E+00 -0.4054E-02  0.0000E+00      -1  -0.811E-03   20.00  0.3325E+02  0.0000E+00
end


 Time:        7.0000


 Node      Depth      Head Moisture       K          C         Flux        Sink         Kappa   v/KsTop   Temp   Conc(1..NS) Sorb(1...NS)
           [L]        [L]    [-]        [L/T]      [1/L]      [L/T]        [1/T]         [-]      [-]      [C]      [M/L*3]

   1     0.0000     -10.114 0.1883   0.2015E+00  0.1138E-01 -0.4050E+00  0.0000E+00      -1  -0.810E-01   20.00  0.4025E+02  0.0000E+00
   2    -1.0000     -11.397 0.1745   0.1407E+00  0.9815E-02 -0.3698E+00  0.0000E+00      -1  -0.740E-01   20.00  0.4118E+02  0.0000E+00
   3    -2.0000     -13.433 0.1573   0.8912E-01  0.7905E-02 -0.3160E+00  0.0000E+00      -1  -0.632E-01   20.00  0.4201E+02  0.0000E+00
   4    -3.0000     -16.666 0.1362   0.4472E-01  0.5637E-02 -0.2401E+00  0.0000E+00      -1  -0.480E-01   20.00  0.4274E+02  0.0000E+00
   5    -4.0000     -22.005 0.1130   0.1742E-01  0.3435E-02 -0.1507E+00  0.0000E+00      -1  -0.301E-01   20.00  0.4353E+02  0.0000E+00
   6    -5.0000     -30.190 0.0922   0.5311E-02  0.1825E-02 -0.6973E-01  0.0000E+00      -1  -0.139E-01   20.00  0.4452E+02  0.0000E+00
   7    -6.0000     -38.423 0.0804   0.2282E-02  0.1135E-02 -0.2142E-01  0.0000E+00      -1  -0.428E-02   20.00  0.4658E+02  0.0000E+00
   8    -7.0000     -41.140 0.0779   0.1912E-02  0.1014E-02 -0.4068E-02  0.0000E+00      -1  -0.814E-03   20.00  0.4565E+02  0.0000E+00
   9    -8.0000     -40.314 0.0787   0.2026E-02  0.1052E-02  0.4548E-03  0.0000E+00      -1   0.910E-04   20.00  0.4311E+02  0.0000E+00
  10    -9.0000     -38.727 0.0801   0.2244E-02  0.1123E-02  0.1353E-02  0.0000E+00      -1   0.271E-03   20.00  0.4122E+02  0.0000E+00
  11   -10.0000     -37.127 0.0819   0.2599E-02  0.1217E-02  0.1341E-02  0.0000E+00      -1   0.268E-03   20.00  0.3996E+02  0.0000E+00
  12   -11.0000     -35.701 0.0840   0.3162E-02  0.1343E-02  0.1069E-02  0.0000E+00      -1   0.214E-03   20.00  0.3912E+02  0.0000E+00
  13   -12.0000     -34.434 0.0859   0.3662E-02  0.1455E-02  0.7497E-03  0.0000E+00      -1   0.150E-03   20.00  0.3874E+02  0.0000E+00
  14   -13.0000     -33.282 0.0876   0.4117E-02  0.1557E-02  0.4344E-03  0.0000E+00      -1   0.869E-04   20.00  0.3866E+02  0.0000E+00
  15   -14.0000     -32.218 0.0892   0.4538E-02  0.1652E-02  0.1350E-03  0.0000E+00      -1   0.270E-04   20.00  0.3866E+02  0.0000E+00
  16   -15.0000     -31.220 0.0906   0.4932E-02  0.1740E-02 -0.1441E-03  0.0000E+00      -1  -0.288E-04   20.00  0.3870E+02  0.0000E+00
  17   -16.0000     -30.274 0.0920   0.5305E-02  0.1824E-02 -0.4002E-03  0.0000E+00      -1  -0.800E-04   20.00  0.3882E+02  0.0000E+00
  18   -17.0000     -29.367 0.0938   0.6003E-02  0.1942E-02 -0.6962E-03  0.0000E+00      -1  -0.139E-03   20.00  0.3895E+02  0.0000E+00
  19   -18.0000     -28.501 0.0958   0.6970E-02  0.2090E-02 -0.1027E-02  0.0000E+00      -1  -0.205E-03   20.00  0.3900E+02  0.0000E+00
  20   -19.0000     -27.660 0.0978   0.7910E-02  0.2234E-02 -0.1323E-02  0.0000E+00      -1  -0.265E-03   20.00  0.3903E+02  0.0000E+00
  21   -20.0000     -26.834 0.0997   0.8832E-02  0.2375E-02 -0.1586E-02  0.0000E+00      -1  -0.317E-03   20.00  0.3902E+02  0.0000E+00
  22   -21.0000     -26.018 0.1016   0.9743E-02  0.2514E-02 -0.1818E-02  0.0000E+00      -1  -0.364E-03   20.00  0.3897E+02  0.0000E+00
  23   -22.0000     -25.207 0.1035   0.1065E-01  0.2652E-02 -0.2021E-02  0.0000E+00      -1  -0.404E-03   20.00  0.3890E+02  0.0000E+00
  24   -23.0000     -24.398 0.1054   0.1155E-01  0.2790E-02 -0.2195E-02  0.0000E+00      -1  -0.439E-03   20.00  0.3880E+02  0.0000E+00
  25   -24.0000     -23.587 0.1073   0.1257E-01  0.2937E-02 -0.2383E-02  0.0000E+00      -1  -0.477E-03   20.00  0.3872E+02  0.0000E+00
  26   -25.0000     -22.767 0.1103   0.1510E-01  0.3197E-02 -0.2582E-02  0.0000E+00      -1  -0.516E-03   20.00  0.3859E+02  0.0000E+00
  27   -26.0000     -21.930 0.1133   0.1768E-01  0.3462E-02 -0.2754E-02  0.0000E+00      -1  -0.551E-03   20.00  0.3844E+02  0.0000E+00
  28   -27.0000     -21.079 0.1164   0.2030E-01  0.3732E-02 -0.2901E-02  0.0000E+00      -1  -0.580E-03   20.00  0.3828E+02  0.0000E+00
  29   -28.0000     -20.216 0.1195   0.2296E-01  0.4005E-02 -0.3025E-02  0.0000E+00      -1  -0.605E-03   20.00  0.3810E+02  0.0000E+00
  30   -29.0000     -19.343 0.1227   0.2565E-01  0.4281E-02 -0.3130E-02  0.0000E+00      -1  -0.626E-03   20.00  0.3790E+02  0.0000E+00
  31   -30.0000     -18.457 0.1264   0.2982E-01  0.4628E-02 -0.3236E-02  0.0000E+00      -1  -0.647E-03   20.00  0.3770E+02  0.0000E+00
  32   -31.0000     -17.556 0.1313   0.3720E-01  0.5128E-02 -0.3343E-02  0.0000E+00      -1  -0.669E-03   20.00  0.3747E+02  0.0000E+00
  33   -32.0000     -16.639 0.1363   0.4471E-01  0.5636E-02 -0.3431E-02  0.0000E+00      -1  -0.686E-03   20.00  0.3722E+02  0.0000E+00
  34   -33.0000     -15.710 0.1414   0.5232E-01  0.6151E-02 -0.3503E-02  0.0000E+00      -1  -0.701E-03   20.00  0.3696E+02  0.0000E+00
  35   -34.0000     -14.773 0.1467   0.6096E-01  0.6696E-02 -0.3571E-02  0.0000E+00      -1  -0.714E-03   20.00  0.3669E+02  0.0000E+00
  36   -35.0000     -13.824 0.1542   0.8052E-01  0.7536E-02 -0.3637E-02  0.0000E+00      -1  -0.727E-03   20.00  0.3641E+02  0.0000E+00
  37   -36.0000     -12.864 0.1618   0.1003E+00  0.8386E-02 -0.3687E-02  0.0000E+00      -1  -0.737E-03   20.00  0.3611E+02  0.0000E+00
  38   -37.0000     -11.898 0.1694   0.1202E+00  0.9242E-02 -0.3726E-02  0.0000E+00      -1  -0.745E-03   20.00  0.3581E+02  0.0000E+00
  39   -38.0000     -10.924 0.1796   0.1635E+00  0.1040E-01 -0.3760E-02  0.0000E+00      -1  -0.752E-03   20.00  0.3551E+02  0.0000E+00
  40   -39.0000      -9.944 0.1902   0.2106E+00  0.1162E-01 -0.3790E-02  0.0000E+00      -1  -0.758E-03   20.00  0.3520E+02  0.0000E+00
  41   -40.0000      -8.960 0.2019   0.2777E+00  0.1290E-01 -0.3814E-02  0.0000E+00      -1  -0.763E-03   20.00  0.3490E+02  0.0000E+00
  42   -41.0000      -7.972 0.2155   0.3784E+00  0.1430E-01 -0.3834E-02  0.0000E+00      -1  -0.767E-03   20.00  0.3460E+02  0.0000E+00
  43   -42.0000      -6.980 0.2301   0.5165E+00  0.1560E-01 -0.3849E-02  0.0000E+00      -1  -0.770E-03   20.00  0.3432E+02  0.0000E+00
  44   -43.0000      -5.986 0.2460   0.7076E+00  0.1675E-01 -0.3860E-02  0.0000E+00      -1  -0.772E-03   20.00  0.3406E+02  0.0000E+00
  45   -44.0000      -4.991 0.2630   0.1011E+01  0.1718E-01 -0.3868E-02  0.0000E+00      -1  -0.774E-03   20.00  0.3382E+02  0.0000E+00
  46   -45.0000      -3.994 0.2800   0.1432E+01  0.1666E-01 -0.3874E-02  0.0000E+00      -1  -0.775E-03   20.00  0.3361E+02  0.0000E+00
  47   -46.0000      -2.996 0.2959   0.2020E+01  0.1472E-01 -0.3877E-02  0.0000E+00      -1  -0.775E-03   20.00  0.3344E+02  0.0000E+00
  48   -47.0000      -1.998 0.3089   0.2836E+01  0.1088E-01 -0.3879E-02  0.0000E+00      -1  -0.776E-03   20.00  0.3332E+02  0.0000E+00
  49   -48.0000      -0.999 0.3173   0.3867E+01  0.5565E-02 -0.3879E-02  0.0000E+00      -1  -0.776E-03   20.00  0.3325E+02  0.0000E+00
  50   -49.0000       0.000 0.3200   0.5000E+01  0.0000E+00 -0.3879E-02  0.0000E+00      -1  -0.776E-03   20.00  0.3325E+02  0.0000E+00
end


 Time:        8.0000


 Node      Depth      Head Moisture       K          C         Flux        Sink         Kappa   v/KsTop   Temp   Conc(1..NS) Sorb(1...NS)
           [L]        [L]    [-]        [L/T]      [1/L]      [L/T]        [1/T]         [-]      [-]      [C]      [M/L*3]

   1     0.0000     -19.382 0.1226   0.2553E-01  0.4269E-02  0.1083E-01  0.5122E-03      -1   0.217E-02   20.00  0.4415E+02  0.0000E+00
   2    -1.0000     -18.335 0.1270   0.3080E-01  0.4695E-02 -0.9936E-02  0.4310E-03      -1  -0.199E-02   20.00  0.4255E+02  0.0000E+00
   3    -2.0000     -17.994 0.1289   0.3354E-01  0.4880E-02 -0.3090E-01  0.3904E-03      -1  -0.618E-02   20.00  0.4270E+02  0.0000E+00
   4    -3.0000     -18.242 0.1276   0.3149E-01  0.4741E-02 -0.4848E-01  0.3789E-03      -1  -0.970E-02   20.00  0.4307E+02  0.0000E+00
   5    -4.0000     -19.201 0.1233   0.2607E-01  0.4324E-02 -0.5962E-01  0.3965E-03      -1  -0.119E-01   20.00  0.4334E+02  0.0000E+00
   6    -5.0000     -20.875 0.1172   0.2095E-01  0.3798E-02 -0.6201E-01  0.4374E-03      -1  -0.124E-01   20.00  0.4357E+02  0.0000E+00
   7    -6.0000     -23.468 0.1079   0.1310E-01  0.2991E-02 -0.5637E-01  0.5031E-03      -1  -0.113E-01   20.00  0.4366E+02  0.0000E+00
   8    -7.0000     -27.246 0.0988   0.8501E-02  0.2324E-02 -0.4284E-01  0.5172E-03      -1  -0.857E-02   20.00  0.4348E+02  0.0000E+00
   9    -8.0000     -31.329 0.0905   0.4913E-02  0.1736E-02 -0.2631E-01  0.4741E-03      -1  -0.526E-02   20.00  0.4313E+02  0.0000E+00
  10    -9.0000     -34.709 0.0855   0.3550E-02  0.1430E-02 -0.1291E-01  0.4310E-03      -1  -0.258E-02   20.00  0.4217E+02  0.0000E+00
  11   -10.0000     -35.912 0.0837   0.3070E-02  0.1323E-02 -0.4678E-02  0.3879E-03      -1  -0.936E-03   20.00  0.4047E+02  0.0000E+00
  12   -11.0000     -35.569 0.0842   0.3209E-02  0.1354E-02 -0.1153E-02  0.3448E-03      -1  -0.231E-03   20.00  0.3922E+02  0.0000E+00
  13   -12.0000     -34.641 0.0856   0.3578E-02  0.1437E-02  0.1947E-05  0.3017E-03      -1   0.389E-06   20.00  0.3874E+02  0.0000E+00
  14   -13.0000     -33.576 0.0872   0.4000E-02  0.1531E-02  0.2537E-03  0.2586E-03      -1   0.507E-04   20.00  0.3864E+02  0.0000E+00
  15   -14.0000     -32.514 0.0887   0.4420E-02  0.1625E-02  0.1882E-03  0.2155E-03      -1   0.376E-04   20.00  0.3864E+02  0.0000E+00
  16   -15.0000     -31.489 0.0902   0.4825E-02  0.1716E-02  0.1825E-04  0.1724E-03      -1   0.365E-05   20.00  0.3868E+02  0.0000E+00
  17   -16.0000     -30.505 0.0917   0.5214E-02  0.1803E-02 -0.1783E-03  0.1293E-03      -1  -0.357E-04   20.00  0.3879E+02  0.0000E+00
  18   -17.0000     -29.555 0.0933   0.5793E-02  0.1910E-02 -0.4573E-03  0.8619E-04      -1  -0.915E-04   20.00  0.3896E+02  0.0000E+00
  19   -18.0000     -28.656 0.0954   0.6797E-02  0.2064E-02 -0.8016E-03  0.4310E-04      -1  -0.160E-03   20.00  0.3899E+02  0.0000E+00
  20   -19.0000     -27.789 0.0975   0.7765E-02  0.2212E-02 -0.1124E-02  0.0000E+00      -1  -0.225E-03   20.00  0.3903E+02  0.0000E+00
  21   -20.0000     -26.944 0.0994   0.8709E-02  0.2356E-02 -0.1414E-02  0.0000E+00      -1  -0.283E-03   20.00  0.3901E+02  0.0000E+00
  22   -21.0000     -26.113 0.1014   0.9637E-02  0.2498E-02 -0.1661E-02  0.0000E+00      -1  -0.332E-03   20.00  0.3896E+02  0.0000E+00
  23   -22.0000     -25.289 0.1033   0.1056E-01  0.2638E-02 -0.1871E-02  0.0000E+00      -1  -0.374E-03   20.00  0.3889E+02  0.0000E+00
  24   -23.0000     -24.468 0.1052   0.1148E-01  0.2778E-02 -0.2050E-02  0.0000E+00      -1  -0.410E-03   20.00  0.3880E+02  0.0000E+00
  25   -24.0000     -23.646 0.1071   0.1239E-01  0.2919E-02 -0.2239E-02  0.0000E+00      -1  -0.448E-03   20.00  0.3871E+02  0.0000E+00
  26   -25.0000     -22.818 0.1101   0.1494E-01  0.3181E-02 -0.2438E-02  0.0000E+00      -1  -0.488E-03   20.00  0.3858E+02  0.0000E+00
  27   -26.0000     -21.974 0.1132   0.1754E-01  0.3448E-02 -0.2611E-02  0.0000E+00      -1  -0.522E-03   20.00  0.3844E+02  0.0000E+00
  28   -27.0000     -21.116 0.1163   0.2019E-01  0.3720E-02 -0.2759E-02  0.0000E+00      -1  -0.552E-03   20.00  0.3828E+02  0.0000E+00
  29   -28.0000     -20.248 0.1194   0.2286E-01  0.3995E-02 -0.2884E-02  0.0000E+00      -1  -0.577E-03   20.00  0.3810E+02  0.0000E+00
  30   -29.0000     -19.369 0.1226   0.2557E-01  0.4273E-02 -0.2988E-02  0.0000E+00      -1  -0.598E-03   20.00  0.3790E+02  0.0000E+00
  31   -30.0000     -18.479 0.1263   0.2964E-01  0.4617E-02 -0.3093E-02  0.0000E+00      -1  -0.619E-03   20.00  0.3770E+02  0.0000E+00
  32   -31.0000     -17.573 0.1312   0.3706E-01  0.5118E-02 -0.3200E-02  0.0000E+00      -1  -0.640E-03   20.00  0.3747E+02  0.0000E+00
  33   -32.0000     -16.653 0.1363   0.4460E-01  0.5628E-02 -0.3286E-02  0.0000E+00      -1  -0.657E-03   20.00  0.3722E+02  0.0000E+00
  34   -33.0000     -15.722 0.1414   0.5222E-01  0.6144E-02 -0.3357E-02  0.0000E+00      -1  -0.671E-03   20.00  0.3696E+02  0.0000E+00
  35   -34.0000     -14.782 0.1466   0.6077E-01  0.6687E-02 -0.3424E-02  0.0000E+00      -1  -0.685E-03   20.00  0.3670E+02  0.0000E+00
  36   -35.0000     -13.831 0.1542   0.8037E-01  0.7530E-02 -0.3487E-02  0.0000E+00      -1  -0.697E-03   20.00  0.3641E+02  0.0000E+00
  37   -36.0000     -12.870 0.1617   0.1002E+00  0.8381E-02 -0.3536E-02  0.0000E+00      -1  -0.707E-03   20.00  0.3612E+02  0.0000E+00
  38   -37.0000     -11.902 0.1694   0.1201E+00  0.9238E-02 -0.3573E-02  0.0000E+00      -1  -0.715E-03   20.00  0.3581E+02  0.0000E+00
  39   -38.0000     -10.927 0.1795   0.1633E+00  0.1040E-01 -0.3606E-02  0.0000E+00      -1  -0.721E-03   20.00  0.3551E+02  0.0000E+00
  40   -39.0000      -9.947 0.1901   0.2105E+00  0.1161E-01 -0.3634E-02  0.0000E+00      -1  -0.727E-03   20.00  0.3521E+02  0.0000E+00
  41   -40.0000      -8.962 0.2018   0.2775E+00  0.1290E-01 -0.3658E-02  0.0000E+00      -1  -0.732E-03   20.00  0.3490E+02  0.0000E+00
  42   -41.0000      -7.973 0.2154   0.3782E+00  0.1430E-01 -0.3677E-02  0.0000E+00      -1  -0.735E-03   20.00  0.3461E+02  0.0000E+00
  43   -42.0000      -6.981 0.2300   0.5163E+00  0.1560E-01 -0.3691E-02  0.0000E+00      -1  -0.738E-03   20.00  0.3433E+02  0.0000E+00
  44   -43.0000      -5.987 0.2460   0.7075E+00  0.1675E-01 -0.3702E-02  0.0000E+00      -1  -0.740E-03   20.00  0.3406E+02  0.0000E+00
  45   -44.0000      -4.991 0.2630   0.1011E+01  0.1718E-01 -0.3709E-02  0.0000E+00      -1  -0.742E-03   20.00  0.3383E+02  0.0000E+00
  46   -45.0000      -3.994 0.2800   0.1432E+01  0.1666E-01 -0.3714E-02  0.0000E+00      -1  -0.743E-03   20.00  0.3362E+02  0.0000E+00
  47   -46.0000      -2.997 0.2959   0.2020E+01  0.1472E-01 -0.3718E-02  0.0000E+00      -1  -0.744E-03   20.00  0.3345E+02  0.0000E+00
  48   -47.0000      -1.998 0.3089   0.2836E+01  0.1088E-01 -0.3719E-02  0.0000E+00      -1  -0.744E-03   20.00  0.3333E+02  0.0000E+00
  49   -48.0000      -0.999 0.3173   0.3867E+01  0.5566E-02 -0.3720E-02  0.0000E+00      -1  -0.744E-03   20.00  0.3326E+02  0.0000E+00
  50   -49.0000       0.000 0.3200   0.5000E+01  0.0000E+00 -0.3720E-02  0.0000E+00      -1  -0.744E-03   20.00  0.3326E+02  0.0000E+00
end
