 ******* Program HYDRUS
 ******* Fertilization optimization                                              
 Date:   0. 0.    Time:   1:**:24
 Units: L = mm   , T = hours, M = M    


    n      depth     THr       THs       hs       Ks        Ks/KsTop     Beta      Ah        AK        ATh

    1      0.00     0.020     0.380      -0.0   0.180E+02     1.000     0.105     1.000     1.000     1.000
    2      1.00     0.020     0.380      -0.0   0.180E+02     1.000     0.100     1.000     1.000     1.000
    3      2.00     0.020     0.380      -0.0   0.180E+02     1.000     0.094     1.000     1.000     1.000
    4      3.00     0.020     0.380      -0.0   0.180E+02     1.000     0.089     1.000     1.000     1.000
    5      4.00     0.020     0.380      -0.0   0.180E+02     1.000     0.083     1.000     1.000     1.000
    6      5.00     0.020     0.380      -0.0   0.180E+02     1.000     0.078     1.000     1.000     1.000
    7      6.00     0.020     0.380      -0.0   0.180E+02     1.000     0.072     1.000     1.000     1.000
    8      7.00     0.020     0.380      -0.0   0.180E+02     1.000     0.066     1.000     1.000     1.000
    9      8.00     0.020     0.380      -0.0   0.180E+02     1.000     0.061     1.000     1.000     1.000
   10      9.00     0.020     0.380      -0.0   0.180E+02     1.000     0.055     1.000     1.000     1.000
   11     10.00     0.020     0.380      -0.0   0.180E+02     1.000     0.050     1.000     1.000     1.000
   12     11.00     0.020     0.380      -0.0   0.180E+02     1.000     0.044     1.000     1.000     1.000
   13     12.00     0.020     0.380      -0.0   0.180E+02     1.000     0.039     1.000     1.000     1.000
   14     13.00     0.020     0.380      -0.0   0.180E+02     1.000     0.033     1.000     1.000     1.000
   15     14.00     0.020     0.380      -0.0   0.180E+02     1.000     0.028     1.000     1.000     1.000
   16     15.00     0.020     0.380      -0.0   0.180E+02     1.000     0.022     1.000     1.000     1.000
   17     16.00     0.020     0.380      -0.0   0.180E+02     1.000     0.017     1.000     1.000     1.000
   18     17.00     0.020     0.380      -0.0   0.180E+02     1.000     0.011     1.000     1.000     1.000
   19     18.00     0.020     0.380      -0.0   0.180E+02     1.000     0.006     1.000     1.000     1.000
   20     19.00     0.020     0.380      -0.0   0.180E+02     1.000     0.000     1.000     1.000     1.000
   21     20.00     0.020     0.380      -0.0   0.180E+02     1.000     0.000     1.000     1.000     1.000
   22     21.00     0.020     0.380      -0.0   0.180E+02     1.000     0.000     1.000     1.000     1.000
   23     22.00     0.020     0.380      -0.0   0.180E+02     1.000     0.000     1.000     1.000     1.000
   24     23.00     0.020     0.380      -0.0   0.180E+02     1.000     0.000     1.000     1.000     1.000
   25     24.00     0.020     0.380      -0.0   0.180E+02     1.000     0.000     1.000     1.000     1.000
   26     25.00     0.020     0.380      -0.0   0.180E+02     1.000     0.000     1.000     1.000     1.000
   27     26.00     0.020     0.380      -0.0   0.180E+02     1.000     0.000     1.000     1.000     1.000
   28     27.00     0.020     0.380      -0.0   0.180E+02     1.000     0.000     1.000     1.000     1.000
   29     28.00     0.020     0.380      -0.0   0.180E+02     1.000     0.000     1.000     1.000     1.000
   30     29.00     0.020     0.380      -0.0   0.180E+02     1.000     0.000     1.000     1.000     1.000
   31     30.00     0.020     0.380      -0.0   0.180E+02     1.000     0.000     1.000     1.000     1.000
   32     31.00     0.020     0.380      -0.0   0.180E+02     1.000     0.000     1.000     1.000     1.000
   33     32.00     0.020     0.380      -0.0   0.180E+02     1.000     0.000     1.000     1.000     1.000
   34     33.00     0.020     0.380      -0.0   0.180E+02     1.000     0.000     1.000     1.000     1.000
   35     34.00     0.020     0.380      -0.0   0.180E+02     1.000     0.000     1.000     1.000     1.000
   36     35.00     0.020     0.380      -0.0   0.180E+02     1.000     0.000     1.000     1.000     1.000
   37     36.00     0.020     0.380      -0.0   0.180E+02     1.000     0.000     1.000     1.000     1.000
   38     37.00     0.020     0.380      -0.0   0.180E+02     1.000     0.000     1.000     1.000     1.000
   39     38.00     0.020     0.380      -0.0   0.180E+02     1.000     0.000     1.000     1.000     1.000
   40     39.00     0.020     0.380      -0.0   0.180E+02     1.000     0.000     1.000     1.000     1.000
   41     40.00     0.020     0.380      -0.0   0.180E+02     1.000     0.000     1.000     1.000     1.000
   42     41.00     0.020     0.380      -0.0   0.180E+02     1.000     0.000     1.000     1.000     1.000
   43     42.00     0.020     0.380      -0.0   0.180E+02     1.000     0.000     1.000     1.000     1.000
   44     43.00     0.020     0.380      -0.0   0.180E+02     1.000     0.000     1.000     1.000     1.000
   45     44.00     0.020     0.380      -0.0   0.180E+02     1.000     0.000     1.000     1.000     1.000
   46     45.00     0.020     0.380      -0.0   0.180E+02     1.000     0.000     1.000     1.000     1.000
   47     46.00     0.020     0.380      -0.0   0.180E+02     1.000     0.000     1.000     1.000     1.000
   48     47.00     0.020     0.380      -0.0   0.180E+02     1.000     0.000     1.000     1.000     1.000
   49     48.00     0.020     0.380      -0.0   0.180E+02     1.000     0.000     1.000     1.000     1.000
   50     49.00     0.020     0.380      -0.0   0.180E+02     1.000     0.000     1.000     1.000     1.000
end
    0.1111111E-02   0.0000E+00  0.0000E+00  0.0000E+00  0.1035E-37
    0.1888889E-02   0.0000E+00  0.0000E+00  0.0000E+00  0.1035E-37
    0.2433333E-02   0.0000E+00  0.0000E+00  0.0000E+00  0.1035E-37
    0.3141111E-02   0.0000E+00  0.0000E+00  0.0000E+00  0.1035E-37
    0.4061222E-02   0.0000E+00  0.0000E+00  0.0000E+00  0.1035E-37
    0.5257366E-02   0.0000E+00  0.0000E+00  0.0000E+00  0.1035E-37
    0.6812353E-02   0.0000E+00  0.0000E+00  0.0000E+00  0.1035E-37
    0.8833837E-02   0.0000E+00  0.0000E+00  0.0000E+00  0.1035E-37
    0.1146177E-01   0.0000E+00  0.0000E+00  0.0000E+00  0.1035E-37
    0.1487807E-01   0.0000E+00  0.0000E+00  0.0000E+00  0.1035E-37
    0.1931927E-01   0.0000E+00  0.0000E+00  0.0000E+00  0.1035E-37
    0.2509283E-01   0.0000E+00  0.0000E+00  0.0000E+00  0.1035E-37
    0.3259845E-01   0.0000E+00  0.0000E+00  0.0000E+00  0.1035E-37
    0.4235577E-01   0.0000E+00  0.0000E+00  0.0000E+00  0.1035E-37
    0.5504027E-01   0.0000E+00  0.0000E+00  0.0000E+00  0.1035E-37
    0.7153013E-01   0.0000E+00  0.0000E+00  0.0000E+00  0.1035E-37
    0.9296695E-01   0.0000E+00  0.0000E+00  0.0000E+00  0.1035E-37
    0.1208348E+00   0.0000E+00  0.0000E+00  0.0000E+00  0.1035E-37
    0.1570630E+00   0.0000E+00  0.0000E+00  0.0000E+00  0.1035E-37
    0.2041597E+00   0.0000E+00  0.0000E+00  0.0000E+00  0.1035E-37
    0.2653854E+00   0.0000E+00  0.0000E+00  0.0000E+00  0.1035E-37
    0.3470092E+00   0.0000E+00  0.0000E+00  0.0000E+00  0.1035E-37
    0.4558410E+00   0.0000E+00  0.0000E+00  0.0000E+00  0.1035E-37
    0.5646728E+00   0.0000E+00  0.0000E+00  0.0000E+00  0.1035E-37
    0.6735046E+00   0.0000E+00  0.0000E+00  0.0000E+00  0.1035E-37
    0.8367523E+00   0.0000E+00  0.0000E+00  0.0000E+00  0.1035E-37
    0.1000000E+01   0.0000E+00  0.0000E+00  0.0000E+00  0.1035E-37
    0.1166667E+01   0.0000E+00  0.0000E+00  0.0000E+00  0.1035E-37
    0.1375000E+01   0.0000E+00  0.0000E+00  0.0000E+00  0.1035E-37
    0.1687500E+01   0.0000E+00  0.0000E+00  0.0000E+00  0.1035E-37
    0.2000000E+01   0.0000E+00  0.0000E+00  0.0000E+00  0.1035E-37
    0.2333333E+01   0.0000E+00  0.0000E+00  0.0000E+00  0.1035E-37
    0.3000000E+01   0.0000E+00  0.0000E+00  0.0000E+00  0.1035E-37
    0.3500000E+01   0.0000E+00  0.0000E+00  0.0000E+00  0.1035E-37
    0.4000000E+01   0.0000E+00  0.0000E+00  0.0000E+00  0.1035E-37
    0.5000000E+01   0.0000E+00  0.0000E+00  0.0000E+00  0.1035E-37
    0.6000000E+01   0.0000E+00  0.0000E+00  0.0000E+00  0.1035E-37
    0.6010000E+01   0.0000E+00  0.0000E+00  0.0000E+00  0.1035E-37
    0.6020000E+01   0.0000E+00  0.0000E+00  0.0000E+00  0.1035E-37
    0.6033000E+01   0.0000E+00  0.0000E+00  0.0000E+00  0.1035E-37
    0.6049900E+01   0.0000E+00  0.0000E+00  0.0000E+00  0.1035E-37
    0.6071870E+01   0.0000E+00  0.0000E+00  0.0000E+00  0.1035E-37
    0.6100431E+01   0.0000E+00  0.0000E+00  0.0000E+00  0.1035E-37
    0.6137560E+01   0.0000E+00  0.0000E+00  0.0000E+00  0.1035E-37
    0.6174690E+01   0.0000E+00  0.0000E+00  0.0000E+00  0.1035E-37
    0.6222958E+01   0.0000E+00  0.0000E+00  0.0000E+00  0.1035E-37
    0.6285706E+01   0.0000E+00  0.0000E+00  0.0000E+00  0.1035E-37
    0.6365072E+01   0.0000E+00  0.0000E+00  0.0000E+00  0.1035E-37
    0.6444438E+01   0.0000E+00  0.0000E+00  0.0000E+00  0.1035E-37
    0.6555550E+01   0.0000E+00  0.0000E+00  0.0000E+00  0.1035E-37
    0.6703700E+01   0.0000E+00  0.0000E+00  0.0000E+00  0.1035E-37
    0.6851850E+01   0.0000E+00  0.0000E+00  0.0000E+00  0.1035E-37
    0.7000000E+01   0.0000E+00  0.0000E+00  0.0000E+00  0.1035E-37
    0.7166667E+01   0.7200E-03  0.0000E+00  0.0000E+00  0.1035E-37
    0.7333333E+01   0.7200E-03  0.0000E+00  0.0000E+00  0.1035E-37
    0.7555556E+01   0.7200E-03  0.0000E+00  0.0000E+00  0.1035E-37
    0.8000000E+01   0.7200E-03  0.0000E+00  0.0000E+00  0.1035E-37
    0.8333333E+01   0.7200E-03  0.0000E+00  0.0000E+00  0.1035E-37
    0.8666667E+01   0.7200E-03  0.0000E+00  0.0000E+00  0.1035E-37
    0.9000000E+01   0.7200E-03  0.0000E+00  0.0000E+00  0.1035E-37
    0.9500000E+01   0.7200E-03  0.0000E+00  0.0000E+00  0.1035E-37
    0.1000000E+02   0.7200E-03  0.0000E+00  0.0000E+00  0.1035E-37
    0.1050000E+02   0.7200E-03  0.0000E+00  0.0000E+00  0.1035E-37
    0.1100000E+02   0.7200E-03  0.0000E+00  0.0000E+00  0.1035E-37
    0.1200000E+02   0.7200E-03  0.0000E+00  0.0000E+00  0.1035E-37
    0.1300000E+02   0.7200E-03  0.0000E+00  0.0000E+00  0.1035E-37
    0.1400000E+02   0.7200E-03  0.0000E+00  0.0000E+00  0.1035E-37
    0.1500000E+02   0.7200E-03  0.0000E+00  0.0000E+00  0.1035E-37
    0.1600000E+02   0.7200E-03  0.0000E+00  0.0000E+00  0.1035E-37
    0.1700000E+02   0.7200E-03  0.0000E+00  0.0000E+00  0.1035E-37
    0.1800000E+02   0.7200E-03  0.0000E+00  0.0000E+00  0.1035E-37
    0.1900000E+02   0.0000E+00  0.0000E+00  0.0000E+00  0.1035E-37
    0.2000000E+02   0.0000E+00  0.0000E+00  0.0000E+00  0.1035E-37
    0.2100000E+02   0.0000E+00  0.0000E+00  0.0000E+00  0.1035E-37
    0.2200000E+02   0.0000E+00  0.0000E+00  0.0000E+00  0.1035E-37
    0.2300000E+02   0.0000E+00  0.0000E+00  0.0000E+00  0.1035E-37
    0.2400000E+02   0.0000E+00  0.0000E+00  0.0000E+00  0.1035E-37
    0.2500000E+02   0.0000E+00  0.0000E+00  0.0000E+00  0.1035E-37
    0.2600000E+02   0.0000E+00  0.0000E+00  0.0000E+00  0.1035E-37
    0.2700000E+02   0.0000E+00  0.0000E+00  0.0000E+00  0.1035E-37
    0.2800000E+02   0.0000E+00  0.0000E+00  0.0000E+00  0.1035E-37
    0.2900000E+02   0.0000E+00  0.0000E+00  0.0000E+00  0.1035E-37
    0.3000000E+02   0.0000E+00  0.0000E+00  0.0000E+00  0.1035E-37
    0.3001000E+02   0.0000E+00  0.0000E+00  0.0000E+00  0.1035E-37
    0.3002000E+02   0.0000E+00  0.0000E+00  0.0000E+00  0.1035E-37
    0.3003300E+02   0.0000E+00  0.0000E+00  0.0000E+00  0.1035E-37
    0.3004990E+02   0.0000E+00  0.0000E+00  0.0000E+00  0.1035E-37
    0.3007187E+02   0.0000E+00  0.0000E+00  0.0000E+00  0.1035E-37
    0.3010043E+02   0.0000E+00  0.0000E+00  0.0000E+00  0.1035E-37
    0.3013756E+02   0.0000E+00  0.0000E+00  0.0000E+00  0.1035E-37
    0.3017469E+02   0.0000E+00  0.0000E+00  0.0000E+00  0.1035E-37
    0.3022296E+02   0.0000E+00  0.0000E+00  0.0000E+00  0.1035E-37
    0.3028571E+02   0.0000E+00  0.0000E+00  0.0000E+00  0.1035E-37
    0.3036507E+02   0.0000E+00  0.0000E+00  0.0000E+00  0.1035E-37
    0.3044444E+02   0.0000E+00  0.0000E+00  0.0000E+00  0.1035E-37
    0.3055555E+02   0.0000E+00  0.0000E+00  0.0000E+00  0.1035E-37
    0.3066666E+02   0.0000E+00  0.0000E+00  0.0000E+00  0.1035E-37
    0.3083333E+02   0.0000E+00  0.0000E+00  0.0000E+00  0.1035E-37
    0.3100000E+02   0.0000E+00  0.0000E+00  0.0000E+00  0.1035E-37
    0.3114286E+02   0.7200E-03  0.0000E+00  0.0000E+00  0.1035E-37
    0.3128571E+02   0.7200E-03  0.0000E+00  0.0000E+00  0.1035E-37
    0.3146429E+02   0.7200E-03  0.0000E+00  0.0000E+00  0.1035E-37
    0.3173214E+02   0.7200E-03  0.0000E+00  0.0000E+00  0.1035E-37
    0.3200000E+02   0.7200E-03  0.0000E+00  0.0000E+00  0.1035E-37
    0.3233333E+02   0.7200E-03  0.0000E+00  0.0000E+00  0.1035E-37
    0.3266667E+02   0.7200E-03  0.0000E+00  0.0000E+00  0.1035E-37
    0.3300000E+02   0.7200E-03  0.0000E+00  0.0000E+00  0.1035E-37
    0.3350000E+02   0.7200E-03  0.0000E+00  0.0000E+00  0.1035E-37
    0.3400000E+02   0.7200E-03  0.0000E+00  0.0000E+00  0.1035E-37
    0.3450000E+02   0.7200E-03  0.0000E+00  0.0000E+00  0.1035E-37
    0.3500000E+02   0.7200E-03  0.0000E+00  0.0000E+00  0.1035E-37
    0.3600000E+02   0.7200E-03  0.0000E+00  0.0000E+00  0.1035E-37
    0.3700000E+02   0.7200E-03  0.0000E+00  0.0000E+00  0.1035E-37
    0.3800000E+02   0.7200E-03  0.0000E+00  0.0000E+00  0.1035E-37
    0.3900000E+02   0.7200E-03  0.0000E+00  0.0000E+00  0.1035E-37
    0.4000000E+02   0.7200E-03  0.0000E+00  0.0000E+00  0.1035E-37
    0.4100000E+02   0.7200E-03  0.0000E+00  0.0000E+00  0.1035E-37
    0.4200000E+02   0.7200E-03  0.0000E+00  0.0000E+00  0.1035E-37
    0.4300000E+02   0.0000E+00  0.0000E+00  0.0000E+00  0.1035E-37
    0.4400000E+02   0.0000E+00  0.0000E+00  0.0000E+00  0.1035E-37
    0.4500000E+02   0.0000E+00  0.0000E+00  0.0000E+00  0.1035E-37
    0.4600000E+02   0.0000E+00  0.0000E+00  0.0000E+00  0.1035E-37
    0.4700000E+02   0.0000E+00  0.0000E+00  0.0000E+00  0.1035E-37
    0.4800000E+02   0.0000E+00  0.0000E+00  0.0000E+00  0.1035E-37
    0.4900000E+02   0.0000E+00  0.0000E+00  0.0000E+00  0.1035E-37
    0.5000000E+02   0.0000E+00  0.0000E+00  0.0000E+00  0.1035E-37
    0.5100000E+02   0.0000E+00  0.0000E+00  0.0000E+00  0.1035E-37
    0.5200000E+02   0.0000E+00  0.0000E+00  0.0000E+00  0.1035E-37
    0.5300000E+02   0.0000E+00  0.0000E+00  0.0000E+00  0.1035E-37
    0.5400000E+02   0.0000E+00  0.0000E+00  0.0000E+00  0.1035E-37
    0.5401000E+02   0.0000E+00  0.0000E+00  0.0000E+00  0.1035E-37
    0.5402000E+02   0.0000E+00  0.0000E+00  0.0000E+00  0.1035E-37
    0.5403300E+02   0.0000E+00  0.0000E+00  0.0000E+00  0.1035E-37
    0.5404990E+02   0.0000E+00  0.0000E+00  0.0000E+00  0.1035E-37
    0.5407187E+02   0.0000E+00  0.0000E+00  0.0000E+00  0.1035E-37
    0.5410043E+02   0.0000E+00  0.0000E+00  0.0000E+00  0.1035E-37
    0.5413756E+02   0.0000E+00  0.0000E+00  0.0000E+00  0.1035E-37
    0.5417469E+02   0.0000E+00  0.0000E+00  0.0000E+00  0.1035E-37
    0.5422296E+02   0.0000E+00  0.0000E+00  0.0000E+00  0.1035E-37
    0.5428571E+02   0.0000E+00  0.0000E+00  0.0000E+00  0.1035E-37
    0.5436507E+02   0.0000E+00  0.0000E+00  0.0000E+00  0.1035E-37
    0.5444444E+02   0.0000E+00  0.0000E+00  0.0000E+00  0.1035E-37
    0.5455555E+02   0.0000E+00  0.0000E+00  0.0000E+00  0.1035E-37
    0.5466666E+02   0.0000E+00  0.0000E+00  0.0000E+00  0.1035E-37
    0.5483333E+02   0.0000E+00  0.0000E+00  0.0000E+00  0.1035E-37
    0.5500000E+02   0.0000E+00  0.0000E+00  0.0000E+00  0.1035E-37
    0.5514286E+02   0.7200E-03  0.0000E+00  0.0000E+00  0.1035E-37
    0.5528571E+02   0.7200E-03  0.0000E+00  0.0000E+00  0.1035E-37
    0.5546429E+02   0.7200E-03  0.0000E+00  0.0000E+00  0.1035E-37
    0.5573214E+02   0.7200E-03  0.0000E+00  0.0000E+00  0.1035E-37
    0.5600000E+02   0.7200E-03  0.0000E+00  0.0000E+00  0.1035E-37
    0.5633333E+02   0.7200E-03  0.0000E+00  0.0000E+00  0.1035E-37
    0.5666667E+02   0.7200E-03  0.0000E+00  0.0000E+00  0.1035E-37
    0.5700000E+02   0.7200E-03  0.0000E+00  0.0000E+00  0.1035E-37
    0.5750000E+02   0.7200E-03  0.0000E+00  0.0000E+00  0.1035E-37
    0.5800000E+02   0.7200E-03  0.0000E+00  0.0000E+00  0.1035E-37
    0.5850000E+02   0.7200E-03  0.0000E+00  0.0000E+00  0.1035E-37
    0.5900000E+02   0.7200E-03  0.0000E+00  0.0000E+00  0.1035E-37
    0.6000000E+02   0.7200E-03  0.0000E+00  0.0000E+00  0.1035E-37
    0.6100000E+02   0.7200E-03  0.0000E+00  0.0000E+00  0.1035E-37
    0.6200000E+02   0.7200E-03  0.0000E+00  0.0000E+00  0.1035E-37
    0.6300000E+02   0.7200E-03  0.0000E+00  0.0000E+00  0.1035E-37
    0.6400000E+02   0.7200E-03  0.0000E+00  0.0000E+00  0.1035E-37
    0.6500000E+02   0.7200E-03  0.0000E+00  0.0000E+00  0.1035E-37
    0.6600000E+02   0.7200E-03  0.0000E+00  0.0000E+00  0.1035E-37
    0.6700000E+02   0.0000E+00  0.0000E+00  0.0000E+00  0.1035E-37
    0.6800000E+02   0.0000E+00  0.0000E+00  0.0000E+00  0.1035E-37
    0.6900000E+02   0.0000E+00  0.0000E+00  0.0000E+00  0.1035E-37
    0.7000000E+02   0.0000E+00  0.0000E+00  0.0000E+00  0.1035E-37
    0.7100000E+02   0.0000E+00  0.0000E+00  0.0000E+00  0.1035E-37
    0.7200000E+02   0.0000E+00  0.0000E+00  0.0000E+00  0.1035E-37
    0.7300000E+02   0.0000E+00  0.0000E+00  0.0000E+00  0.1035E-37
    0.7400000E+02   0.0000E+00  0.0000E+00  0.0000E+00  0.1035E-37
    0.7500000E+02   0.0000E+00  0.0000E+00  0.0000E+00  0.1035E-37
    0.7600000E+02   0.0000E+00  0.0000E+00  0.0000E+00  0.1035E-37
    0.7700000E+02   0.0000E+00  0.0000E+00  0.0000E+00  0.1035E-37
    0.7800000E+02   0.0000E+00  0.0000E+00  0.0000E+00  0.1035E-37
    0.7801000E+02   0.0000E+00  0.0000E+00  0.0000E+00  0.1035E-37
    0.7802000E+02   0.0000E+00  0.0000E+00  0.0000E+00  0.1035E-37
    0.7803300E+02   0.0000E+00  0.0000E+00  0.0000E+00  0.1035E-37
    0.7804990E+02   0.0000E+00  0.0000E+00  0.0000E+00  0.1035E-37
    0.7807187E+02   0.0000E+00  0.0000E+00  0.0000E+00  0.1035E-37
    0.7810043E+02   0.0000E+00  0.0000E+00  0.0000E+00  0.1035E-37
    0.7813756E+02   0.0000E+00  0.0000E+00  0.0000E+00  0.1035E-37
    0.7817469E+02   0.0000E+00  0.0000E+00  0.0000E+00  0.1035E-37
    0.7822296E+02   0.0000E+00  0.0000E+00  0.0000E+00  0.1035E-37
    0.7828571E+02   0.0000E+00  0.0000E+00  0.0000E+00  0.1035E-37
    0.7836507E+02   0.0000E+00  0.0000E+00  0.0000E+00  0.1035E-37
    0.7844444E+02   0.0000E+00  0.0000E+00  0.0000E+00  0.1035E-37
    0.7855555E+02   0.0000E+00  0.0000E+00  0.0000E+00  0.1035E-37
    0.7866666E+02   0.0000E+00  0.0000E+00  0.0000E+00  0.1035E-37
    0.7883333E+02   0.0000E+00  0.0000E+00  0.0000E+00  0.1035E-37
    0.7900000E+02   0.0000E+00  0.0000E+00  0.0000E+00  0.1035E-37
    0.7914286E+02   0.7200E-03  0.0000E+00  0.0000E+00  0.1035E-37
    0.7928571E+02   0.7200E-03  0.0000E+00  0.0000E+00  0.1035E-37
    0.7946429E+02   0.7200E-03  0.0000E+00  0.0000E+00  0.1035E-37
    0.7973214E+02   0.7200E-03  0.0000E+00  0.0000E+00  0.1035E-37
    0.8000000E+02   0.7200E-03  0.0000E+00  0.0000E+00  0.1035E-37
    0.8033333E+02   0.7200E-03  0.0000E+00  0.0000E+00  0.1035E-37
    0.8066667E+02   0.7200E-03  0.0000E+00  0.0000E+00  0.1035E-37
    0.8100000E+02   0.7200E-03  0.0000E+00  0.0000E+00  0.1035E-37
    0.8150000E+02   0.7200E-03  0.0000E+00  0.0000E+00  0.1035E-37
    0.8200000E+02   0.7200E-03  0.0000E+00  0.0000E+00  0.1035E-37
    0.8250000E+02   0.7200E-03  0.0000E+00  0.0000E+00  0.1035E-37
    0.8300000E+02   0.7200E-03  0.0000E+00  0.0000E+00  0.1035E-37
    0.8400000E+02   0.7200E-03  0.0000E+00  0.0000E+00  0.1035E-37
    0.8500000E+02   0.7200E-03  0.0000E+00  0.0000E+00  0.1035E-37
    0.8600000E+02   0.7200E-03  0.0000E+00  0.0000E+00  0.1035E-37
    0.8700000E+02   0.7200E-03  0.0000E+00  0.0000E+00  0.1035E-37
    0.8800000E+02   0.7200E-03  0.0000E+00  0.0000E+00  0.1035E-37
    0.8900000E+02   0.7200E-03  0.0000E+00  0.0000E+00  0.1035E-37
    0.9000000E+02   0.7200E-03  0.0000E+00  0.0000E+00  0.1035E-37
    0.9100000E+02   0.0000E+00  0.0000E+00  0.0000E+00  0.1035E-37
    0.9200000E+02   0.0000E+00  0.0000E+00  0.0000E+00  0.1035E-37
    0.9300000E+02   0.0000E+00  0.0000E+00  0.0000E+00  0.1035E-37
    0.9400000E+02   0.0000E+00  0.0000E+00  0.0000E+00  0.1035E-37
    0.9500000E+02   0.0000E+00  0.0000E+00  0.0000E+00  0.1035E-37
    0.9600000E+02   0.0000E+00  0.0000E+00  0.0000E+00  0.1035E-37
    0.9700000E+02   0.0000E+00  0.0000E+00  0.0000E+00  0.1035E-37
    0.9800000E+02   0.0000E+00  0.0000E+00  0.0000E+00  0.1035E-37
    0.9900000E+02   0.0000E+00  0.0000E+00  0.0000E+00  0.1035E-37
    0.1000000E+03   0.0000E+00  0.0000E+00  0.0000E+00  0.1035E-37
    0.1010000E+03   0.0000E+00  0.0000E+00  0.0000E+00  0.1035E-37
    0.1020000E+03   0.0000E+00  0.0000E+00  0.0000E+00  0.1035E-37
    0.1020100E+03   0.0000E+00  0.0000E+00  0.0000E+00  0.1035E-37
    0.1020200E+03   0.0000E+00  0.0000E+00  0.0000E+00  0.1035E-37
    0.1020330E+03   0.0000E+00  0.0000E+00  0.0000E+00  0.1035E-37
    0.1020499E+03   0.0000E+00  0.0000E+00  0.0000E+00  0.1035E-37
    0.1020719E+03   0.0000E+00  0.0000E+00  0.0000E+00  0.1035E-37
    0.1021004E+03   0.0000E+00  0.0000E+00  0.0000E+00  0.1035E-37
    0.1021376E+03   0.0000E+00  0.0000E+00  0.0000E+00  0.1035E-37
    0.1021747E+03   0.0000E+00  0.0000E+00  0.0000E+00  0.1035E-37
    0.1022230E+03   0.0000E+00  0.0000E+00  0.0000E+00  0.1035E-37
    0.1022857E+03   0.0000E+00  0.0000E+00  0.0000E+00  0.1035E-37
    0.1023651E+03   0.0000E+00  0.0000E+00  0.0000E+00  0.1035E-37
    0.1024444E+03   0.0000E+00  0.0000E+00  0.0000E+00  0.1035E-37
    0.1025556E+03   0.0000E+00  0.0000E+00  0.0000E+00  0.1035E-37
    0.1026667E+03   0.0000E+00  0.0000E+00  0.0000E+00  0.1035E-37
    0.1028333E+03   0.0000E+00  0.0000E+00  0.0000E+00  0.1035E-37
    0.1030000E+03   0.0000E+00  0.0000E+00  0.0000E+00  0.1035E-37
    0.1031429E+03   0.7200E-03  0.0000E+00  0.0000E+00  0.1035E-37
    0.1032857E+03   0.7200E-03  0.0000E+00  0.0000E+00  0.1035E-37
    0.1034643E+03   0.7200E-03  0.0000E+00  0.0000E+00  0.1035E-37
    0.1037321E+03   0.7200E-03  0.0000E+00  0.0000E+00  0.1035E-37
    0.1040000E+03   0.7200E-03  0.0000E+00  0.0000E+00  0.1035E-37
    0.1043333E+03   0.7200E-03  0.0000E+00  0.0000E+00  0.1035E-37
    0.1046667E+03   0.7200E-03  0.0000E+00  0.0000E+00  0.1035E-37
    0.1050000E+03   0.7200E-03  0.0000E+00  0.0000E+00  0.1035E-37
    0.1055000E+03   0.7200E-03  0.0000E+00  0.0000E+00  0.1035E-37
    0.1060000E+03   0.7200E-03  0.0000E+00  0.0000E+00  0.1035E-37
    0.1065000E+03   0.7200E-03  0.0000E+00  0.0000E+00  0.1035E-37
    0.1070000E+03   0.7200E-03  0.0000E+00  0.0000E+00  0.1035E-37
    0.1080000E+03   0.7200E-03  0.0000E+00  0.0000E+00  0.1035E-37
    0.1090000E+03   0.7200E-03  0.0000E+00  0.0000E+00  0.1035E-37
    0.1100000E+03   0.7200E-03  0.0000E+00  0.0000E+00  0.1035E-37
    0.1110000E+03   0.7200E-03  0.0000E+00  0.0000E+00  0.1035E-37
    0.1120000E+03   0.7200E-03  0.0000E+00  0.0000E+00  0.1035E-37
    0.1130000E+03   0.7200E-03  0.0000E+00  0.0000E+00  0.1035E-37
    0.1140000E+03   0.7200E-03  0.0000E+00  0.0000E+00  0.1035E-37
    0.1150000E+03   0.0000E+00  0.0000E+00  0.0000E+00  0.1035E-37
    0.1160000E+03   0.0000E+00  0.0000E+00  0.0000E+00  0.1035E-37
    0.1170000E+03   0.0000E+00  0.0000E+00  0.0000E+00  0.1035E-37
    0.1180000E+03   0.0000E+00  0.0000E+00  0.0000E+00  0.1035E-37
    0.1190000E+03   0.0000E+00  0.0000E+00  0.0000E+00  0.1035E-37
    0.1200000E+03   0.0000E+00  0.0000E+00  0.0000E+00  0.1035E-37
    0.1210000E+03   0.0000E+00  0.0000E+00  0.0000E+00  0.1035E-37
    0.1220000E+03   0.0000E+00  0.0000E+00  0.0000E+00  0.1035E-37
    0.1230000E+03   0.0000E+00  0.0000E+00  0.0000E+00  0.1035E-37
    0.1240000E+03   0.0000E+00  0.0000E+00  0.0000E+00  0.1035E-37
    0.1250000E+03   0.0000E+00  0.0000E+00  0.0000E+00  0.1035E-37
    0.1260000E+03   0.0000E+00  0.0000E+00  0.0000E+00  0.1035E-37
    0.1260100E+03   0.0000E+00  0.0000E+00  0.0000E+00  0.1035E-37
    0.1260200E+03   0.0000E+00  0.0000E+00  0.0000E+00  0.1035E-37
    0.1260330E+03   0.0000E+00  0.0000E+00  0.0000E+00  0.1035E-37
    0.1260499E+03   0.0000E+00  0.0000E+00  0.0000E+00  0.1035E-37
    0.1260719E+03   0.0000E+00  0.0000E+00  0.0000E+00  0.1035E-37
    0.1261004E+03   0.0000E+00  0.0000E+00  0.0000E+00  0.1035E-37
    0.1261376E+03   0.0000E+00  0.0000E+00  0.0000E+00  0.1035E-37
    0.1261747E+03   0.0000E+00  0.0000E+00  0.0000E+00  0.1035E-37
    0.1262230E+03   0.0000E+00  0.0000E+00  0.0000E+00  0.1035E-37
    0.1262857E+03   0.0000E+00  0.0000E+00  0.0000E+00  0.1035E-37
    0.1263651E+03   0.0000E+00  0.0000E+00  0.0000E+00  0.1035E-37
    0.1264444E+03   0.0000E+00  0.0000E+00  0.0000E+00  0.1035E-37
    0.1265556E+03   0.0000E+00  0.0000E+00  0.0000E+00  0.1035E-37
    0.1266667E+03   0.0000E+00  0.0000E+00  0.0000E+00  0.1035E-37
    0.1268333E+03   0.0000E+00  0.0000E+00  0.0000E+00  0.1035E-37
    0.1270000E+03   0.0000E+00  0.0000E+00  0.0000E+00  0.1035E-37
    0.1271429E+03   0.7200E-03  0.0000E+00  0.0000E+00  0.1035E-37
    0.1272857E+03   0.7200E-03  0.0000E+00  0.0000E+00  0.1035E-37
    0.1274643E+03   0.7200E-03  0.0000E+00  0.0000E+00  0.1035E-37
    0.1277321E+03   0.7200E-03  0.0000E+00  0.0000E+00  0.1035E-37
    0.1280000E+03   0.7200E-03  0.0000E+00  0.0000E+00  0.1035E-37
    0.1283333E+03   0.7200E-03  0.0000E+00  0.0000E+00  0.1035E-37
    0.1286667E+03   0.7200E-03  0.0000E+00  0.0000E+00  0.1035E-37
    0.1290000E+03   0.7200E-03  0.0000E+00  0.0000E+00  0.1035E-37
    0.1295000E+03   0.7200E-03  0.0000E+00  0.0000E+00  0.1035E-37
    0.1300000E+03   0.7200E-03  0.0000E+00  0.0000E+00  0.1035E-37
    0.1305000E+03   0.7200E-03  0.0000E+00  0.0000E+00  0.1035E-37
    0.1310000E+03   0.7200E-03  0.0000E+00  0.0000E+00  0.1035E-37
    0.1320000E+03   0.7200E-03  0.0000E+00  0.0000E+00  0.1035E-37
    0.1330000E+03   0.7200E-03  0.0000E+00  0.0000E+00  0.1035E-37
    0.1340000E+03   0.7200E-03  0.0000E+00  0.0000E+00  0.1035E-37
    0.1350000E+03   0.7200E-03  0.0000E+00  0.0000E+00  0.1035E-37
    0.1360000E+03   0.7200E-03  0.0000E+00  0.0000E+00  0.1035E-37
    0.1370000E+03   0.7200E-03  0.0000E+00  0.0000E+00  0.1035E-37
    0.1380000E+03   0.7200E-03  0.0000E+00  0.0000E+00  0.1035E-37
    0.1390000E+03   0.0000E+00  0.0000E+00  0.0000E+00  0.1035E-37
    0.1400000E+03   0.0000E+00  0.0000E+00  0.0000E+00  0.1035E-37
    0.1410000E+03   0.0000E+00  0.0000E+00  0.0000E+00  0.1035E-37
    0.1420000E+03   0.0000E+00  0.0000E+00  0.0000E+00  0.1035E-37
    0.1430000E+03   0.0000E+00  0.0000E+00  0.0000E+00  0.1035E-37
    0.1440000E+03   0.0000E+00  0.0000E+00  0.0000E+00  0.1035E-37
    0.1450000E+03   0.0000E+00  0.0000E+00  0.0000E+00  0.1035E-37
    0.1460000E+03   0.0000E+00  0.0000E+00  0.0000E+00  0.1035E-37
    0.1470000E+03   0.0000E+00  0.0000E+00  0.0000E+00  0.1035E-37
    0.1480000E+03   0.0000E+00  0.0000E+00  0.0000E+00  0.1035E-37
    0.1490000E+03   0.0000E+00  0.0000E+00  0.0000E+00  0.1035E-37
    0.1500000E+03   0.0000E+00  0.0000E+00  0.0000E+00  0.1035E-37
    0.1500100E+03   0.0000E+00  0.0000E+00  0.0000E+00  0.1035E-37
    0.1500200E+03   0.0000E+00  0.0000E+00  0.0000E+00  0.1035E-37
    0.1500330E+03   0.0000E+00  0.0000E+00  0.0000E+00  0.1035E-37
    0.1500499E+03   0.0000E+00  0.0000E+00  0.0000E+00  0.1035E-37
    0.1500719E+03   0.0000E+00  0.0000E+00  0.0000E+00  0.1035E-37
    0.1501004E+03   0.0000E+00  0.0000E+00  0.0000E+00  0.1035E-37
    0.1501376E+03   0.0000E+00  0.0000E+00  0.0000E+00  0.1035E-37
    0.1501747E+03   0.0000E+00  0.0000E+00  0.0000E+00  0.1035E-37
    0.1502230E+03   0.0000E+00  0.0000E+00  0.0000E+00  0.1035E-37
    0.1502857E+03   0.0000E+00  0.0000E+00  0.0000E+00  0.1035E-37
    0.1503651E+03   0.0000E+00  0.0000E+00  0.0000E+00  0.1035E-37
    0.1504444E+03   0.0000E+00  0.0000E+00  0.0000E+00  0.1035E-37
    0.1505556E+03   0.0000E+00  0.0000E+00  0.0000E+00  0.1035E-37
    0.1506667E+03   0.0000E+00  0.0000E+00  0.0000E+00  0.1035E-37
    0.1508333E+03   0.0000E+00  0.0000E+00  0.0000E+00  0.1035E-37
    0.1510000E+03   0.0000E+00  0.0000E+00  0.0000E+00  0.1035E-37
    0.1511429E+03   0.7200E-03  0.0000E+00  0.0000E+00  0.1035E-37
    0.1512857E+03   0.7200E-03  0.0000E+00  0.0000E+00  0.1035E-37
    0.1514643E+03   0.7200E-03  0.0000E+00  0.0000E+00  0.1035E-37
    0.1517321E+03   0.7200E-03  0.0000E+00  0.0000E+00  0.1035E-37
    0.1520000E+03   0.7200E-03  0.0000E+00  0.0000E+00  0.1035E-37
    0.1523333E+03   0.7200E-03  0.0000E+00  0.0000E+00  0.1035E-37
    0.1526667E+03   0.7200E-03  0.0000E+00  0.0000E+00  0.1035E-37
    0.1530000E+03   0.7200E-03  0.0000E+00  0.0000E+00  0.1035E-37
    0.1535000E+03   0.7200E-03  0.0000E+00  0.0000E+00  0.1035E-37
    0.1540000E+03   0.7200E-03  0.0000E+00  0.0000E+00  0.1035E-37
    0.1545000E+03   0.7200E-03  0.0000E+00  0.0000E+00  0.1035E-37
    0.1550000E+03   0.7200E-03  0.0000E+00  0.0000E+00  0.1035E-37
    0.1560000E+03   0.7200E-03  0.0000E+00  0.0000E+00  0.1035E-37
    0.1570000E+03   0.7200E-03  0.0000E+00  0.0000E+00  0.1035E-37
    0.1580000E+03   0.7200E-03  0.0000E+00  0.0000E+00  0.1035E-37
    0.1590000E+03   0.7200E-03  0.0000E+00  0.0000E+00  0.1035E-37
    0.1600000E+03   0.7200E-03  0.0000E+00  0.0000E+00  0.1035E-37
    0.1610000E+03   0.7200E-03  0.0000E+00  0.0000E+00  0.1035E-37
    0.1620000E+03   0.7200E-03  0.0000E+00  0.0000E+00  0.1035E-37
    0.1630000E+03   0.0000E+00  0.0000E+00  0.0000E+00  0.1035E-37
    0.1640000E+03   0.0000E+00  0.0000E+00  0.0000E+00  0.1035E-37
    0.1650000E+03   0.0000E+00  0.0000E+00  0.0000E+00  0.1035E-37
    0.1660000E+03   0.0000E+00  0.0000E+00  0.0000E+00  0.1035E-37
    0.1670000E+03   0.0000E+00  0.0000E+00  0.0000E+00  0.1035E-37
    0.1680000E+03   0.0000E+00  0.0000E+00  0.0000E+00  0.1035E-37
    0.1690000E+03   0.0000E+00  0.0000E+00  0.0000E+00  0.1035E-37
    0.1700000E+03   0.0000E+00  0.0000E+00  0.0000E+00  0.1035E-37
    0.1710000E+03   0.0000E+00  0.0000E+00  0.0000E+00  0.1035E-37
    0.1720000E+03   0.0000E+00  0.0000E+00  0.0000E+00  0.1035E-37
    0.1730000E+03   0.0000E+00  0.0000E+00  0.0000E+00  0.1035E-37
    0.1740000E+03   0.0000E+00  0.0000E+00  0.0000E+00  0.1035E-37
    0.1740100E+03   0.0000E+00  0.0000E+00  0.0000E+00  0.1035E-37
    0.1740200E+03   0.0000E+00  0.0000E+00  0.0000E+00  0.1035E-37
    0.1740330E+03   0.0000E+00  0.0000E+00  0.0000E+00  0.1035E-37
    0.1740499E+03   0.0000E+00  0.0000E+00  0.0000E+00  0.1035E-37
    0.1740719E+03   0.0000E+00  0.0000E+00  0.0000E+00  0.1035E-37
    0.1741004E+03   0.0000E+00  0.0000E+00  0.0000E+00  0.1035E-37
    0.1741376E+03   0.0000E+00  0.0000E+00  0.0000E+00  0.1035E-37
    0.1741747E+03   0.0000E+00  0.0000E+00  0.0000E+00  0.1035E-37
    0.1742230E+03   0.0000E+00  0.0000E+00  0.0000E+00  0.1035E-37
    0.1742857E+03   0.0000E+00  0.0000E+00  0.0000E+00  0.1035E-37
    0.1743651E+03   0.0000E+00  0.0000E+00  0.0000E+00  0.1035E-37
    0.1744444E+03   0.0000E+00  0.0000E+00  0.0000E+00  0.1035E-37
    0.1745556E+03   0.0000E+00  0.0000E+00  0.0000E+00  0.1035E-37
    0.1746667E+03   0.0000E+00  0.0000E+00  0.0000E+00  0.1035E-37
    0.1748333E+03   0.0000E+00  0.0000E+00  0.0000E+00  0.1035E-37
    0.1750000E+03   0.0000E+00  0.0000E+00  0.0000E+00  0.1035E-37
    0.1751429E+03   0.7200E-03  0.0000E+00  0.0000E+00  0.1035E-37
    0.1752857E+03   0.7200E-03  0.0000E+00  0.0000E+00  0.1035E-37
    0.1754643E+03   0.7200E-03  0.0000E+00  0.0000E+00  0.1035E-37
    0.1757321E+03   0.7200E-03  0.0000E+00  0.0000E+00  0.1035E-37
    0.1760000E+03   0.7200E-03  0.0000E+00  0.0000E+00  0.1035E-37
    0.1763333E+03   0.7200E-03  0.0000E+00  0.0000E+00  0.1035E-37
    0.1766667E+03   0.7200E-03  0.0000E+00  0.0000E+00  0.1035E-37
    0.1770000E+03   0.7200E-03  0.0000E+00  0.0000E+00  0.1035E-37
    0.1775000E+03   0.7200E-03  0.0000E+00  0.0000E+00  0.1035E-37
    0.1780000E+03   0.7200E-03  0.0000E+00  0.0000E+00  0.1035E-37
    0.1785000E+03   0.7200E-03  0.0000E+00  0.0000E+00  0.1035E-37
    0.1790000E+03   0.7200E-03  0.0000E+00  0.0000E+00  0.1035E-37
    0.1800000E+03   0.7200E-03  0.0000E+00  0.0000E+00  0.1035E-37
    0.1810000E+03   0.7200E-03  0.0000E+00  0.0000E+00  0.1035E-37
    0.1820000E+03   0.7200E-03  0.0000E+00  0.0000E+00  0.1035E-37
    0.1830000E+03   0.7200E-03  0.0000E+00  0.0000E+00  0.1035E-37
    0.1840000E+03   0.7200E-03  0.0000E+00  0.0000E+00  0.1035E-37
    0.1850000E+03   0.7200E-03  0.0000E+00  0.0000E+00  0.1035E-37
    0.1860000E+03   0.7200E-03  0.0000E+00  0.0000E+00  0.1035E-37
    0.1870000E+03   0.0000E+00  0.0000E+00  0.0000E+00  0.1035E-37
    0.1880000E+03   0.0000E+00  0.0000E+00  0.0000E+00  0.1035E-37
    0.1890000E+03   0.0000E+00  0.0000E+00  0.0000E+00  0.1035E-37
    0.1900000E+03   0.0000E+00  0.0000E+00  0.0000E+00  0.1035E-37
    0.1910000E+03   0.0000E+00  0.0000E+00  0.0000E+00  0.1035E-37
    0.1920000E+03   0.0000E+00  0.0000E+00  0.0000E+00  0.1035E-37
    0.1930000E+03   0.0000E+00  0.0000E+00  0.0000E+00  0.1035E-37
    0.1940000E+03   0.0000E+00  0.0000E+00  0.0000E+00  0.1035E-37
    0.1950000E+03   0.0000E+00  0.0000E+00  0.0000E+00  0.1035E-37
    0.1960000E+03   0.0000E+00  0.0000E+00  0.0000E+00  0.1035E-37
    0.1970000E+03   0.0000E+00  0.0000E+00  0.0000E+00  0.1035E-37
    0.1980000E+03   0.0000E+00  0.0000E+00  0.0000E+00  0.1035E-37
    0.1980100E+03   0.0000E+00  0.0000E+00  0.0000E+00  0.1035E-37
    0.1980200E+03   0.0000E+00  0.0000E+00  0.0000E+00  0.1035E-37
    0.1980330E+03   0.0000E+00  0.0000E+00  0.0000E+00  0.1035E-37
    0.1980499E+03   0.0000E+00  0.0000E+00  0.0000E+00  0.1035E-37
    0.1980719E+03   0.0000E+00  0.0000E+00  0.0000E+00  0.1035E-37
    0.1981004E+03   0.0000E+00  0.0000E+00  0.0000E+00  0.1035E-37
    0.1981376E+03   0.0000E+00  0.0000E+00  0.0000E+00  0.1035E-37
    0.1981747E+03   0.0000E+00  0.0000E+00  0.0000E+00  0.1035E-37
    0.1982230E+03   0.0000E+00  0.0000E+00  0.0000E+00  0.1035E-37
    0.1982857E+03   0.0000E+00  0.0000E+00  0.0000E+00  0.1035E-37
    0.1983651E+03   0.0000E+00  0.0000E+00  0.0000E+00  0.1035E-37
    0.1984444E+03   0.0000E+00  0.0000E+00  0.0000E+00  0.1035E-37
    0.1985556E+03   0.0000E+00  0.0000E+00  0.0000E+00  0.1035E-37
    0.1986667E+03   0.0000E+00  0.0000E+00  0.0000E+00  0.1035E-37
    0.1988333E+03   0.0000E+00  0.0000E+00  0.0000E+00  0.1035E-37
    0.1990000E+03   0.0000E+00  0.0000E+00  0.0000E+00  0.1035E-37
    0.1991429E+03   0.7200E-03  0.0000E+00  0.0000E+00  0.1035E-37
    0.1992857E+03   0.7200E-03  0.0000E+00  0.0000E+00  0.1035E-37
    0.1994643E+03   0.7200E-03  0.0000E+00  0.0000E+00  0.1035E-37
    0.1997321E+03   0.7200E-03  0.0000E+00  0.0000E+00  0.1035E-37
    0.2000000E+03   0.7200E-03  0.0000E+00  0.0000E+00  0.1035E-37
    0.2003333E+03   0.7200E-03  0.0000E+00  0.0000E+00  0.1035E-37
    0.2006667E+03   0.7200E-03  0.0000E+00  0.0000E+00  0.1035E-37
    0.2010000E+03   0.7200E-03  0.0000E+00  0.0000E+00  0.1035E-37
    0.2015000E+03   0.7200E-03  0.0000E+00  0.0000E+00  0.1035E-37
    0.2020000E+03   0.7200E-03  0.0000E+00  0.0000E+00  0.1035E-37
    0.2025000E+03   0.7200E-03  0.0000E+00  0.0000E+00  0.1035E-37
    0.2030000E+03   0.7200E-03  0.0000E+00  0.0000E+00  0.1035E-37
    0.2040000E+03   0.7200E-03  0.0000E+00  0.0000E+00  0.1035E-37
    0.2050000E+03   0.7200E-03  0.0000E+00  0.0000E+00  0.1035E-37
    0.2060000E+03   0.7200E-03  0.0000E+00  0.0000E+00  0.1035E-37
    0.2070000E+03   0.7200E-03  0.0000E+00  0.0000E+00  0.1035E-37
    0.2080000E+03   0.7200E-03  0.0000E+00  0.0000E+00  0.1035E-37
    0.2090000E+03   0.7200E-03  0.0000E+00  0.0000E+00  0.1035E-37
    0.2100000E+03   0.7200E-03  0.0000E+00  0.0000E+00  0.1035E-37
    0.2110000E+03   0.0000E+00  0.0000E+00  0.0000E+00  0.1035E-37
    0.2120000E+03   0.0000E+00  0.0000E+00  0.0000E+00  0.1035E-37
    0.2130000E+03   0.0000E+00  0.0000E+00  0.0000E+00  0.1035E-37
    0.2140000E+03   0.0000E+00  0.0000E+00  0.0000E+00  0.1035E-37
    0.2150000E+03   0.0000E+00  0.0000E+00  0.0000E+00  0.1035E-37
    0.2160000E+03   0.0000E+00  0.0000E+00  0.0000E+00  0.1035E-37
    0.2170000E+03   0.0000E+00  0.0000E+00  0.0000E+00  0.1035E-37
    0.2180000E+03   0.0000E+00  0.0000E+00  0.0000E+00  0.1035E-37
    0.2190000E+03   0.0000E+00  0.0000E+00  0.0000E+00  0.1035E-37
    0.2200000E+03   0.0000E+00  0.0000E+00  0.0000E+00  0.1035E-37
    0.2210000E+03   0.0000E+00  0.0000E+00  0.0000E+00  0.1035E-37
    0.2220000E+03   0.0000E+00  0.0000E+00  0.0000E+00  0.1035E-37
    0.2220100E+03   0.0000E+00  0.0000E+00  0.0000E+00  0.1035E-37
    0.2220200E+03   0.0000E+00  0.0000E+00  0.0000E+00  0.1035E-37
    0.2220330E+03   0.0000E+00  0.0000E+00  0.0000E+00  0.1035E-37
    0.2220499E+03   0.0000E+00  0.0000E+00  0.0000E+00  0.1035E-37
    0.2220719E+03   0.0000E+00  0.0000E+00  0.0000E+00  0.1035E-37
    0.2221004E+03   0.0000E+00  0.0000E+00  0.0000E+00  0.1035E-37
    0.2221376E+03   0.0000E+00  0.0000E+00  0.0000E+00  0.1035E-37
    0.2221747E+03   0.0000E+00  0.0000E+00  0.0000E+00  0.1035E-37
    0.2222230E+03   0.0000E+00  0.0000E+00  0.0000E+00  0.1035E-37
    0.2222857E+03   0.0000E+00  0.0000E+00  0.0000E+00  0.1035E-37
    0.2223651E+03   0.0000E+00  0.0000E+00  0.0000E+00  0.1035E-37
    0.2224444E+03   0.0000E+00  0.0000E+00  0.0000E+00  0.1035E-37
    0.2225556E+03   0.0000E+00  0.0000E+00  0.0000E+00  0.1035E-37
    0.2226667E+03   0.0000E+00  0.0000E+00  0.0000E+00  0.1035E-37
    0.2228333E+03   0.0000E+00  0.0000E+00  0.0000E+00  0.1035E-37
    0.2230000E+03   0.0000E+00  0.0000E+00  0.0000E+00  0.1035E-37
    0.2231429E+03   0.7200E-03  0.0000E+00  0.0000E+00  0.1035E-37
    0.2232857E+03   0.7200E-03  0.0000E+00  0.0000E+00  0.1035E-37
    0.2234643E+03   0.7200E-03  0.0000E+00  0.0000E+00  0.1035E-37
    0.2237321E+03   0.7200E-03  0.0000E+00  0.0000E+00  0.1035E-37
    0.2240000E+03   0.7200E-03  0.0000E+00  0.0000E+00  0.1035E-37
    0.2243333E+03   0.7200E-03  0.0000E+00  0.0000E+00  0.1035E-37
    0.2246667E+03   0.7200E-03  0.0000E+00  0.0000E+00  0.1035E-37
    0.2250000E+03   0.7200E-03  0.0000E+00  0.0000E+00  0.1035E-37
    0.2255000E+03   0.7200E-03  0.0000E+00  0.0000E+00  0.1035E-37
    0.2260000E+03   0.7200E-03  0.0000E+00  0.0000E+00  0.1035E-37
    0.2265000E+03   0.7200E-03  0.0000E+00  0.0000E+00  0.1035E-37
    0.2270000E+03   0.7200E-03  0.0000E+00  0.0000E+00  0.1035E-37
    0.2280000E+03   0.7200E-03  0.0000E+00  0.0000E+00  0.1035E-37
    0.2290000E+03   0.7200E-03  0.0000E+00  0.0000E+00  0.1035E-37
    0.2300000E+03   0.7200E-03  0.0000E+00  0.0000E+00  0.1035E-37
    0.2310000E+03   0.7200E-03  0.0000E+00  0.0000E+00  0.1035E-37
    0.2320000E+03   0.7200E-03  0.0000E+00  0.0000E+00  0.1035E-37
    0.2330000E+03   0.7200E-03  0.0000E+00  0.0000E+00  0.1035E-37
    0.2340000E+03   0.7200E-03  0.0000E+00  0.0000E+00  0.1035E-37
    0.2350000E+03   0.0000E+00  0.0000E+00  0.0000E+00  0.1035E-37
    0.2360000E+03   0.0000E+00  0.0000E+00  0.0000E+00  0.1035E-37
    0.2370000E+03   0.0000E+00  0.0000E+00  0.0000E+00  0.1035E-37
    0.2380000E+03   0.0000E+00  0.0000E+00  0.0000E+00  0.1035E-37
    0.2390000E+03   0.0000E+00  0.0000E+00  0.0000E+00  0.1035E-37
    0.2400000E+03   0.0000E+00  0.0000E+00  0.0000E+00  0.1035E-37
    0.2410000E+03   0.0000E+00  0.0000E+00  0.0000E+00  0.1035E-37
    0.2420000E+03   0.0000E+00  0.0000E+00  0.0000E+00  0.1035E-37
    0.2430000E+03   0.0000E+00  0.0000E+00  0.0000E+00  0.1035E-37
    0.2440000E+03   0.0000E+00  0.0000E+00  0.0000E+00  0.1035E-37
    0.2450000E+03   0.0000E+00  0.0000E+00  0.0000E+00  0.1035E-37
    0.2460000E+03   0.0000E+00  0.0000E+00  0.0000E+00  0.1035E-37
    0.2460100E+03   0.0000E+00  0.0000E+00  0.0000E+00  0.1035E-37
    0.2460200E+03   0.0000E+00  0.0000E+00  0.0000E+00  0.1035E-37
    0.2460330E+03   0.0000E+00  0.0000E+00  0.0000E+00  0.1035E-37
    0.2460499E+03   0.0000E+00  0.0000E+00  0.0000E+00  0.1035E-37
    0.2460719E+03   0.0000E+00  0.0000E+00  0.0000E+00  0.1035E-37
    0.2461004E+03   0.0000E+00  0.0000E+00  0.0000E+00  0.1035E-37
    0.2461376E+03   0.0000E+00  0.0000E+00  0.0000E+00  0.1035E-37
    0.2461747E+03   0.0000E+00  0.0000E+00  0.0000E+00  0.1035E-37
    0.2462230E+03   0.0000E+00  0.0000E+00  0.0000E+00  0.1035E-37
    0.2462857E+03   0.0000E+00  0.0000E+00  0.0000E+00  0.1035E-37
    0.2463651E+03   0.0000E+00  0.0000E+00  0.0000E+00  0.1035E-37
    0.2464444E+03   0.0000E+00  0.0000E+00  0.0000E+00  0.1035E-37
    0.2465556E+03   0.0000E+00  0.0000E+00  0.0000E+00  0.1035E-37
    0.2466667E+03   0.0000E+00  0.0000E+00  0.0000E+00  0.1035E-37
    0.2468333E+03   0.0000E+00  0.0000E+00  0.0000E+00  0.1035E-37
    0.2470000E+03   0.0000E+00  0.0000E+00  0.0000E+00  0.1035E-37
    0.2471429E+03   0.7200E-03  0.0000E+00  0.0000E+00  0.1035E-37
    0.2472857E+03   0.7200E-03  0.0000E+00  0.0000E+00  0.1035E-37
    0.2474643E+03   0.7200E-03  0.0000E+00  0.0000E+00  0.1035E-37
    0.2477321E+03   0.7200E-03  0.0000E+00  0.0000E+00  0.1035E-37
    0.2480000E+03   0.7200E-03  0.0000E+00  0.0000E+00  0.1035E-37
    0.2483333E+03   0.7200E-03  0.0000E+00  0.0000E+00  0.1035E-37
    0.2486667E+03   0.7200E-03  0.0000E+00  0.0000E+00  0.1035E-37
    0.2490000E+03   0.7200E-03  0.0000E+00  0.0000E+00  0.1035E-37
    0.2495000E+03   0.7200E-03  0.0000E+00  0.0000E+00  0.1035E-37
    0.2500000E+03   0.7200E-03  0.0000E+00  0.0000E+00  0.1035E-37
    0.2505000E+03   0.7200E-03  0.0000E+00  0.0000E+00  0.1035E-37
    0.2510000E+03   0.7200E-03  0.0000E+00  0.0000E+00  0.1035E-37
    0.2520000E+03   0.7200E-03  0.0000E+00  0.0000E+00  0.1035E-37
    0.2530000E+03   0.7200E-03  0.0000E+00  0.0000E+00  0.1035E-37
    0.2540000E+03   0.7200E-03  0.0000E+00  0.0000E+00  0.1035E-37
    0.2550000E+03   0.7200E-03  0.0000E+00  0.0000E+00  0.1035E-37
    0.2560000E+03   0.7200E-03  0.0000E+00  0.0000E+00  0.1035E-37
    0.2570000E+03   0.7200E-03  0.0000E+00  0.0000E+00  0.1035E-37
    0.2580000E+03   0.7200E-03  0.0000E+00  0.0000E+00  0.1035E-37
    0.2590000E+03   0.0000E+00  0.0000E+00  0.0000E+00  0.1035E-37
    0.2600000E+03   0.0000E+00  0.0000E+00  0.0000E+00  0.1035E-37
    0.2610000E+03   0.0000E+00  0.0000E+00  0.0000E+00  0.1035E-37
    0.2620000E+03   0.0000E+00  0.0000E+00  0.0000E+00  0.1035E-37
    0.2630000E+03   0.0000E+00  0.0000E+00  0.0000E+00  0.1035E-37
    0.2640000E+03   0.0000E+00  0.0000E+00  0.0000E+00  0.1035E-37
    0.2650000E+03   0.0000E+00  0.0000E+00  0.0000E+00  0.1035E-37
    0.2660000E+03   0.0000E+00  0.0000E+00  0.0000E+00  0.1035E-37
    0.2670000E+03   0.0000E+00  0.0000E+00  0.0000E+00  0.1035E-37
    0.2680000E+03   0.0000E+00  0.0000E+00  0.0000E+00  0.1035E-37
    0.2690000E+03   0.0000E+00  0.0000E+00  0.0000E+00  0.1035E-37
    0.2700000E+03   0.0000E+00  0.0000E+00  0.0000E+00  0.1035E-37
    0.2700100E+03   0.0000E+00  0.0000E+00  0.0000E+00  0.1035E-37
    0.2700200E+03   0.0000E+00  0.0000E+00  0.0000E+00  0.1035E-37
    0.2700330E+03   0.0000E+00  0.0000E+00  0.0000E+00  0.1035E-37
    0.2700499E+03   0.0000E+00  0.0000E+00  0.0000E+00  0.1035E-37
    0.2700719E+03   0.0000E+00  0.0000E+00  0.0000E+00  0.1035E-37
    0.2701004E+03   0.0000E+00  0.0000E+00  0.0000E+00  0.1035E-37
    0.2701376E+03   0.0000E+00  0.0000E+00  0.0000E+00  0.1035E-37
    0.2701747E+03   0.0000E+00  0.0000E+00  0.0000E+00  0.1035E-37
    0.2702230E+03   0.0000E+00  0.0000E+00  0.0000E+00  0.1035E-37
    0.2702857E+03   0.0000E+00  0.0000E+00  0.0000E+00  0.1035E-37
    0.2703651E+03   0.0000E+00  0.0000E+00  0.0000E+00  0.1035E-37
    0.2704444E+03   0.0000E+00  0.0000E+00  0.0000E+00  0.1035E-37
    0.2705556E+03   0.0000E+00  0.0000E+00  0.0000E+00  0.1035E-37
    0.2706667E+03   0.0000E+00  0.0000E+00  0.0000E+00  0.1035E-37
    0.2708333E+03   0.0000E+00  0.0000E+00  0.0000E+00  0.1035E-37
    0.2710000E+03   0.0000E+00  0.0000E+00  0.0000E+00  0.1035E-37
    0.2711429E+03   0.7200E-03  0.0000E+00  0.0000E+00  0.1035E-37
    0.2712857E+03   0.7200E-03  0.0000E+00  0.0000E+00  0.1035E-37
    0.2714643E+03   0.7200E-03  0.0000E+00  0.0000E+00  0.1035E-37
    0.2717321E+03   0.7200E-03  0.0000E+00  0.0000E+00  0.1035E-37
    0.2720000E+03   0.7200E-03  0.0000E+00  0.0000E+00  0.1035E-37
    0.2723333E+03   0.7200E-03  0.0000E+00  0.0000E+00  0.1035E-37
    0.2726667E+03   0.7200E-03  0.0000E+00  0.0000E+00  0.1035E-37
    0.2730000E+03   0.7200E-03  0.0000E+00  0.0000E+00  0.1035E-37
    0.2735000E+03   0.7200E-03  0.0000E+00  0.0000E+00  0.1035E-37
    0.2740000E+03   0.7200E-03  0.0000E+00  0.0000E+00  0.1035E-37
    0.2745000E+03   0.7200E-03  0.0000E+00  0.0000E+00  0.1035E-37
    0.2750000E+03   0.7200E-03  0.0000E+00  0.0000E+00  0.1035E-37
    0.2760000E+03   0.7200E-03  0.0000E+00  0.0000E+00  0.1035E-37
    0.2770000E+03   0.7200E-03  0.0000E+00  0.0000E+00  0.1035E-37
    0.2780000E+03   0.7200E-03  0.0000E+00  0.0000E+00  0.1035E-37
    0.2790000E+03   0.7200E-03  0.0000E+00  0.0000E+00  0.1035E-37
    0.2800000E+03   0.7200E-03  0.0000E+00  0.0000E+00  0.1035E-37
    0.2810000E+03   0.7200E-03  0.0000E+00  0.0000E+00  0.1035E-37
    0.2820000E+03   0.7200E-03  0.0000E+00  0.0000E+00  0.1035E-37
    0.2830000E+03   0.0000E+00  0.0000E+00  0.0000E+00  0.1035E-37
    0.2840000E+03   0.0000E+00  0.0000E+00  0.0000E+00  0.1035E-37
    0.2850000E+03   0.0000E+00  0.0000E+00  0.0000E+00  0.1035E-37
    0.2860000E+03   0.0000E+00  0.0000E+00  0.0000E+00  0.1035E-37
    0.2870000E+03   0.0000E+00  0.0000E+00  0.0000E+00  0.1035E-37
    0.2880000E+03   0.0000E+00  0.0000E+00  0.0000E+00  0.1035E-37
