 All solute fluxes and cumulative solute fluxes are positive into the region

       Time         cvTop        cvBot      Sum(cvTop)   Sum(cvBot)     cvCh0        cvCh1         cTop        cRoot         cBot        cvRoot    Sum(cvRoot)  Sum(cvNEql) TLevel      cGWL        cRunOff   Sum(cRunOff)    (cv(i),    Sum(cv(i)), i=1,NObs)
        [T]        [M/L2/T]     [M/L2/T]      [M/L2]       [M/L2]       [M/L2]      [M/L2]        [M/L3]      [M/L3]        [M/L3]      [M/L2/T]      [M/L2]       [M/L2]              [M/L3]        [M/L2]      [M/L3]      [M/L2/T]      [M/L2]
        1.0000 -0.00000E+00 -0.41161E+00  0.00000E+00 -0.56840E+00  0.00000E+00  0.00000E+00  0.60635E+02  0.42738E+02  0.41209E+02  0.00000E+00  0.00000E+00  0.00000E+00      14  0.00000E+00  0.00000E+00  0.00000E+00
        2.0000 -0.00000E+00 -0.28651E+00  0.00000E+00 -0.88968E+00  0.00000E+00  0.00000E+00  0.60624E+02  0.42738E+02  0.41212E+02  0.00000E+00  0.00000E+00  0.00000E+00      17  0.00000E+00  0.00000E+00  0.00000E+00
        3.0000 -0.00000E+00 -0.22758E+00  0.00000E+00 -0.11272E+01  0.00000E+00  0.00000E+00  0.60600E+02  0.42739E+02  0.41212E+02  0.00000E+00  0.00000E+00  0.00000E+00      19  0.00000E+00  0.00000E+00  0.00000E+00
        4.0000 -0.00000E+00 -0.17756E+00  0.00000E+00 -0.13151E+01  0.00000E+00  0.00000E+00  0.60560E+02  0.42741E+02  0.41212E+02  0.00000E+00  0.00000E+00  0.00000E+00      21  0.00000E+00  0.00000E+00  0.00000E+00
        5.0000 -0.00000E+00 -0.15518E+00  0.00000E+00 -0.14703E+01  0.00000E+00  0.00000E+00  0.60513E+02  0.42742E+02  0.41211E+02  0.00000E+00  0.00000E+00  0.00000E+00      22  0.00000E+00  0.00000E+00  0.00000E+00
        6.0000 -0.00000E+00 -0.13129E+00  0.00000E+00 -0.16016E+01  0.00000E+00  0.00000E+00  0.60463E+02  0.42744E+02  0.41210E+02  0.00000E+00  0.00000E+00  0.00000E+00      23  0.00000E+00  0.00000E+00  0.00000E+00
        7.0000  0.53663E+02 -0.10346E+00  0.53394E+02 -0.17125E+01  0.00000E+00  0.00000E+00  0.40246E+02  0.40366E+02  0.41209E+02  0.00000E+00  0.00000E+00  0.00000E+00      55  0.00000E+00  0.00000E+00  0.00000E+00
        8.0000 -0.00000E+00 -0.14994E+01  0.53394E+02 -0.22051E+01  0.00000E+00  0.00000E+00  0.40822E+02  0.40481E+02  0.41207E+02  0.32094E+00  0.23182E+00  0.00000E+00      65  0.00000E+00  0.00000E+00  0.00000E+00
        9.0000 -0.00000E+00 -0.68915E+01  0.53394E+02 -0.71631E+01  0.00000E+00  0.00000E+00  0.44898E+02  0.40320E+02  0.41175E+02  0.32213E+00  0.55357E+00  0.00000E+00      69  0.00000E+00  0.00000E+00  0.00000E+00
       10.0000 -0.00000E+00 -0.83212E+01  0.53394E+02 -0.15351E+02  0.00000E+00  0.00000E+00  0.47888E+02  0.40294E+02  0.41127E+02  0.32436E+00  0.87702E+00  0.00000E+00      72  0.00000E+00  0.00000E+00  0.00000E+00
       11.0000 -0.00000E+00 -0.71361E+01  0.53394E+02 -0.22857E+02  0.00000E+00  0.00000E+00  0.50170E+02  0.40400E+02  0.41104E+02  0.32700E+00  0.12032E+01  0.00000E+00      74  0.00000E+00  0.00000E+00  0.00000E+00
       12.0000 -0.00000E+00 -0.56038E+01  0.53394E+02 -0.28834E+02  0.00000E+00  0.00000E+00  0.52204E+02  0.40581E+02  0.41102E+02  0.33052E+00  0.15328E+01  0.00000E+00      76  0.00000E+00  0.00000E+00  0.00000E+00
       13.0000 -0.00000E+00 -0.46869E+01  0.53394E+02 -0.33521E+02  0.00000E+00  0.00000E+00  0.54146E+02  0.40692E+02  0.41106E+02  0.33247E+00  0.18653E+01  0.00000E+00      77  0.00000E+00  0.00000E+00  0.00000E+00
       14.0000 -0.00000E+00 -0.36873E+01  0.53394E+02 -0.37208E+02  0.00000E+00  0.00000E+00  0.55719E+02  0.40871E+02  0.41109E+02  0.33622E+00  0.22015E+01  0.00000E+00      78  0.00000E+00  0.00000E+00  0.00000E+00
       15.0000 -0.00000E+00 -0.29124E+01  0.53394E+02 -0.40121E+02  0.00000E+00  0.00000E+00  0.57410E+02  0.41108E+02  0.41111E+02  0.34037E+00  0.25419E+01  0.00000E+00      79  0.00000E+00  0.00000E+00  0.00000E+00
       16.0000 -0.00000E+00 -0.23143E+01  0.53394E+02 -0.42435E+02  0.00000E+00  0.00000E+00  0.59024E+02  0.41399E+02  0.41111E+02  0.34477E+00  0.28867E+01  0.00000E+00      80  0.00000E+00  0.00000E+00  0.00000E+00
       17.0000 -0.00000E+00 -0.18446E+01  0.53394E+02 -0.44280E+02  0.00000E+00  0.00000E+00  0.60577E+02  0.41711E+02  0.41110E+02  0.34936E+00  0.32360E+01  0.00000E+00      81  0.00000E+00  0.00000E+00  0.00000E+00
       18.0000 -0.00000E+00 -0.14720E+01  0.53394E+02 -0.45752E+02  0.00000E+00  0.00000E+00  0.62006E+02  0.42045E+02  0.41109E+02  0.35416E+00  0.35902E+01  0.00000E+00      82  0.00000E+00  0.00000E+00  0.00000E+00
       19.0000 -0.00000E+00 -0.11741E+01  0.53394E+02 -0.46926E+02  0.00000E+00  0.00000E+00  0.60730E+02  0.42395E+02  0.41108E+02  0.00000E+00  0.35902E+01  0.00000E+00      83  0.00000E+00  0.00000E+00  0.00000E+00
       20.0000 -0.00000E+00 -0.93790E+00  0.53394E+02 -0.47864E+02  0.00000E+00  0.00000E+00  0.60119E+02  0.42541E+02  0.41107E+02  0.00000E+00  0.35902E+01  0.00000E+00      84  0.00000E+00  0.00000E+00  0.00000E+00
       21.0000 -0.00000E+00 -0.75141E+00  0.53394E+02 -0.48615E+02  0.00000E+00  0.00000E+00  0.59977E+02  0.42493E+02  0.41105E+02  0.00000E+00  0.35902E+01  0.00000E+00      85  0.00000E+00  0.00000E+00  0.00000E+00
       22.0000 -0.00000E+00 -0.60262E+00  0.53394E+02 -0.49218E+02  0.00000E+00  0.00000E+00  0.59880E+02  0.42467E+02  0.41104E+02  0.00000E+00  0.35902E+01  0.00000E+00      86  0.00000E+00  0.00000E+00  0.00000E+00
       23.0000 -0.00000E+00 -0.48679E+00  0.53394E+02 -0.49704E+02  0.00000E+00  0.00000E+00  0.59861E+02  0.42453E+02  0.41103E+02  0.00000E+00  0.35902E+01  0.00000E+00      87  0.00000E+00  0.00000E+00  0.00000E+00
       24.0000 -0.00000E+00 -0.39687E+00  0.53394E+02 -0.50101E+02  0.00000E+00  0.00000E+00  0.59857E+02  0.42446E+02  0.41103E+02  0.00000E+00  0.35902E+01  0.00000E+00      88  0.00000E+00  0.00000E+00  0.00000E+00
end
